Log file open, 08/17/17 18:14:18
LogInit:Display: Running engine for game: KoopySandwich
LogPlatformFile: Not using cached read wrapper
LogInit:Display: RandInit(-1393790203) SRandInit(-1393790202).
LogTaskGraph: Started task graph with 5 named threads and 8 total threads with 1 sets of task threads.
LogStats: Stats thread started at 0.121942
LogPluginManager: Loaded Plugin Paper2D, From C:/Program Files/Epic Games/UE_4.14/Engine/Plugins/2D/Paper2D/Paper2D.uplugin
LogPluginManager: Loaded Plugin LightPropagationVolume, From C:/Program Files/Epic Games/UE_4.14/Engine/Plugins/Blendables/LightPropagationVolume/LightPropagationVolume.uplugin
LogPluginManager: Loaded Plugin BlankPlugin, From C:/Program Files/Epic Games/UE_4.14/Engine/Plugins/Developer/BlankPlugin/BlankPlugin.uplugin
LogPluginManager: Loaded Plugin CodeLiteSourceCodeAccess, From C:/Program Files/Epic Games/UE_4.14/Engine/Plugins/Developer/CodeLiteSourceCodeAccess/CodeLiteSourceCodeAccess.uplugin
LogPluginManager: Loaded Plugin GitSourceControl, From C:/Program Files/Epic Games/UE_4.14/Engine/Plugins/Developer/GitSourceControl/GitSourceControl.uplugin
LogPluginManager: Loaded Plugin KDevelopSourceCodeAccess, From C:/Program Files/Epic Games/UE_4.14/Engine/Plugins/Developer/KDevelopSourceCodeAccess/KDevelopSourceCodeAccess.uplugin
LogPluginManager: Loaded Plugin NullSourceCodeAccess, From C:/Program Files/Epic Games/UE_4.14/Engine/Plugins/Developer/NullSourceCodeAccess/NullSourceCodeAccess.uplugin
LogPluginManager: Loaded Plugin OneSkyLocalizationService, From C:/Program Files/Epic Games/UE_4.14/Engine/Plugins/Developer/OneSkyLocalizationService/OneSkyLocalizationService.uplugin
LogPluginManager: Loaded Plugin PerforceSourceControl, From C:/Program Files/Epic Games/UE_4.14/Engine/Plugins/Developer/PerforceSourceControl/PerforceSourceControl.uplugin
LogPluginManager: Loaded Plugin SubversionSourceControl, From C:/Program Files/Epic Games/UE_4.14/Engine/Plugins/Developer/SubversionSourceControl/SubversionSourceControl.uplugin
LogPluginManager: Loaded Plugin UObjectPlugin, From C:/Program Files/Epic Games/UE_4.14/Engine/Plugins/Developer/UObjectPlugin/UObjectPlugin.uplugin
LogPluginManager: Loaded Plugin VisualStudioSourceCodeAccess, From C:/Program Files/Epic Games/UE_4.14/Engine/Plugins/Developer/VisualStudioSourceCodeAccess/VisualStudioSourceCodeAccess.uplugin
LogPluginManager: Loaded Plugin XCodeSourceCodeAccess, From C:/Program Files/Epic Games/UE_4.14/Engine/Plugins/Developer/XCodeSourceCodeAccess/XCodeSourceCodeAccess.uplugin
LogPluginManager: Loaded Plugin AudioCapture, From C:/Program Files/Epic Games/UE_4.14/Engine/Plugins/Editor/AudioCapture/AudioCapture.uplugin
LogPluginManager: Loaded Plugin EpicSurvey, From C:/Program Files/Epic Games/UE_4.14/Engine/Plugins/Editor/EpicSurvey/EpicSurvey.uplugin
LogPluginManager: Loaded Plugin MacGraphicsSwitching, From C:/Program Files/Epic Games/UE_4.14/Engine/Plugins/Editor/MacGraphicsSwitching/MacGraphicsSwitching.uplugin
LogPluginManager: Loaded Plugin MobileLauncherProfileWizard, From C:/Program Files/Epic Games/UE_4.14/Engine/Plugins/Editor/MobileLauncherProfileWizard/MobileLauncherProfileWizard.uplugin
LogPluginManager: Loaded Plugin PluginBrowser, From C:/Program Files/Epic Games/UE_4.14/Engine/Plugins/Editor/PluginBrowser/PluginBrowser.uplugin
LogPluginManager: Loaded Plugin SpeedTreeImporter, From C:/Program Files/Epic Games/UE_4.14/Engine/Plugins/Editor/SpeedTreeImporter/SpeedTreeImporter.uplugin
LogPluginManager: Loaded Plugin SuperSearchEditor, From C:/Program Files/Epic Games/UE_4.14/Engine/Plugins/Editor/SuperSearchEditor/SuperSearchEditor.uplugin
LogPluginManager: Loaded Plugin AlembicImporter, From C:/Program Files/Epic Games/UE_4.14/Engine/Plugins/Experimental/AlembicImporter/AlembicImporter.uplugin
LogPluginManager: Loaded Plugin BlueprintStats, From C:/Program Files/Epic Games/UE_4.14/Engine/Plugins/Experimental/BlueprintStats/BlueprintStats.uplugin
LogPluginManager: Loaded Plugin CharacterAI, From C:/Program Files/Epic Games/UE_4.14/Engine/Plugins/Experimental/CharacterAI/CharacterAI.uplugin
LogPluginManager: Loaded Plugin CodeEditor, From C:/Program Files/Epic Games/UE_4.14/Engine/Plugins/Experimental/CodeEditor/CodeEditor.uplugin
LogPluginManager: Loaded Plugin CodeView, From C:/Program Files/Epic Games/UE_4.14/Engine/Plugins/Experimental/CodeView/CodeView.uplugin
LogPluginManager: Loaded Plugin HTML5Networking, From C:/Program Files/Epic Games/UE_4.14/Engine/Plugins/Experimental/HTML5Networking/HTML5Networking.uplugin
LogPluginManager: Loaded Plugin OSVR, From C:/Program Files/Epic Games/UE_4.14/Engine/Plugins/Experimental/OSVR/OSVR.uplugin
LogPluginManager: Loaded Plugin Phya, From C:/Program Files/Epic Games/UE_4.14/Engine/Plugins/Experimental/Phya/Phya.uplugin
LogPluginManager: Loaded Plugin SignificanceManager, From C:/Program Files/Epic Games/UE_4.14/Engine/Plugins/Experimental/SignificanceManager/SignificanceManager.uplugin
LogPluginManager: Loaded Plugin SimpleHMD, From C:/Program Files/Epic Games/UE_4.14/Engine/Plugins/Experimental/SimpleHMD/SimpleHMD.uplugin
LogPluginManager: Loaded Plugin StereoPanorama, From C:/Program Files/Epic Games/UE_4.14/Engine/Plugins/Experimental/StereoPanorama/StereoPanorama.uplugin
LogPluginManager: Loaded Plugin StructBox, From C:/Program Files/Epic Games/UE_4.14/Engine/Plugins/Experimental/StructBox/StructBox.uplugin
LogPluginManager: Loaded Plugin Substance, From C:/Program Files/Epic Games/UE_4.14/Engine/Plugins/Marketplace/Substance/Substance.uplugin
LogPluginManager: Loaded Plugin AndroidMedia, From C:/Program Files/Epic Games/UE_4.14/Engine/Plugins/Media/AndroidMedia/AndroidMedia.uplugin
LogPluginManager: Loaded Plugin AvfMedia, From C:/Program Files/Epic Games/UE_4.14/Engine/Plugins/Media/AvfMedia/AvfMedia.uplugin
LogPluginManager: Loaded Plugin MediaPlayerEditor, From C:/Program Files/Epic Games/UE_4.14/Engine/Plugins/Media/MediaPlayerEditor/MediaPlayerEditor.uplugin
LogPluginManager: Loaded Plugin WmfMedia, From C:/Program Files/Epic Games/UE_4.14/Engine/Plugins/Media/WmfMedia/WmfMedia.uplugin
LogPluginManager: Loaded Plugin MessagingDebugger, From C:/Program Files/Epic Games/UE_4.14/Engine/Plugins/Messaging/MessagingDebugger/MessagingDebugger.uplugin
LogPluginManager: Loaded Plugin TcpMessaging, From C:/Program Files/Epic Games/UE_4.14/Engine/Plugins/Messaging/TcpMessaging/TcpMessaging.uplugin
LogPluginManager: Loaded Plugin UdpMessaging, From C:/Program Files/Epic Games/UE_4.14/Engine/Plugins/Messaging/UdpMessaging/UdpMessaging.uplugin
LogPluginManager: Loaded Plugin LevelSequenceEditor, From C:/Program Files/Epic Games/UE_4.14/Engine/Plugins/MovieScene/LevelSequenceEditor/LevelSequenceEditor.uplugin
LogPluginManager: Loaded Plugin MatineeToLevelSequence, From C:/Program Files/Epic Games/UE_4.14/Engine/Plugins/MovieScene/MatineeToLevelSequence/MatineeToLevelSequence.uplugin
LogPluginManager: Loaded Plugin NetcodeUnitTest, From C:/Program Files/Epic Games/UE_4.14/Engine/Plugins/NetcodeUnitTest/NetcodeUnitTest/NetcodeUnitTest.uplugin
LogPluginManager: Loaded Plugin NUTUnrealEngine4, From C:/Program Files/Epic Games/UE_4.14/Engine/Plugins/NetcodeUnitTest/NUTUnrealEngine4/NUTUnrealEngine4.uplugin
LogPluginManager: Loaded Plugin OnlineSubsystemGameCircle, From C:/Program Files/Epic Games/UE_4.14/Engine/Plugins/Online/Android/OnlineSubsystemGameCircle/OnlineSubsystemGameCircle.uplugin
LogPluginManager: Loaded Plugin OnlineSubsystemGooglePlay, From C:/Program Files/Epic Games/UE_4.14/Engine/Plugins/Online/Android/OnlineSubsystemGooglePlay/OnlineSubsystemGooglePlay.uplugin
LogPluginManager: Loaded Plugin OnlineSubsystemIOS, From C:/Program Files/Epic Games/UE_4.14/Engine/Plugins/Online/IOS/OnlineSubsystemIOS/OnlineSubsystemIOS.uplugin
LogPluginManager: Loaded Plugin OnlineFramework, From C:/Program Files/Epic Games/UE_4.14/Engine/Plugins/Online/OnlineFramework/OnlineFramework.uplugin
LogPluginManager: Loaded Plugin OnlineSubsystem, From C:/Program Files/Epic Games/UE_4.14/Engine/Plugins/Online/OnlineSubsystem/OnlineSubsystem.uplugin
LogPluginManager: Loaded Plugin OnlineSubsystemAmazon, From C:/Program Files/Epic Games/UE_4.14/Engine/Plugins/Online/OnlineSubsystemAmazon/OnlineSubsystemAmazon.uplugin
LogPluginManager: Loaded Plugin OnlineSubsystemFacebook, From C:/Program Files/Epic Games/UE_4.14/Engine/Plugins/Online/OnlineSubsystemFacebook/OnlineSubsystemFacebook.uplugin
LogPluginManager: Loaded Plugin OnlineSubsystemNull, From C:/Program Files/Epic Games/UE_4.14/Engine/Plugins/Online/OnlineSubsystemNull/OnlineSubsystemNull.uplugin
LogPluginManager: Loaded Plugin OnlineSubsystemOculus, From C:/Program Files/Epic Games/UE_4.14/Engine/Plugins/Online/OnlineSubsystemOculus/OnlineSubsystemOculus.uplugin
LogPluginManager: Loaded Plugin OnlineSubsystemSteam, From C:/Program Files/Epic Games/UE_4.14/Engine/Plugins/Online/OnlineSubsystemSteam/OnlineSubsystemSteam.uplugin
LogPluginManager: Loaded Plugin OnlineSubsystemUtils, From C:/Program Files/Epic Games/UE_4.14/Engine/Plugins/Online/OnlineSubsystemUtils/OnlineSubsystemUtils.uplugin
LogPluginManager: Loaded Plugin IOSTapJoy, From C:/Program Files/Epic Games/UE_4.14/Engine/Plugins/Runtime/Advertising/IOSTapJoy/IOSTapJoy.uplugin
LogPluginManager: Loaded Plugin AnalyticsBlueprintLibrary, From C:/Program Files/Epic Games/UE_4.14/Engine/Plugins/Runtime/Analytics/AnalyticsBlueprintLibrary/AnalyticsBlueprintLibrary.uplugin
LogPluginManager: Loaded Plugin AnalyticsMulticast, From C:/Program Files/Epic Games/UE_4.14/Engine/Plugins/Runtime/Analytics/AnalyticsMulticast/AnalyticsMulticast.uplugin
LogPluginManager: Loaded Plugin Apsalar, From C:/Program Files/Epic Games/UE_4.14/Engine/Plugins/Runtime/Analytics/Apsalar/Apsalar.uplugin
LogPluginManager: Loaded Plugin FileLogging, From C:/Program Files/Epic Games/UE_4.14/Engine/Plugins/Runtime/Analytics/FileLogging/FileLogging.uplugin
LogPluginManager: Loaded Plugin Flurry, From C:/Program Files/Epic Games/UE_4.14/Engine/Plugins/Runtime/Analytics/Flurry/Flurry.uplugin
LogPluginManager: Loaded Plugin AndroidDeviceProfileSelector, From C:/Program Files/Epic Games/UE_4.14/Engine/Plugins/Runtime/AndroidDeviceProfileSelector/AndroidDeviceProfileSelector.uplugin
LogPluginManager: Loaded Plugin AndroidMoviePlayer, From C:/Program Files/Epic Games/UE_4.14/Engine/Plugins/Runtime/AndroidMoviePlayer/AndroidMoviePlayer.uplugin
LogPluginManager: Loaded Plugin AppleMoviePlayer, From C:/Program Files/Epic Games/UE_4.14/Engine/Plugins/Runtime/AppleMoviePlayer/AppleMoviePlayer.uplugin
LogPluginManager: Loaded Plugin ArchVisCharacter, From C:/Program Files/Epic Games/UE_4.14/Engine/Plugins/Runtime/ArchVisCharacter/ArchVisCharacter.uplugin
LogPluginManager: Loaded Plugin CableComponent, From C:/Program Files/Epic Games/UE_4.14/Engine/Plugins/Runtime/CableComponent/CableComponent.uplugin
LogPluginManager: Loaded Plugin CustomMeshComponent, From C:/Program Files/Epic Games/UE_4.14/Engine/Plugins/Runtime/CustomMeshComponent/CustomMeshComponent.uplugin
LogPluginManager: Loaded Plugin ExampleDeviceProfileSelector, From C:/Program Files/Epic Games/UE_4.14/Engine/Plugins/Runtime/ExampleDeviceProfileSelector/ExampleDeviceProfileSelector.uplugin
LogPluginManager: Loaded Plugin GearVR, From C:/Program Files/Epic Games/UE_4.14/Engine/Plugins/Runtime/GearVR/GearVR.uplugin
LogPluginManager: Loaded Plugin GoogleVRController, From C:/Program Files/Epic Games/UE_4.14/Engine/Plugins/Runtime/GoogleVR/GoogleVRController/GoogleVRController.uplugin
LogPluginManager: Loaded Plugin GoogleVRHMD, From C:/Program Files/Epic Games/UE_4.14/Engine/Plugins/Runtime/GoogleVR/GoogleVRHMD/GoogleVRHMD.uplugin
LogPluginManager: Loaded Plugin IOSDeviceProfileSelector, From C:/Program Files/Epic Games/UE_4.14/Engine/Plugins/Runtime/IOSDeviceProfileSelector/IOSDeviceProfileSelector.uplugin
LogPluginManager: Loaded Plugin LeapMotion, From C:/Program Files/Epic Games/UE_4.14/Engine/Plugins/Runtime/LeapMotion/LeapMotion.uplugin
LogPluginManager: Loaded Plugin LinuxDeviceProfileSelector, From C:/Program Files/Epic Games/UE_4.14/Engine/Plugins/Runtime/LinuxDeviceProfileSelector/LinuxDeviceProfileSelector.uplugin
LogPluginManager: Loaded Plugin MIDIDevice, From C:/Program Files/Epic Games/UE_4.14/Engine/Plugins/Runtime/MIDIDevice/MIDIDevice.uplugin
LogPluginManager: Loaded Plugin MobilePatchingUtils, From C:/Program Files/Epic Games/UE_4.14/Engine/Plugins/Runtime/MobilePatchingUtils/MobilePatchingUtils.uplugin
LogPluginManager: Loaded Plugin Ansel, From C:/Program Files/Epic Games/UE_4.14/Engine/Plugins/Runtime/Nvidia/Ansel/Ansel.uplugin
LogPluginManager: Loaded Plugin OculusAudio, From C:/Program Files/Epic Games/UE_4.14/Engine/Plugins/Runtime/OculusAudio/OculusAudio.uplugin
LogPluginManager: Loaded Plugin OculusInput, From C:/Program Files/Epic Games/UE_4.14/Engine/Plugins/Runtime/OculusInput/OculusInput.uplugin
LogPluginManager: Loaded Plugin OculusLibrary, From C:/Program Files/Epic Games/UE_4.14/Engine/Plugins/Runtime/OculusLibrary/OculusLibrary.uplugin
LogPluginManager: Loaded Plugin OculusRift, From C:/Program Files/Epic Games/UE_4.14/Engine/Plugins/Runtime/OculusRift/OculusRift.uplugin
LogPluginManager: Loaded Plugin Oodle, From C:/Program Files/Epic Games/UE_4.14/Engine/Plugins/Runtime/PacketHandlers/CompressionComponents/Oodle/Oodle.uplugin
LogPluginManager: Loaded Plugin ProceduralMeshComponent, From C:/Program Files/Epic Games/UE_4.14/Engine/Plugins/Runtime/ProceduralMeshComponent/ProceduralMeshComponent.uplugin
LogPluginManager: Loaded Plugin SoundMod, From C:/Program Files/Epic Games/UE_4.14/Engine/Plugins/Runtime/SoundMod/SoundMod.uplugin
LogPluginManager: Loaded Plugin SoundVisualizations, From C:/Program Files/Epic Games/UE_4.14/Engine/Plugins/Runtime/SoundVisualizations/SoundVisualizations.uplugin
LogPluginManager: Loaded Plugin SteamController, From C:/Program Files/Epic Games/UE_4.14/Engine/Plugins/Runtime/Steam/SteamController/SteamController.uplugin
LogPluginManager: Loaded Plugin SteamVR, From C:/Program Files/Epic Games/UE_4.14/Engine/Plugins/Runtime/Steam/SteamVR/SteamVR.uplugin
LogPluginManager: Loaded Plugin WebBrowserWidget, From C:/Program Files/Epic Games/UE_4.14/Engine/Plugins/Runtime/WebBrowserWidget/WebBrowserWidget.uplugin
LogPluginManager: Loaded Plugin WindowsDeviceProfileSelector, From C:/Program Files/Epic Games/UE_4.14/Engine/Plugins/Runtime/WindowsDeviceProfileSelector/WindowsDeviceProfileSelector.uplugin
LogPluginManager: Loaded Plugin WindowsMoviePlayer, From C:/Program Files/Epic Games/UE_4.14/Engine/Plugins/Runtime/WindowsMoviePlayer/WindowsMoviePlayer.uplugin
LogPluginManager: Loaded Plugin ScriptPlugin, From C:/Program Files/Epic Games/UE_4.14/Engine/Plugins/ScriptPlugin/ScriptPlugin.uplugin
LogPluginManager: Loaded Plugin SlateRemote, From C:/Program Files/Epic Games/UE_4.14/Engine/Plugins/Slate/SlateRemote/SlateRemote.uplugin
LogPluginManager: Loaded Plugin EditorTests, From C:/Program Files/Epic Games/UE_4.14/Engine/Plugins/Tests/EditorTests/EditorTests.uplugin
LogPluginManager: Loaded Plugin FbxAutomationTestBuilder, From C:/Program Files/Epic Games/UE_4.14/Engine/Plugins/Tests/FbxAutomationTestBuilder/FbxAutomationTestBuilder.uplugin
LogPluginManager: Loaded Plugin FunctionalTestingEditor, From C:/Program Files/Epic Games/UE_4.14/Engine/Plugins/Tests/FunctionalTestingEditor/FunctionalTestingEditor.uplugin
LogPluginManager: Loaded Plugin RuntimeTests, From C:/Program Files/Epic Games/UE_4.14/Engine/Plugins/Tests/RuntimeTests/RuntimeTests.uplugin
LogPluginManager: Loaded Plugin ScreenshotTools, From C:/Program Files/Epic Games/UE_4.14/Engine/Plugins/Tests/ScreenshotTools/ScreenshotTools.uplugin
LogInit: Using libcurl 7.47.1
LogInit:  - built for x86_64-pc-win32
LogInit:  - supports SSL with OpenSSL/1.0.2g
LogInit:  - supports HTTP deflate (compression) using libz 1.2.8
LogInit:  - other features:
LogInit:      CURL_VERSION_SSL
LogInit:      CURL_VERSION_LIBZ
LogInit:      CURL_VERSION_IPV6
LogInit:      CURL_VERSION_ASYNCHDNS
LogInit:      CURL_VERSION_LARGEFILE
LogInit:      CURL_VERSION_IDN
LogInit:  CurlRequestOptions (configurable via config and command line):
LogInit:  - bVerifyPeer = false  - Libcurl will NOT verify peer certificate
LogInit:  - bUseHttpProxy = false  - Libcurl will NOT use HTTP proxy
LogInit:  - bDontReuseConnections = false  - Libcurl will reuse connections
LogInit:  - CertBundlePath = nullptr  - Libcurl will use whatever was configured at build time.
LogInit: Build: ++UE4+Release-4.14-CL-3249277
LogInit: Engine Version: 4.14.3-3249277+++UE4+Release-4.14
LogInit: Compatible Engine Version: 4.14.0-3195953+++UE4+Release-4.14
LogInit: Net CL: 3195953
LogDevObjectVersion: Number of dev versions registered: 13
LogDevObjectVersion:   Dev-Blueprints (B0D832E4-1F89-4F0D-ACCF-7EB736FD4AA2): 7
LogDevObjectVersion:   Dev-Build (E1C64328-A22C-4D53-A36C-8E866417BD8C): 0
LogDevObjectVersion:   Dev-Core (375EC13C-06E4-48FB-B500-84F0262A717E): 1
LogDevObjectVersion:   Dev-Editor (E4B068ED-F494-42E9-A231-DA0B2E46BB41): 8
LogDevObjectVersion:   Dev-Framework (CFFC743F-43B0-4480-9391-14DF171D2073): 17
LogDevObjectVersion:   Dev-Mobile (B02B49B5-BB20-44E9-A304-32B752E40360): 0
LogDevObjectVersion:   Dev-Networking (A4E4105C-59A1-49B5-A7C5-40C4547EDFEE): 0
LogDevObjectVersion:   Dev-Online (39C831C9-5AE6-47DC-9A44-9C173E1C8E7C): 0
LogDevObjectVersion:   Dev-Physics (78F01B33-EBEA-4F98-B9B4-84EACCB95AA2): 0
LogDevObjectVersion:   Dev-Platform (6631380F-2D4D-43E0-8009-CF276956A95A): 0
LogDevObjectVersion:   Dev-Rendering (12F88B9F-8875-4AFC-A67C-D90C383ABD29): 12
LogDevObjectVersion:   Dev-Sequencer (7B5AE74C-D270-4C10-A958-57980B212A5A): 1
LogDevObjectVersion:   Dev-VR (D7296918-1DD6-4BDD-9DE2-64A83CC13884): 0
LogInit: Compiled (64-bit): Jan  6 2017 10:49:43
LogInit: Compiled with Visual C++: 19.00.23026.00
LogInit: Build Configuration: Development
LogInit: Branch Name: ++UE4+Release-4.14
LogInit: Command line: -EpicPortal 
LogInit: Base directory: C:/Program Files/Epic Games/UE_4.14/Engine/Binaries/Win64/
LogInit: Installed Engine Build: 1
LogInit: Presizing for max 8388607 objects, including 0 objects not considered by GC, pre-allocating 0 bytes for permanent pool.
LogInit: Object subsystem initialized
[2017.08.17-06.14.19:430][  0]LogInit: Selected Device Profile: [Windows]
[2017.08.17-06.14.19:430][  0]LogInit: Applying CVar settings loaded from the selected device profile: [Windows]
[2017.08.17-06.14.19:475][  0]LogInit: Computer: DESKTOP-G7KNM43
[2017.08.17-06.14.19:475][  0]LogInit: User: Admin
[2017.08.17-06.14.19:475][  0]LogInit: CPU Page size=65536, Cores=4
[2017.08.17-06.14.19:475][  0]LogInit: High frequency timer resolution =3.410070 MHz
[2017.08.17-06.14.19:475][  0]LogMemory: Memory total: Physical=15.9GB (16GB approx)
[2017.08.17-06.14.19:475][  0]LogMemory: Platform Memory Stats for Windows
[2017.08.17-06.14.19:475][  0]LogMemory: Process Physical Memory: 264.43 MB used, 264.43 MB peak
[2017.08.17-06.14.19:475][  0]LogMemory: Process Virtual Memory: 262.28 MB used, 262.28 MB peak
[2017.08.17-06.14.19:475][  0]LogMemory: Physical Memory: 7317.14 MB used,  8944.96 MB free, 16262.10 MB total
[2017.08.17-06.14.19:475][  0]LogMemory: Virtual Memory: 676.20 MB used,  8944.96 MB free, 134217728.00 MB total
[2017.08.17-06.14.19:529][  0]LogTextLocalizationManager: No specific translations for ('en-NZ') exist, so ('en') translations will be used.
[2017.08.17-06.14.20:819][  0]LogD3D11RHI: D3D11 adapters:
[2017.08.17-06.14.20:873][  0]LogD3D11RHI:    0. 'NVIDIA GeForce GTX 1050 Ti' (Feature Level 11_0)
[2017.08.17-06.14.20:873][  0]LogD3D11RHI:       4050/0/8131 MB DedicatedVideo/DedicatedSystem/SharedSystem, Outputs:1, VendorId:0x10de
[2017.08.17-06.14.20:883][  0]LogD3D11RHI:    1. 'Intel(R) HD Graphics 4600' (Feature Level 11_0)
[2017.08.17-06.14.20:884][  0]LogD3D11RHI:       112/0/2048 MB DedicatedVideo/DedicatedSystem/SharedSystem, Outputs:1, VendorId:0x8086
[2017.08.17-06.14.20:887][  0]LogD3D11RHI:    2. 'Microsoft Basic Render Driver' (Feature Level 11_0)
[2017.08.17-06.14.20:887][  0]LogD3D11RHI:       0/0/8131 MB DedicatedVideo/DedicatedSystem/SharedSystem, Outputs:0, VendorId:0x1414
[2017.08.17-06.14.20:887][  0]LogD3D11RHI: Chosen D3D11 Adapter: 0
[2017.08.17-06.14.20:898][  0]LogD3D11RHI: Creating new Direct3DDevice
[2017.08.17-06.14.20:898][  0]LogD3D11RHI:     GPU DeviceId: 0x1c82 (for the marketing name, search the web for "GPU Device Id")
[2017.08.17-06.14.20:898][  0]LogWindows: EnumDisplayDevices:
[2017.08.17-06.14.20:899][  0]LogWindows:    0. 'NVIDIA GeForce GTX 1050 Ti' (P:1 D:1)
[2017.08.17-06.14.20:899][  0]LogWindows:    1. 'NVIDIA GeForce GTX 1050 Ti' (P:0 D:0)
[2017.08.17-06.14.20:899][  0]LogWindows:    2. 'NVIDIA GeForce GTX 1050 Ti' (P:0 D:0)
[2017.08.17-06.14.20:899][  0]LogWindows:    3. 'NVIDIA GeForce GTX 1050 Ti' (P:0 D:0)
[2017.08.17-06.14.20:900][  0]LogWindows:    4. 'Intel(R) HD Graphics 4600' (P:0 D:1)
[2017.08.17-06.14.20:900][  0]LogWindows:    5. 'Intel(R) HD Graphics 4600' (P:0 D:0)
[2017.08.17-06.14.20:900][  0]LogWindows:    6. 'Intel(R) HD Graphics 4600' (P:0 D:0)
[2017.08.17-06.14.20:901][  0]LogWindows: DebugString: PrimaryIsNotTheChoosenAdapter PrimaryIsNotTheChoosenAdapter PrimaryIsNotTheChoosenAdapter FoundDriverCount:4 
[2017.08.17-06.14.20:901][  0]LogD3D11RHI:     Adapter Name: NVIDIA GeForce GTX 1050 Ti
[2017.08.17-06.14.20:901][  0]LogD3D11RHI:   Driver Version: 382.05 (internal:22.21.13.8205, unified:382.05)
[2017.08.17-06.14.20:901][  0]LogD3D11RHI:      Driver Date: 5-1-2017
[2017.08.17-06.14.20:901][  0]LogRHI: Texture pool is 1361 MB (70% of 1945 MB)
[2017.08.17-06.14.20:946][  0]LogD3D11RHI: Async texture creation enabled
[2017.08.17-06.14.20:962][  0]LogD3D11RHI: GPU Timing Frequency: 1000.000000 (Debug: 2 1)
[2017.08.17-06.14.20:964][  0]LogShaderCompilers: Guid format shader working directory is -57 characters bigger than the processId version (G:/Jarlin School/2017/Semester 2/GD2J03 - Rapid Prototyping/My Work/Prototype 3/TOA-TIME/KoopySandwich/Intermediate/Shaders/WorkingDirectory/12476/).
[2017.08.17-06.14.20:964][  0]LogShaderCompilers: Cleaned the shader compiler working directory 'C:/Users/Admin/AppData/Local/Temp/UnrealShaderWorkingDir/7290A82D4117C00BCB807796C841246A/'.
[2017.08.17-06.14.20:964][  0]LogShaderCompilers:Display: Using Local Shader Compiler.
[2017.08.17-06.14.23:941][  0]LogTemp:Display: Loaded TP AllDesktopTargetPlatform
[2017.08.17-06.14.24:182][  0]LogTemp:Display: Loaded TP MacClientTargetPlatform
[2017.08.17-06.14.24:440][  0]LogTemp:Display: Loaded TP MacNoEditorTargetPlatform
[2017.08.17-06.14.24:738][  0]LogTemp:Display: Loaded TP MacServerTargetPlatform
[2017.08.17-06.14.25:005][  0]LogTemp:Display: Loaded TP MacTargetPlatform
[2017.08.17-06.14.25:250][  0]LogTemp:Display: Loaded TP WindowsClientTargetPlatform
[2017.08.17-06.14.25:507][  0]LogTemp:Display: Loaded TP WindowsNoEditorTargetPlatform
[2017.08.17-06.14.25:770][  0]LogTemp:Display: Loaded TP WindowsServerTargetPlatform
[2017.08.17-06.14.26:021][  0]LogTemp:Display: Loaded TP WindowsTargetPlatform
[2017.08.17-06.14.26:301][  0]LogTemp:Display: Loaded TP AndroidTargetPlatform
[2017.08.17-06.14.26:555][  0]LogTemp:Display: Loaded TP Android_ASTCTargetPlatform
[2017.08.17-06.14.26:821][  0]LogTemp:Display: Loaded TP Android_ATCTargetPlatform
[2017.08.17-06.14.27:075][  0]LogTemp:Display: Loaded TP Android_DXTTargetPlatform
[2017.08.17-06.14.27:330][  0]LogTemp:Display: Loaded TP Android_ETC1TargetPlatform
[2017.08.17-06.14.27:578][  0]LogTemp:Display: Loaded TP Android_ETC2TargetPlatform
[2017.08.17-06.14.28:147][  0]LogTemp:Display: Loaded TP Android_MultiTargetPlatform
[2017.08.17-06.14.28:147][  0]LogTemp:Display: Loaded TP Android_PVRTCTargetPlatform
[2017.08.17-06.14.28:399][  0]LogTemp:Display: Loaded TP HTML5TargetPlatform
[2017.08.17-06.14.28:839][  0]LogTemp:Display: Loaded TP IOSTargetPlatform
[2017.08.17-06.14.29:000][  0]LogTemp:Display: Loaded TP TVOSTargetPlatform
[2017.08.17-06.14.29:239][  0]LogTemp:Display: Loaded TP LinuxClientTargetPlatform
[2017.08.17-06.14.29:478][  0]LogTemp:Display: Loaded TP LinuxNoEditorTargetPlatform
[2017.08.17-06.14.29:730][  0]LogTemp:Display: Loaded TP LinuxServerTargetPlatform
[2017.08.17-06.14.29:970][  0]LogTemp:Display: Loaded TP LinuxTargetPlatform
[2017.08.17-06.14.29:970][  0]LogTargetPlatformManager:Display: Building Assets For Windows
[2017.08.17-06.14.32:406][  0]LogDerivedDataCache:Display: Max Cache Size: 512 MB
[2017.08.17-06.14.32:480][  0]LogDerivedDataCache: Loaded boot cache 0.07s 50MB C:/Users/Admin/AppData/Local/UnrealEngine/4.14/DerivedDataCache/Boot.ddc.
[2017.08.17-06.14.32:480][  0]LogDerivedDataCache:Display: Loaded Boot cache: C:/Users/Admin/AppData/Local/UnrealEngine/4.14/DerivedDataCache/Boot.ddc
[2017.08.17-06.14.32:480][  0]LogDerivedDataCache: FDerivedDataBackendGraph:  Pak pak cache file G:/Jarlin School/2017/Semester 2/GD2J03 - Rapid Prototyping/My Work/Prototype 3/TOA-TIME/KoopySandwich/DerivedDataCache/DDC.ddp not found, will not use a pak cache.
[2017.08.17-06.14.32:480][  0]LogDerivedDataCache: Unable to find inner node Pak for hierarchical cache Hierarchy.
[2017.08.17-06.14.32:480][  0]LogDerivedDataCache: FDerivedDataBackendGraph:  CompressedPak pak cache file G:/Jarlin School/2017/Semester 2/GD2J03 - Rapid Prototyping/My Work/Prototype 3/TOA-TIME/KoopySandwich/DerivedDataCache/Compressed.ddp not found, will not use a pak cache.
[2017.08.17-06.14.32:480][  0]LogDerivedDataCache: Unable to find inner node CompressedPak for hierarchical cache Hierarchy.
[2017.08.17-06.14.32:499][  0]LogDerivedDataCache:Display: Pak cache opened for reading ../../../Engine/DerivedDataCache/Compressed.ddp.
[2017.08.17-06.14.32:513][  0]LogDerivedDataCache: Using Local data cache path C:/Users/Admin/AppData/Local/UnrealEngine/Common/DerivedDataCache: Writable
[2017.08.17-06.14.32:837][  0]LogInit: Selected Device Profile: [Windows]
[2017.08.17-06.14.32:843][  0]LogContentStreaming: Texture pool size is 0.00 MB
[2017.08.17-06.14.33:662][  0]LogMeshUtilities: Using QuadricMeshReduction for automatic static mesh reduction
[2017.08.17-06.14.33:946][  0]LogSimplygon: Simplygon DLL not present - disabling.
[2017.08.17-06.14.34:246][  0]LogMeshUtilities: Using SimplygonSwarm for distributed automatic mesh merging
[2017.08.17-06.14.34:246][  0]LogMeshUtilities: No automatic skeletal mesh reduction module available
[2017.08.17-06.14.34:246][  0]LogMeshUtilities: No automatic mesh merging module available
[2017.08.17-06.14.35:557][  0]LogNetVersion: GetLocalNetworkVersion: CL: 3195953, ProjectName: koopysandwich, ProjectVersion: , EngineNetworkVersion: 2, GameNetworkVersion: 0, NetworkChecksum: 3251895152
[2017.08.17-06.14.35:758][  0]LogAssetRegistry: FAssetRegistry took 0.0223 seconds to start up
[2017.08.17-06.14.36:092][  0]LogPackageLocalizationCache: Processed 3 localized package path(s) for 2 prioritized culture(s) in 0.166989 seconds
[2017.08.17-06.14.36:100][  0]LogUObjectArray: 31946 objects as part of root set at end of initial load.
[2017.08.17-06.14.36:100][  0]LogUObjectAllocator: 6935848 out of 0 bytes used by permanent object pool.
[2017.08.17-06.14.36:100][  0]LogUObjectArray: CloseDisregardForGC: 0/0 objects in disregard for GC pool
[2017.08.17-06.14.36:603][  0]LogInit: WinSock: version 1.1 (2.2), MaxSocks=32767, MaxUdp=65467
[2017.08.17-06.14.41:733][  0]LogSlate: Using Freetype 2.6.0
[2017.08.17-06.14.41:735][  0]LogSlate: SlateFontCache - WITH_FREETYPE: 1, WITH_HARFBUZZ: 1
[2017.08.17-06.14.41:735][  0]LogSlate: SlateFontCache - WITH_FREETYPE: 1, WITH_HARFBUZZ: 1
[2017.08.17-06.14.44:009][  0]LogSubstanceCoreModule: Substance [CPU] Engine Loaded, Max Texture Size = 2048
[2017.08.17-06.14.44:198][  0]LogTcpMessaging: Initializing TcpMessaging bridge
[2017.08.17-06.14.44:476][  0]LogUdpMessaging: Initializing bridge on interface 0.0.0.0:0 to multicast group 230.0.0.1:6666.
[2017.08.17-06.14.48:008][  0]LogMaterial: Uniform references updated for custom material expression Custom.
[2017.08.17-06.14.50:118][  0]SourceControl: Info Source control is disabled
[2017.08.17-06.14.50:120][  0]SourceControl: Info Source control is disabled
[2017.08.17-06.14.50:408][  0]SourceControl: Info Source control is disabled
[2017.08.17-06.14.50:729][  0]SourceControl: Info Source control is disabled
[2017.08.17-06.14.58:606][  0]LogEngine: Initializing Engine...
[2017.08.17-06.14.58:607][  0]LogHMD: Failed to initialize OpenVR with code 110
[2017.08.17-06.14.59:550][  0]LogAIModule: Creating AISystem for world Untitled
[2017.08.17-06.14.59:571][  0]LogInit: XAudio2 using 'Speakers (Logitech G930 Gaming Headset)' : 8 channels at 48 kHz using 16 bits per sample (channel mask 0x63f)
[2017.08.17-06.14.59:615][  0]LogInit: FAudioDevice initialized.
[2017.08.17-06.14.59:668][  0]LogDerivedDataCache: Saved boot cache 0.05s 50MB C:/Users/Admin/AppData/Local/UnrealEngine/4.14/DerivedDataCache/Boot.ddc.
[2017.08.17-06.14.59:679][  0]LogInit: Texture streaming: Enabled
[2017.08.17-06.15.00:917][  0]LogInit: Transaction tracking system initialized
[2017.08.17-06.15.03:095][  0]BlueprintLog: New page: Editor Load
[2017.08.17-06.15.08:567][  0]LocalizationService: Info Localization service is disabled
[2017.08.17-06.15.12:451][  0]LogConsoleResponse:Display: 
[2017.08.17-06.15.12:802][  0]LogCook:Display: Max memory allowance for cook 16384mb min free memory 0mb
[2017.08.17-06.15.12:802][  0]LogCook:Display: Mobile HDR setting 1
[2017.08.17-06.15.12:959][  0]LogFileCache: Scanning file cache for directory 'G:/Jarlin School/2017/Semester 2/GD2J03 - Rapid Prototyping/My Work/Prototype 3/TOA-TIME/KoopySandwich/Content/' took 0.02s
[2017.08.17-06.15.18:406][  0]SourceControl: Info Source control is disabled
[2017.08.17-06.15.18:406][  0]Cmd: MAP LOAD FILE="G:/Jarlin School/2017/Semester 2/GD2J03 - Rapid Prototyping/My Work/Prototype 3/TOA-TIME/KoopySandwich/Content/_Maps/Koopy.umap" TEMPLATE=0 SHOWPROGRESS=1 FEATURELEVEL=3
[2017.08.17-06.15.18:407][  0]LightingResults: New page: Lighting Build
[2017.08.17-06.15.18:649][  0]MapCheck: New page: Map Check
[2017.08.17-06.15.18:649][  0]LightingResults: New page: Lighting Build
[2017.08.17-06.15.19:044][  0]LogTexture:Display: Building textures: HQ_Lightmap0_1 (AutoDXT)
[2017.08.17-06.15.19:057][  0]LogTexture:Display: Building textures: HQ_Lightmap0_2 (AutoDXT)
[2017.08.17-06.15.19:061][  0]LogTexture:Display: Building textures: LQ_Lightmap_0_1 (DXT1)
[2017.08.17-06.15.19:074][  0]LogTexture:Display: Building textures: LQ_Lightmap_0_2 (DXT1)
[2017.08.17-06.15.19:144][  0]LogStaticMesh: Building static mesh TutorialIsland_V2_Mesh...
[2017.08.17-06.15.21:317][  0]LogStaticMesh: Built static mesh [2.17s] /Game/_Meshes/TutorialIsland_V2_Mesh.TutorialIsland_V2_Mesh
[2017.08.17-06.15.21:320][  0]LogStaticMesh: Building static mesh DoubleJumpIsland_V2_Mesh...
[2017.08.17-06.15.24:646][  0]LogStaticMesh: Built static mesh [3.33s] /Game/_Meshes/DoubleJumpIsland_V2_Mesh.DoubleJumpIsland_V2_Mesh
[2017.08.17-06.15.24:651][  0]LogStaticMesh: Building static mesh Rock01_Mesh...
[2017.08.17-06.15.24:668][  0]LogStaticMesh: Built static mesh [0.02s] /Game/_Meshes/Rock01_Mesh.Rock01_Mesh
[2017.08.17-06.15.24:668][  0]LogStaticMesh: Building static mesh Rock02_Mesh...
[2017.08.17-06.15.24:749][  0]LogStaticMesh: Built static mesh [0.08s] /Game/_Meshes/Rock02_Mesh.Rock02_Mesh
[2017.08.17-06.15.24:750][  0]LogStaticMesh: Building static mesh Rock03_Mesh...
[2017.08.17-06.15.24:764][  0]LogStaticMesh: Built static mesh [0.02s] /Game/_Meshes/Rock03_Mesh.Rock03_Mesh
[2017.08.17-06.15.24:765][  0]LogStaticMesh: Building static mesh Rock04_Mesh...
[2017.08.17-06.15.24:780][  0]LogStaticMesh: Built static mesh [0.02s] /Game/_Meshes/Rock04_Mesh.Rock04_Mesh
[2017.08.17-06.15.25:168][  0]LogTexture:Display: Building textures: ruf4 (AutoDXT)
[2017.08.17-06.15.26:338][  0]LogTexture:Display: Building textures: occ4 (AutoDXT)
[2017.08.17-06.15.27:453][  0]LogTexture:Display: Building textures: nurm4 (BC5)
[2017.08.17-06.15.28:161][  0]LogTexture:Display: Building textures: alb4 (AutoDXT)
[2017.08.17-06.15.29:686][  0]LogTexture:Display: Building textures: alb1 (AutoDXT)
[2017.08.17-06.15.31:180][  0]LogTexture:Display: Building textures: ruf1 (AutoDXT)
[2017.08.17-06.15.32:375][  0]LogTexture:Display: Building textures: nurm1 (BC5)
[2017.08.17-06.15.32:952][  0]LogTexture:Display: Building textures: occ1 (AutoDXT)
[2017.08.17-06.15.33:893][  0]LogMaterial: Missing cached shader map for material Rock_M, compiling. 
[2017.08.17-06.15.34:032][  0]LogTexture:Display: Building textures: ruf3 (AutoDXT)
[2017.08.17-06.15.35:357][  0]LogTexture:Display: Building textures: occ3 (AutoDXT)
[2017.08.17-06.15.36:942][  0]LogTexture:Display: Building textures: nurm3 (BC5)
[2017.08.17-06.15.37:821][  0]LogTexture:Display: Building textures: alb3 (AutoDXT)
[2017.08.17-06.15.39:616][  0]LogTexture:Display: Building textures: ruf2 (AutoDXT)
[2017.08.17-06.15.40:887][  0]LogTexture:Display: Building textures: occ2 (AutoDXT)
[2017.08.17-06.15.42:257][  0]LogTexture:Display: Building textures: nurm2 (BC5)
[2017.08.17-06.15.42:884][  0]LogTexture:Display: Building textures: alb2 (AutoDXT)
[2017.08.17-06.15.45:068][  0]LogTexture:Display: Building textures: waterSmall_N (BC5)
[2017.08.17-06.15.45:245][  0]LogTexture:Display: Building textures: waterSmall_H (AutoDXT)
[2017.08.17-06.15.45:605][  0]LogMaterial: Missing cached shader map for material M_Water, compiling. 
[2017.08.17-06.15.45:752][  0]LogTexture:Display: Building textures: Rock_R (AutoDXT)
[2017.08.17-06.15.46:380][  0]LogTexture:Display: Building textures: Rock_N (BC5)
[2017.08.17-06.15.46:609][  0]LogTexture:Display: Building textures: Rock_D (AutoDXT)
[2017.08.17-06.15.47:466][  0]LogTexture:Display: Building textures: sand_D (AutoDXT)
[2017.08.17-06.15.48:273][  0]LogTexture:Display: Building textures: sand_N (BC5)
[2017.08.17-06.15.48:477][  0]LogTexture:Display: Building textures: Grass_D (AutoDXT)
[2017.08.17-06.15.49:301][  0]LogTexture:Display: Building textures: Grass_N (BC5)
[2017.08.17-06.15.49:485][  0]LogTexture:Display: Building textures: Grass_H (AutoDXT)
[2017.08.17-06.15.50:107][  0]LogTexture:Display: Building textures: sand_BW (AutoDXT)
[2017.08.17-06.15.50:569][  0]LogTexture:Display: Building textures: sand_R (AutoDXT)
[2017.08.17-06.15.50:941][  0]LogTexture:Display: Building textures: Grass_R (AutoDXT)
[2017.08.17-06.15.51:486][  0]LogMaterial: Missing cached shader map for material M_ground, compiling. 
[2017.08.17-06.15.51:603][  0]LogAIModule: Creating AISystem for world Koopy
[2017.08.17-06.15.51:635][  0]LogEditorServer: Finished looking for orphan Actors (0.000 secs)
[2017.08.17-06.15.51:636][  0]Cmd: MAP CHECKDEP NOCLEARLOG
[2017.08.17-06.15.51:971][  0]MapCheck: Info Map check complete: 0 Error(s), 0 Warning(s), took 334.312ms to complete.
[2017.08.17-06.15.51:971][  0]LogFileHelpers: Loading map 'Koopy' took 33.565
[2017.08.17-06.15.52:536][  0]LogCollectionManager: Loaded 0 collections in 0.003920 seconds
[2017.08.17-06.15.53:095][  0]LogFileCache: Scanning file cache for directory 'G:/Jarlin School/2017/Semester 2/GD2J03 - Rapid Prototyping/My Work/Prototype 3/TOA-TIME/KoopySandwich/Saved/Collections/' took 0.01s
[2017.08.17-06.15.53:095][  0]LogFileCache: Scanning file cache for directory 'G:/Jarlin School/2017/Semester 2/GD2J03 - Rapid Prototyping/My Work/Prototype 3/TOA-TIME/KoopySandwich/Content/Developers/Admin/Collections/' took 0.01s
[2017.08.17-06.15.53:095][  0]LogFileCache: Scanning file cache for directory 'G:/Jarlin School/2017/Semester 2/GD2J03 - Rapid Prototyping/My Work/Prototype 3/TOA-TIME/KoopySandwich/Content/Collections/' took 0.01s
[2017.08.17-06.15.53:095][  0]LogCollectionManager: Rebuilt the GUID cache for 0 collections in 0.000002 seconds
[2017.08.17-06.15.53:113][  0]LogContentBrowser: Native class hierarchy populated in 0.0174 seconds. Added 2204 classes and 434 folders.
[2017.08.17-06.15.53:561][  0]LogStats: UGameplayTagsManager::ConstructGameplayTagTree: Construct from data asset -  0.000 s
[2017.08.17-06.15.53:561][  0]LogStats: UGameplayTagsManager::ConstructGameplayTagTree: GameplayTagTreeChangedEvent.Broadcast -  0.000 s
[2017.08.17-06.15.53:563][  0]LogContentBrowser: Native class hierarchy updated for 'GameplayTags' in 0.0021 seconds. Added 13 classes and 0 folders.
[2017.08.17-06.15.54:285][  0]LogContentBrowser: Native class hierarchy updated for 'WidgetCarousel' in 0.0021 seconds. Added 0 classes and 0 folders.
[2017.08.17-06.15.55:472][  0]LogContentBrowser: Native class hierarchy updated for 'AddContentDialog' in 0.0021 seconds. Added 0 classes and 0 folders.
[2017.08.17-06.15.56:026][  0]LogContentBrowser: Native class hierarchy updated for 'SceneOutliner' in 0.0021 seconds. Added 1 classes and 2 folders.
[2017.08.17-06.15.56:340][  0]LogCrashTracker: Crashtracker disabled due to settings.
[2017.08.17-06.15.57:453][  0]LogContentBrowser: Native class hierarchy updated for 'HierarchicalLODOutliner' in 0.0019 seconds. Added 1 classes and 2 folders.
[2017.08.17-06.15.57:453][  0]LogLoad: (Engine Initialization) Total time: 102.73 seconds
[2017.08.17-06.15.57:453][  0]LogLoad: (Engine Initialization) Total Blueprint compile time: 0.33 seconds
[2017.08.17-06.15.57:453][  0]LogExternalProfiler: No external profilers were discovered.  External profiling features will not be available.
[2017.08.17-06.15.57:794][  0]LogOcInput: OculusInput pre-init called
[2017.08.17-06.15.57:817][  0]LogContentStreaming: Texture pool size now 1000 MB
[2017.08.17-06.15.58:142][  0]LogRenderer: Reallocating scene render targets to support 1124x576 NumSamples 1 (Frame:2).
[2017.08.17-06.15.58:626][  2]LogAssetRegistry: Asset discovery search completed in 82.8899 seconds
[2017.08.17-06.15.58:626][  2]LogCollectionManager: Rebuilt the object cache for 0 collections in 0.000002 seconds (found 0 objects)
[2017.08.17-06.15.58:626][  2]LogCollectionManager: Fixed up redirectors for 0 collections in 0.000031 seconds (updated 0 objects)
[2017.08.17-06.31.46:297][873]LogTemp: Repeting last play command: New Editor Window (PIE)
[2017.08.17-06.31.46:338][873]LogPlayLevel: PlayLevel: No blueprints needed recompiling
[2017.08.17-06.31.46:345][873]PIE: New page: PIE session: Koopy (18/08/2017 6:31:46 am)
[2017.08.17-06.31.46:345][873]LogPlayLevel: Creating play world package: /Game/_Maps/UEDPIE_0_Koopy
[2017.08.17-06.31.46:366][873]LogPlayLevel: PIE: StaticDuplicateObject took: (0.020705s)
[2017.08.17-06.31.46:367][873]LogAIModule: Creating AISystem for world Koopy
[2017.08.17-06.31.46:368][873]LogPlayLevel: PIE: World Init took: (0.001440s)
[2017.08.17-06.31.46:368][873]LogPlayLevel: PIE: Created PIE world by copying editor world from /Game/_Maps/Koopy.Koopy to /Game/_Maps/UEDPIE_0_Koopy.Koopy (0.022467s)
[2017.08.17-06.31.46:394][873]LogInit: XAudio2 using 'Speakers (Logitech G930 Gaming Headset)' : 8 channels at 48 kHz using 16 bits per sample (channel mask 0x63f)
[2017.08.17-06.31.46:418][873]LogInit: FAudioDevice initialized.
[2017.08.17-06.31.46:932][873]LogLoad: Game class is 'ThirdPersonGameMode_C'
[2017.08.17-06.31.46:935][873]LogWorld: Bringing World /Game/_Maps/UEDPIE_0_Koopy.Koopy up for play (max tick rate 0) at 2017.08.17-18.31.46
[2017.08.17-06.31.46:936][873]LogWorld: Bringing up level for play took: 0.001452
[2017.08.17-06.31.47:220][873]LogContentBrowser: Native class hierarchy updated for 'MovieSceneCapture' in 0.0017 seconds. Added 11 classes and 0 folders.
[2017.08.17-06.31.47:232][873]PIE: Info Play in editor start time for /Game/_Maps/UEDPIE_0_Koopy 0.08
[2017.08.17-06.31.47:272][873]LogRenderer: Reallocating scene render targets to support 1292x756 NumSamples 1 (Frame:2114).
[2017.08.17-06.32.33:384][169]LogEditorViewport: Clicking on Actor (LMB): StaticMeshActor (Island_Mesh)
[2017.08.17-06.33.36:551][ 42]LogTemp: Repeting last play command: New Editor Window (PIE)
[2017.08.17-06.33.36:586][ 42]LogPlayLevel: PlayLevel: No blueprints needed recompiling
[2017.08.17-06.33.36:586][ 42]PIE: New page: PIE session: Koopy (18/08/2017 6:33:36 am)
[2017.08.17-06.33.36:586][ 42]LogPlayLevel: Creating play world package: /Game/_Maps/UEDPIE_0_Koopy
[2017.08.17-06.33.36:616][ 42]LogPlayLevel: PIE: StaticDuplicateObject took: (0.029990s)
[2017.08.17-06.33.36:618][ 42]LogAIModule: Creating AISystem for world Koopy
[2017.08.17-06.33.36:618][ 42]LogPlayLevel: PIE: World Init took: (0.002049s)
[2017.08.17-06.33.36:618][ 42]LogPlayLevel: PIE: Created PIE world by copying editor world from /Game/_Maps/Koopy.Koopy to /Game/_Maps/UEDPIE_0_Koopy.Koopy (0.032632s)
[2017.08.17-06.33.36:643][ 42]LogInit: XAudio2 using 'Speakers (Logitech G930 Gaming Headset)' : 8 channels at 48 kHz using 16 bits per sample (channel mask 0x63f)
[2017.08.17-06.33.36:661][ 42]LogInit: FAudioDevice initialized.
[2017.08.17-06.33.36:747][ 42]LogLoad: Game class is 'ThirdPersonGameMode_C'
[2017.08.17-06.33.36:751][ 42]LogWorld: Bringing World /Game/_Maps/UEDPIE_0_Koopy.Koopy up for play (max tick rate 0) at 2017.08.17-18.33.36
[2017.08.17-06.33.36:751][ 42]LogWorld: Bringing up level for play took: 0.002817
[2017.08.17-06.33.36:759][ 42]PIE: Info Play in editor start time for /Game/_Maps/UEDPIE_0_Koopy -0.393
[2017.08.17-06.38.10:031][812]LogEditorViewport: Clicking on Component (LMB): StaticMeshComponent (StaticMeshComponent0)
[2017.08.17-06.38.10:114][815]LogEditorViewport: Clicking on Actor (double click): StaticMeshActor (Island_Mesh)
[2017.08.17-06.38.11:845][928]LogEditorViewport: Clicking on Actor (LMB): StaticMeshActor (Island_Mesh)
[2017.08.17-06.38.11:948][932]LogEditorViewport: Clicking on Component (LMB): StaticMeshComponent (StaticMeshComponent0)
[2017.08.17-06.38.12:612][973]LogEditorViewport: Clicking on Component (LMB): StaticMeshComponent (StaticMeshComponent0)
[2017.08.17-06.38.12:691][976]LogEditorViewport: Clicking on Actor (double click): StaticMeshActor (Island_Mesh)
[2017.08.17-06.38.13:287][ 11]LogEditorViewport: Clicking on Actor (LMB): StaticMeshActor (Island_Mesh)
[2017.08.17-06.38.13:382][ 15]LogEditorViewport: Clicking on Component (LMB): StaticMeshComponent (StaticMeshComponent0)
[2017.08.17-06.38.14:651][ 96]LogEditorViewport: Clicking on Component (LMB): StaticMeshComponent (StaticMeshComponent0)
[2017.08.17-06.38.14:750][100]LogEditorViewport: Clicking on Actor (double click): StaticMeshActor (Island_Mesh)
[2017.08.17-06.38.15:596][154]LogEditorViewport: Clicking on Actor (LMB): StaticMeshActor (Island_Mesh)
[2017.08.17-06.38.15:700][158]LogEditorViewport: Clicking on Component (LMB): StaticMeshComponent (StaticMeshComponent0)
[2017.08.17-06.38.16:597][214]LogEditorViewport: Clicking on Component (LMB): StaticMeshComponent (StaticMeshComponent0)
[2017.08.17-06.38.16:690][218]LogEditorViewport: Clicking on Actor (double click): StaticMeshActor (Island_Mesh)
[2017.08.17-06.39.59:865][ 34]LogTexture:Display: Building textures: SunsetAmbientCubemap (RGBA16F)
[2017.08.17-06.40.07:826][ 34]LogTexture:Display: Building textures: SimplygonLogo (AutoDXT)
[2017.08.17-07.41.09:669][806]LogTemp: Repeting last play command: New Editor Window (PIE)
[2017.08.17-07.41.09:706][806]LogPlayLevel: PlayLevel: No blueprints needed recompiling
[2017.08.17-07.41.09:706][806]PIE: New page: PIE session: Koopy (18/08/2017 7:41:09 am)
[2017.08.17-07.41.09:706][806]LogPlayLevel: Creating play world package: /Game/_Maps/UEDPIE_0_Koopy
[2017.08.17-07.41.09:740][806]LogPlayLevel: PIE: StaticDuplicateObject took: (0.033335s)
[2017.08.17-07.41.09:742][806]LogAIModule: Creating AISystem for world Koopy
[2017.08.17-07.41.09:743][806]LogPlayLevel: PIE: World Init took: (0.003516s)
[2017.08.17-07.41.09:744][806]LogPlayLevel: PIE: Created PIE world by copying editor world from /Game/_Maps/Koopy.Koopy to /Game/_Maps/UEDPIE_0_Koopy.Koopy (0.037543s)
[2017.08.17-07.41.09:772][806]LogInit: XAudio2 using 'Speakers (Logitech G930 Gaming Headset)' : 8 channels at 48 kHz using 16 bits per sample (channel mask 0x63f)
[2017.08.17-07.41.09:799][806]LogInit: FAudioDevice initialized.
[2017.08.17-07.41.09:886][806]LogLoad: Game class is 'ThirdPersonGameMode_C'
[2017.08.17-07.41.09:892][806]LogWorld: Bringing World /Game/_Maps/UEDPIE_0_Koopy.Koopy up for play (max tick rate 0) at 2017.08.17-19.41.09
[2017.08.17-07.41.09:893][806]LogWorld: Bringing up level for play took: 0.005154
[2017.08.17-07.41.09:903][806]PIE: Info Play in editor start time for /Game/_Maps/UEDPIE_0_Koopy 0.751
[2017.08.17-07.48.28:029][939]LogSavePackage: Save=79.01ms
[2017.08.17-07.48.28:029][939]LogSavePackage: Moving 'G:/Jarlin School/2017/Semester 2/GD2J03 - Rapid Prototyping/My Work/Prototype 3/TOA-TIME/KoopySandwich/Saved/boatAA1D7A104CA0D9FC106830A48B11F40F.tmp' to 'G:/Jarlin School/2017/Semester 2/GD2J03 - Rapid Prototyping/My Work/Prototype 3/TOA-TIME/KoopySandwich/Content/_Custom_Objects/boat.uasset'
[2017.08.17-07.48.28:054][939]LogSavePackage:Display: Finished SavePackage G:/Jarlin School/2017/Semester 2/GD2J03 - Rapid Prototyping/My Work/Prototype 3/TOA-TIME/KoopySandwich/Content/_Custom_Objects/boat.uasset
[2017.08.17-07.48.39:354][501]LogMetaData: Removing '/Game/_Custom_Objects/BoatPawn.BoatPawn:UserConstructionScript.K2Node_FunctionEntry_0' ref from Metadata '/Game/_Custom_Objects/boat.PackageMetaData'
[2017.08.17-07.48.39:354][501]LogMetaData: Removing '/Game/_Custom_Objects/BoatPawn.SKEL_BoatPawn_C' ref from Metadata '/Game/_Custom_Objects/boat.PackageMetaData'
[2017.08.17-07.48.39:354][501]LogMetaData: Removing '/Game/_Custom_Objects/BoatPawn.BoatPawn_C' ref from Metadata '/Game/_Custom_Objects/boat.PackageMetaData'
[2017.08.17-07.48.39:354][501]LogMetaData: Removing '/Game/_Custom_Objects/BoatPawn.BoatPawn:EventGraph.K2Node_Event_0' ref from Metadata '/Game/_Custom_Objects/boat.PackageMetaData'
[2017.08.17-07.48.39:354][501]LogMetaData: Removing '/Game/_Custom_Objects/BoatPawn.BoatPawn:EventGraph.K2Node_Event_1' ref from Metadata '/Game/_Custom_Objects/boat.PackageMetaData'
[2017.08.17-07.48.39:354][501]LogMetaData: Removing '/Game/_Custom_Objects/BoatPawn.BoatPawn:EventGraph.K2Node_Event_2' ref from Metadata '/Game/_Custom_Objects/boat.PackageMetaData'
[2017.08.17-07.48.39:487][501]LogSavePackage: Save=64.01ms
[2017.08.17-07.48.39:487][501]LogSavePackage: Moving 'G:/Jarlin School/2017/Semester 2/GD2J03 - Rapid Prototyping/My Work/Prototype 3/TOA-TIME/KoopySandwich/Saved/BoatPawn7CCA07EE411DEBE32DC082B57EBC0EFF.tmp' to 'G:/Jarlin School/2017/Semester 2/GD2J03 - Rapid Prototyping/My Work/Prototype 3/TOA-TIME/KoopySandwich/Content/_Custom_Objects/BoatPawn.uasset'
[2017.08.17-07.48.39:510][501]LogSavePackage:Display: Finished SavePackage G:/Jarlin School/2017/Semester 2/GD2J03 - Rapid Prototyping/My Work/Prototype 3/TOA-TIME/KoopySandwich/Content/_Custom_Objects/BoatPawn.uasset
[2017.08.17-07.58.06:908][441]LogContentBrowser: Native class hierarchy updated for 'BlueprintGraph' in 0.0031 seconds. Added 111 classes and 0 folders.
[2017.08.17-08.01.31:862][692]LogFileHelpers: Editor autosave (incl. sublevels) for '/Game/_Maps/Koopy' took 0.034
[2017.08.17-08.01.31:886][692]OBJ SavePackage: Generating thumbnails for [0] asset(s) in package [/Game/_Custom_Objects/BoatPawn] ([1] browsable assets)...
[2017.08.17-08.01.31:886][692]OBJ SavePackage: Finished generating thumbnails for package [/Game/_Custom_Objects/BoatPawn]
[2017.08.17-08.01.32:110][692]LogSavePackage: Save=96.98ms
[2017.08.17-08.01.32:110][692]LogSavePackage: Moving 'G:/Jarlin School/2017/Semester 2/GD2J03 - Rapid Prototyping/My Work/Prototype 3/TOA-TIME/KoopySandwich/Saved/BoatPawn_Auto1F3C9D63C49E00E938BB5CCBD0ECBEB86.tmp' to 'G:/Jarlin School/2017/Semester 2/GD2J03 - Rapid Prototyping/My Work/Prototype 3/TOA-TIME/KoopySandwich/Saved/Autosaves/Game/_Custom_Objects/BoatPawn_Auto1.uasset'
[2017.08.17-08.01.32:118][692]LogSavePackage:Display: Finished SavePackage G:/Jarlin School/2017/Semester 2/GD2J03 - Rapid Prototyping/My Work/Prototype 3/TOA-TIME/KoopySandwich/Saved/Autosaves/Game/_Custom_Objects/BoatPawn_Auto1.uasset
[2017.08.17-08.01.32:118][692]LogFileHelpers: Auto-saving content packages took 0.255
[2017.08.17-08.07.10:948][749]BlueprintLog: New page: Compile BoatPawn
[2017.08.17-08.07.15:789][944]LogSavePackage: Save=78.19ms
[2017.08.17-08.07.15:794][944]LogSavePackage: Moving 'G:/Jarlin School/2017/Semester 2/GD2J03 - Rapid Prototyping/My Work/Prototype 3/TOA-TIME/KoopySandwich/Saved/BoatPawn5DADA04D4C41DA9887EADD9A440C268D.tmp' to 'G:/Jarlin School/2017/Semester 2/GD2J03 - Rapid Prototyping/My Work/Prototype 3/TOA-TIME/KoopySandwich/Content/_Custom_Objects/BoatPawn.uasset'
[2017.08.17-08.07.15:824][944]LogSavePackage:Display: Finished SavePackage G:/Jarlin School/2017/Semester 2/GD2J03 - Rapid Prototyping/My Work/Prototype 3/TOA-TIME/KoopySandwich/Content/_Custom_Objects/BoatPawn.uasset
[2017.08.17-08.16.36:614][137]LogSavePackage: Save=2618.27ms
[2017.08.17-08.16.36:614][137]LogSavePackage: Moving 'G:/Jarlin School/2017/Semester 2/GD2J03 - Rapid Prototyping/My Work/Prototype 3/TOA-TIME/KoopySandwich/Saved/TutorialIsland_V2_Mesh9CF195864F67AA4D38BB4D8A53E62CBC.tmp' to 'G:/Jarlin School/2017/Semester 2/GD2J03 - Rapid Prototyping/My Work/Prototype 3/TOA-TIME/KoopySandwich/Content/_Meshes/TutorialIsland_V2_Mesh.uasset'
[2017.08.17-08.16.40:102][137]LogSavePackage:Display: Finished SavePackage G:/Jarlin School/2017/Semester 2/GD2J03 - Rapid Prototyping/My Work/Prototype 3/TOA-TIME/KoopySandwich/Content/_Meshes/TutorialIsland_V2_Mesh.uasset
[2017.08.17-08.27.54:118][572]LogTemp: Repeting last play command: New Editor Window (PIE)
[2017.08.17-08.27.54:159][572]LogPlayLevel: PlayLevel: No blueprints needed recompiling
[2017.08.17-08.27.54:159][572]PIE: New page: PIE session: Koopy (18/08/2017 8:27:54 am)
[2017.08.17-08.27.54:159][572]LogPlayLevel: Creating play world package: /Game/_Maps/UEDPIE_0_Koopy
[2017.08.17-08.27.54:181][572]LogPlayLevel: PIE: StaticDuplicateObject took: (0.022152s)
[2017.08.17-08.27.54:182][572]LogAIModule: Creating AISystem for world Koopy
[2017.08.17-08.27.54:183][572]LogPlayLevel: PIE: World Init took: (0.001523s)
[2017.08.17-08.27.54:183][572]LogPlayLevel: PIE: Created PIE world by copying editor world from /Game/_Maps/Koopy.Koopy to /Game/_Maps/UEDPIE_0_Koopy.Koopy (0.023970s)
[2017.08.17-08.27.54:209][572]LogInit: XAudio2 using 'Speakers (Logitech G930 Gaming Headset)' : 8 channels at 48 kHz using 16 bits per sample (channel mask 0x63f)
[2017.08.17-08.27.54:227][572]LogInit: FAudioDevice initialized.
[2017.08.17-08.27.54:301][572]LogLoad: Game class is 'ThirdPersonGameMode_C'
[2017.08.17-08.27.54:304][572]LogWorld: Bringing World /Game/_Maps/UEDPIE_0_Koopy.Koopy up for play (max tick rate 0) at 2017.08.17-20.27.54
[2017.08.17-08.27.54:304][572]LogWorld: Bringing up level for play took: 0.001920
[2017.08.17-08.27.54:313][572]PIE: Info Play in editor start time for /Game/_Maps/UEDPIE_0_Koopy -0.84
[2017.08.17-08.28.50:515][173]LogTemp: Repeting last play command: New Editor Window (PIE)
[2017.08.17-08.28.50:578][173]LogPlayLevel: PlayLevel: No blueprints needed recompiling
[2017.08.17-08.28.50:578][173]PIE: New page: PIE session: Koopy (18/08/2017 8:28:50 am)
[2017.08.17-08.28.50:578][173]LogPlayLevel: Creating play world package: /Game/_Maps/UEDPIE_0_Koopy
[2017.08.17-08.28.50:598][173]LogPlayLevel: PIE: StaticDuplicateObject took: (0.020139s)
[2017.08.17-08.28.50:599][173]LogAIModule: Creating AISystem for world Koopy
[2017.08.17-08.28.50:599][173]LogPlayLevel: PIE: World Init took: (0.000896s)
[2017.08.17-08.28.50:599][173]LogPlayLevel: PIE: Created PIE world by copying editor world from /Game/_Maps/Koopy.Koopy to /Game/_Maps/UEDPIE_0_Koopy.Koopy (0.021245s)
[2017.08.17-08.28.50:626][173]LogInit: XAudio2 using 'Speakers (Logitech G930 Gaming Headset)' : 8 channels at 48 kHz using 16 bits per sample (channel mask 0x63f)
[2017.08.17-08.28.50:643][173]LogInit: FAudioDevice initialized.
[2017.08.17-08.28.50:752][173]LogLoad: Game class is 'ThirdPersonGameMode_C'
[2017.08.17-08.28.50:755][173]LogWorld: Bringing World /Game/_Maps/UEDPIE_0_Koopy.Koopy up for play (max tick rate 0) at 2017.08.17-20.28.50
[2017.08.17-08.28.50:755][173]LogWorld: Bringing up level for play took: 0.001705
[2017.08.17-08.28.50:766][173]PIE: Info Play in editor start time for /Game/_Maps/UEDPIE_0_Koopy -0.387
[2017.08.17-08.29.56:493][288]LogSavePackage: Save=261.41ms
[2017.08.17-08.29.56:493][288]LogSavePackage: Moving 'G:/Jarlin School/2017/Semester 2/GD2J03 - Rapid Prototyping/My Work/Prototype 3/TOA-TIME/KoopySandwich/Saved/ThirdPersonCharacter4C6CD1D94DBE3781F43ADFA28B4C161D.tmp' to 'G:/Jarlin School/2017/Semester 2/GD2J03 - Rapid Prototyping/My Work/Prototype 3/TOA-TIME/KoopySandwich/Content/ThirdPersonBP/Blueprints/ThirdPersonCharacter.uasset'
[2017.08.17-08.29.56:533][288]LogSavePackage:Display: Finished SavePackage G:/Jarlin School/2017/Semester 2/GD2J03 - Rapid Prototyping/My Work/Prototype 3/TOA-TIME/KoopySandwich/Content/ThirdPersonBP/Blueprints/ThirdPersonCharacter.uasset
[2017.08.17-08.30.45:514][  8]BlueprintLog: New page: Compile ThirdPersonCharacter
[2017.08.17-08.30.47:272][ 53]LogSavePackage: Save=281.45ms
[2017.08.17-08.30.47:272][ 53]LogSavePackage: Moving 'G:/Jarlin School/2017/Semester 2/GD2J03 - Rapid Prototyping/My Work/Prototype 3/TOA-TIME/KoopySandwich/Saved/ThirdPersonCharacterFE0D14A742338AC4496A9CBE9EF4C50C.tmp' to 'G:/Jarlin School/2017/Semester 2/GD2J03 - Rapid Prototyping/My Work/Prototype 3/TOA-TIME/KoopySandwich/Content/ThirdPersonBP/Blueprints/ThirdPersonCharacter.uasset'
[2017.08.17-08.30.47:284][ 53]LogSavePackage:Display: Finished SavePackage G:/Jarlin School/2017/Semester 2/GD2J03 - Rapid Prototyping/My Work/Prototype 3/TOA-TIME/KoopySandwich/Content/ThirdPersonBP/Blueprints/ThirdPersonCharacter.uasset
[2017.08.17-08.31.39:578][113]LogTemp: Repeting last play command: New Editor Window (PIE)
[2017.08.17-08.31.39:610][113]LogPlayLevel: PlayLevel: No blueprints needed recompiling
[2017.08.17-08.31.39:611][113]PIE: New page: PIE session: Koopy (18/08/2017 8:31:39 am)
[2017.08.17-08.31.39:611][113]LogPlayLevel: Creating play world package: /Game/_Maps/UEDPIE_0_Koopy
[2017.08.17-08.31.39:630][113]LogPlayLevel: PIE: StaticDuplicateObject took: (0.018951s)
[2017.08.17-08.31.39:631][113]LogAIModule: Creating AISystem for world Koopy
[2017.08.17-08.31.39:631][113]LogPlayLevel: PIE: World Init took: (0.001230s)
[2017.08.17-08.31.39:631][113]LogPlayLevel: PIE: Created PIE world by copying editor world from /Game/_Maps/Koopy.Koopy to /Game/_Maps/UEDPIE_0_Koopy.Koopy (0.020456s)
[2017.08.17-08.31.39:654][113]LogInit: XAudio2 using 'Speakers (Logitech G930 Gaming Headset)' : 8 channels at 48 kHz using 16 bits per sample (channel mask 0x63f)
[2017.08.17-08.31.39:673][113]LogInit: FAudioDevice initialized.
[2017.08.17-08.31.39:745][113]LogLoad: Game class is 'ThirdPersonGameMode_C'
[2017.08.17-08.31.39:749][113]LogWorld: Bringing World /Game/_Maps/UEDPIE_0_Koopy.Koopy up for play (max tick rate 0) at 2017.08.17-20.31.39
[2017.08.17-08.31.39:750][113]LogWorld: Bringing up level for play took: 0.002899
[2017.08.17-08.31.39:759][113]PIE: Info Play in editor start time for /Game/_Maps/UEDPIE_0_Koopy 0.606
[2017.08.17-08.35.20:109][172]LogTemp: Repeting last play command: New Editor Window (PIE)
[2017.08.17-08.35.20:143][172]LogPlayLevel: PlayLevel: No blueprints needed recompiling
[2017.08.17-08.35.20:143][172]PIE: New page: PIE session: Koopy (18/08/2017 8:35:20 am)
[2017.08.17-08.35.20:143][172]LogPlayLevel: Creating play world package: /Game/_Maps/UEDPIE_0_Koopy
[2017.08.17-08.35.20:162][172]LogPlayLevel: PIE: StaticDuplicateObject took: (0.019311s)
[2017.08.17-08.35.20:163][172]LogAIModule: Creating AISystem for world Koopy
[2017.08.17-08.35.20:163][172]LogPlayLevel: PIE: World Init took: (0.000929s)
[2017.08.17-08.35.20:164][172]LogPlayLevel: PIE: Created PIE world by copying editor world from /Game/_Maps/Koopy.Koopy to /Game/_Maps/UEDPIE_0_Koopy.Koopy (0.020661s)
[2017.08.17-08.35.20:185][172]LogInit: XAudio2 using 'Speakers (Logitech G930 Gaming Headset)' : 8 channels at 48 kHz using 16 bits per sample (channel mask 0x63f)
[2017.08.17-08.35.20:204][172]LogInit: FAudioDevice initialized.
[2017.08.17-08.35.20:272][172]LogLoad: Game class is 'ThirdPersonGameMode_C'
[2017.08.17-08.35.20:277][172]LogWorld: Bringing World /Game/_Maps/UEDPIE_0_Koopy.Koopy up for play (max tick rate 0) at 2017.08.17-20.35.20
[2017.08.17-08.35.20:277][172]LogWorld: Bringing up level for play took: 0.003045
[2017.08.17-08.35.20:286][172]PIE: Info Play in editor start time for /Game/_Maps/UEDPIE_0_Koopy 1.133
[2017.08.17-08.35.38:279][911]LogTemp: Repeting last play command: New Editor Window (PIE)
[2017.08.17-08.35.38:310][911]LogPlayLevel: PlayLevel: No blueprints needed recompiling
[2017.08.17-08.35.38:310][911]PIE: New page: PIE session: Koopy (18/08/2017 8:35:38 am)
[2017.08.17-08.35.38:310][911]LogPlayLevel: Creating play world package: /Game/_Maps/UEDPIE_0_Koopy
[2017.08.17-08.35.38:329][911]LogPlayLevel: PIE: StaticDuplicateObject took: (0.018464s)
[2017.08.17-08.35.38:329][911]LogAIModule: Creating AISystem for world Koopy
[2017.08.17-08.35.38:329][911]LogPlayLevel: PIE: World Init took: (0.000877s)
[2017.08.17-08.35.38:330][911]LogPlayLevel: PIE: Created PIE world by copying editor world from /Game/_Maps/Koopy.Koopy to /Game/_Maps/UEDPIE_0_Koopy.Koopy (0.019669s)
[2017.08.17-08.35.38:352][911]LogInit: XAudio2 using 'Speakers (Logitech G930 Gaming Headset)' : 8 channels at 48 kHz using 16 bits per sample (channel mask 0x63f)
[2017.08.17-08.35.38:369][911]LogInit: FAudioDevice initialized.
[2017.08.17-08.35.38:442][911]LogLoad: Game class is 'ThirdPersonGameMode_C'
[2017.08.17-08.35.38:445][911]LogWorld: Bringing World /Game/_Maps/UEDPIE_0_Koopy.Koopy up for play (max tick rate 0) at 2017.08.17-20.35.38
[2017.08.17-08.35.38:445][911]LogWorld: Bringing up level for play took: 0.001638
[2017.08.17-08.35.38:452][911]PIE: Info Play in editor start time for /Game/_Maps/UEDPIE_0_Koopy -0.7
[2017.08.17-08.41.41:513][366]LogTemp: Repeting last play command: New Editor Window (PIE)
[2017.08.17-08.41.41:553][366]LogPlayLevel: PlayLevel: No blueprints needed recompiling
[2017.08.17-08.41.41:553][366]PIE: New page: PIE session: Koopy (18/08/2017 8:41:41 am)
[2017.08.17-08.41.41:553][366]LogPlayLevel: Creating play world package: /Game/_Maps/UEDPIE_0_Koopy
[2017.08.17-08.41.41:572][366]LogPlayLevel: PIE: StaticDuplicateObject took: (0.018921s)
[2017.08.17-08.41.41:573][366]LogAIModule: Creating AISystem for world Koopy
[2017.08.17-08.41.41:573][366]LogPlayLevel: PIE: World Init took: (0.000783s)
[2017.08.17-08.41.41:573][366]LogPlayLevel: PIE: Created PIE world by copying editor world from /Game/_Maps/Koopy.Koopy to /Game/_Maps/UEDPIE_0_Koopy.Koopy (0.019946s)
[2017.08.17-08.41.41:596][366]LogInit: XAudio2 using 'Speakers (Logitech G930 Gaming Headset)' : 8 channels at 48 kHz using 16 bits per sample (channel mask 0x63f)
[2017.08.17-08.41.41:615][366]LogInit: FAudioDevice initialized.
[2017.08.17-08.41.41:693][366]LogLoad: Game class is 'ThirdPersonGameMode_C'
[2017.08.17-08.41.41:698][366]LogWorld: Bringing World /Game/_Maps/UEDPIE_0_Koopy.Koopy up for play (max tick rate 0) at 2017.08.17-20.41.41
[2017.08.17-08.41.41:698][366]LogWorld: Bringing up level for play took: 0.002779
[2017.08.17-08.41.41:705][366]PIE: Info Play in editor start time for /Game/_Maps/UEDPIE_0_Koopy 0.553
[2017.08.17-08.43.14:273][ 77]BlueprintLog: New page: Compile ThirdPersonCharacter
[2017.08.17-08.43.15:631][112]LogSavePackage: Save=270.07ms
[2017.08.17-08.43.15:632][112]LogSavePackage: Moving 'G:/Jarlin School/2017/Semester 2/GD2J03 - Rapid Prototyping/My Work/Prototype 3/TOA-TIME/KoopySandwich/Saved/ThirdPersonCharacter2C40452B432AF1571487CEAA3D807F2F.tmp' to 'G:/Jarlin School/2017/Semester 2/GD2J03 - Rapid Prototyping/My Work/Prototype 3/TOA-TIME/KoopySandwich/Content/ThirdPersonBP/Blueprints/ThirdPersonCharacter.uasset'
[2017.08.17-08.43.15:667][112]LogSavePackage:Display: Finished SavePackage G:/Jarlin School/2017/Semester 2/GD2J03 - Rapid Prototyping/My Work/Prototype 3/TOA-TIME/KoopySandwich/Content/ThirdPersonBP/Blueprints/ThirdPersonCharacter.uasset
[2017.08.17-08.43.16:908][176]LogTemp: Repeting last play command: New Editor Window (PIE)
[2017.08.17-08.43.16:952][176]LogPlayLevel: PlayLevel: No blueprints needed recompiling
[2017.08.17-08.43.16:952][176]PIE: New page: PIE session: Koopy (18/08/2017 8:43:16 am)
[2017.08.17-08.43.16:952][176]LogPlayLevel: Creating play world package: /Game/_Maps/UEDPIE_0_Koopy
[2017.08.17-08.43.16:976][176]LogPlayLevel: PIE: StaticDuplicateObject took: (0.023404s)
[2017.08.17-08.43.16:977][176]LogAIModule: Creating AISystem for world Koopy
[2017.08.17-08.43.16:977][176]LogPlayLevel: PIE: World Init took: (0.001029s)
[2017.08.17-08.43.16:977][176]LogPlayLevel: PIE: Created PIE world by copying editor world from /Game/_Maps/Koopy.Koopy to /Game/_Maps/UEDPIE_0_Koopy.Koopy (0.024765s)
[2017.08.17-08.43.17:003][176]LogInit: XAudio2 using 'Speakers (Logitech G930 Gaming Headset)' : 8 channels at 48 kHz using 16 bits per sample (channel mask 0x63f)
[2017.08.17-08.43.17:025][176]LogInit: FAudioDevice initialized.
[2017.08.17-08.43.17:102][176]LogLoad: Game class is 'ThirdPersonGameMode_C'
[2017.08.17-08.43.17:105][176]LogWorld: Bringing World /Game/_Maps/UEDPIE_0_Koopy.Koopy up for play (max tick rate 0) at 2017.08.17-20.43.17
[2017.08.17-08.43.17:105][176]LogWorld: Bringing up level for play took: 0.001605
[2017.08.17-08.43.17:115][176]PIE: Info Play in editor start time for /Game/_Maps/UEDPIE_0_Koopy -0.037
[2017.08.17-08.47.21:408][ 81]LogTemp: Repeting last play command: New Editor Window (PIE)
