Log file open, 08/22/17 08:47:00
LogInit:Display: Running engine for game: KoopySandwich
LogPlatformFile: Not using cached read wrapper
LogInit:Display: RandInit(-544199948) SRandInit(-544199948).
LogTaskGraph: Started task graph with 5 named threads and 8 total threads with 1 sets of task threads.
LogStats: Stats thread started at 6.156603
LogPluginManager: Loaded Plugin Paper2D, From C:/apps/Epic Games/4.14/Engine/Plugins/2D/Paper2D/Paper2D.uplugin
LogPluginManager: Loaded Plugin LightPropagationVolume, From C:/apps/Epic Games/4.14/Engine/Plugins/Blendables/LightPropagationVolume/LightPropagationVolume.uplugin
LogPluginManager: Loaded Plugin BlankPlugin, From C:/apps/Epic Games/4.14/Engine/Plugins/Developer/BlankPlugin/BlankPlugin.uplugin
LogPluginManager: Loaded Plugin CodeLiteSourceCodeAccess, From C:/apps/Epic Games/4.14/Engine/Plugins/Developer/CodeLiteSourceCodeAccess/CodeLiteSourceCodeAccess.uplugin
LogPluginManager: Loaded Plugin GitSourceControl, From C:/apps/Epic Games/4.14/Engine/Plugins/Developer/GitSourceControl/GitSourceControl.uplugin
LogPluginManager: Loaded Plugin KDevelopSourceCodeAccess, From C:/apps/Epic Games/4.14/Engine/Plugins/Developer/KDevelopSourceCodeAccess/KDevelopSourceCodeAccess.uplugin
LogPluginManager: Loaded Plugin NullSourceCodeAccess, From C:/apps/Epic Games/4.14/Engine/Plugins/Developer/NullSourceCodeAccess/NullSourceCodeAccess.uplugin
LogPluginManager: Loaded Plugin OneSkyLocalizationService, From C:/apps/Epic Games/4.14/Engine/Plugins/Developer/OneSkyLocalizationService/OneSkyLocalizationService.uplugin
LogPluginManager: Loaded Plugin PerforceSourceControl, From C:/apps/Epic Games/4.14/Engine/Plugins/Developer/PerforceSourceControl/PerforceSourceControl.uplugin
LogPluginManager: Loaded Plugin SubversionSourceControl, From C:/apps/Epic Games/4.14/Engine/Plugins/Developer/SubversionSourceControl/SubversionSourceControl.uplugin
LogPluginManager: Loaded Plugin UObjectPlugin, From C:/apps/Epic Games/4.14/Engine/Plugins/Developer/UObjectPlugin/UObjectPlugin.uplugin
LogPluginManager: Loaded Plugin VisualStudioSourceCodeAccess, From C:/apps/Epic Games/4.14/Engine/Plugins/Developer/VisualStudioSourceCodeAccess/VisualStudioSourceCodeAccess.uplugin
LogPluginManager: Loaded Plugin XCodeSourceCodeAccess, From C:/apps/Epic Games/4.14/Engine/Plugins/Developer/XCodeSourceCodeAccess/XCodeSourceCodeAccess.uplugin
LogPluginManager: Loaded Plugin AudioCapture, From C:/apps/Epic Games/4.14/Engine/Plugins/Editor/AudioCapture/AudioCapture.uplugin
LogPluginManager: Loaded Plugin EpicSurvey, From C:/apps/Epic Games/4.14/Engine/Plugins/Editor/EpicSurvey/EpicSurvey.uplugin
LogPluginManager: Loaded Plugin MacGraphicsSwitching, From C:/apps/Epic Games/4.14/Engine/Plugins/Editor/MacGraphicsSwitching/MacGraphicsSwitching.uplugin
LogPluginManager: Loaded Plugin MobileLauncherProfileWizard, From C:/apps/Epic Games/4.14/Engine/Plugins/Editor/MobileLauncherProfileWizard/MobileLauncherProfileWizard.uplugin
LogPluginManager: Loaded Plugin PluginBrowser, From C:/apps/Epic Games/4.14/Engine/Plugins/Editor/PluginBrowser/PluginBrowser.uplugin
LogPluginManager: Loaded Plugin SpeedTreeImporter, From C:/apps/Epic Games/4.14/Engine/Plugins/Editor/SpeedTreeImporter/SpeedTreeImporter.uplugin
LogPluginManager: Loaded Plugin SuperSearchEditor, From C:/apps/Epic Games/4.14/Engine/Plugins/Editor/SuperSearchEditor/SuperSearchEditor.uplugin
LogPluginManager: Loaded Plugin AlembicImporter, From C:/apps/Epic Games/4.14/Engine/Plugins/Experimental/AlembicImporter/AlembicImporter.uplugin
LogPluginManager: Loaded Plugin BlueprintStats, From C:/apps/Epic Games/4.14/Engine/Plugins/Experimental/BlueprintStats/BlueprintStats.uplugin
LogPluginManager: Loaded Plugin CharacterAI, From C:/apps/Epic Games/4.14/Engine/Plugins/Experimental/CharacterAI/CharacterAI.uplugin
LogPluginManager: Loaded Plugin CodeEditor, From C:/apps/Epic Games/4.14/Engine/Plugins/Experimental/CodeEditor/CodeEditor.uplugin
LogPluginManager: Loaded Plugin CodeView, From C:/apps/Epic Games/4.14/Engine/Plugins/Experimental/CodeView/CodeView.uplugin
LogPluginManager: Loaded Plugin HTML5Networking, From C:/apps/Epic Games/4.14/Engine/Plugins/Experimental/HTML5Networking/HTML5Networking.uplugin
LogPluginManager: Loaded Plugin OSVR, From C:/apps/Epic Games/4.14/Engine/Plugins/Experimental/OSVR/OSVR.uplugin
LogPluginManager: Loaded Plugin Phya, From C:/apps/Epic Games/4.14/Engine/Plugins/Experimental/Phya/Phya.uplugin
LogPluginManager: Loaded Plugin SignificanceManager, From C:/apps/Epic Games/4.14/Engine/Plugins/Experimental/SignificanceManager/SignificanceManager.uplugin
LogPluginManager: Loaded Plugin SimpleHMD, From C:/apps/Epic Games/4.14/Engine/Plugins/Experimental/SimpleHMD/SimpleHMD.uplugin
LogPluginManager: Loaded Plugin StereoPanorama, From C:/apps/Epic Games/4.14/Engine/Plugins/Experimental/StereoPanorama/StereoPanorama.uplugin
LogPluginManager: Loaded Plugin StructBox, From C:/apps/Epic Games/4.14/Engine/Plugins/Experimental/StructBox/StructBox.uplugin
LogPluginManager: Loaded Plugin Substance, From C:/apps/Epic Games/4.14/Engine/Plugins/Marketplace/Substance/Substance.uplugin
LogPluginManager: Loaded Plugin AndroidMedia, From C:/apps/Epic Games/4.14/Engine/Plugins/Media/AndroidMedia/AndroidMedia.uplugin
LogPluginManager: Loaded Plugin AvfMedia, From C:/apps/Epic Games/4.14/Engine/Plugins/Media/AvfMedia/AvfMedia.uplugin
LogPluginManager: Loaded Plugin MediaPlayerEditor, From C:/apps/Epic Games/4.14/Engine/Plugins/Media/MediaPlayerEditor/MediaPlayerEditor.uplugin
LogPluginManager: Loaded Plugin WmfMedia, From C:/apps/Epic Games/4.14/Engine/Plugins/Media/WmfMedia/WmfMedia.uplugin
LogPluginManager: Loaded Plugin MessagingDebugger, From C:/apps/Epic Games/4.14/Engine/Plugins/Messaging/MessagingDebugger/MessagingDebugger.uplugin
LogPluginManager: Loaded Plugin TcpMessaging, From C:/apps/Epic Games/4.14/Engine/Plugins/Messaging/TcpMessaging/TcpMessaging.uplugin
LogPluginManager: Loaded Plugin UdpMessaging, From C:/apps/Epic Games/4.14/Engine/Plugins/Messaging/UdpMessaging/UdpMessaging.uplugin
LogPluginManager: Loaded Plugin LevelSequenceEditor, From C:/apps/Epic Games/4.14/Engine/Plugins/MovieScene/LevelSequenceEditor/LevelSequenceEditor.uplugin
LogPluginManager: Loaded Plugin MatineeToLevelSequence, From C:/apps/Epic Games/4.14/Engine/Plugins/MovieScene/MatineeToLevelSequence/MatineeToLevelSequence.uplugin
LogPluginManager: Loaded Plugin NetcodeUnitTest, From C:/apps/Epic Games/4.14/Engine/Plugins/NetcodeUnitTest/NetcodeUnitTest/NetcodeUnitTest.uplugin
LogPluginManager: Loaded Plugin NUTUnrealEngine4, From C:/apps/Epic Games/4.14/Engine/Plugins/NetcodeUnitTest/NUTUnrealEngine4/NUTUnrealEngine4.uplugin
LogPluginManager: Loaded Plugin OnlineSubsystemGameCircle, From C:/apps/Epic Games/4.14/Engine/Plugins/Online/Android/OnlineSubsystemGameCircle/OnlineSubsystemGameCircle.uplugin
LogPluginManager: Loaded Plugin OnlineSubsystemGooglePlay, From C:/apps/Epic Games/4.14/Engine/Plugins/Online/Android/OnlineSubsystemGooglePlay/OnlineSubsystemGooglePlay.uplugin
LogPluginManager: Loaded Plugin OnlineSubsystemIOS, From C:/apps/Epic Games/4.14/Engine/Plugins/Online/IOS/OnlineSubsystemIOS/OnlineSubsystemIOS.uplugin
LogPluginManager: Loaded Plugin OnlineFramework, From C:/apps/Epic Games/4.14/Engine/Plugins/Online/OnlineFramework/OnlineFramework.uplugin
LogPluginManager: Loaded Plugin OnlineSubsystem, From C:/apps/Epic Games/4.14/Engine/Plugins/Online/OnlineSubsystem/OnlineSubsystem.uplugin
LogPluginManager: Loaded Plugin OnlineSubsystemAmazon, From C:/apps/Epic Games/4.14/Engine/Plugins/Online/OnlineSubsystemAmazon/OnlineSubsystemAmazon.uplugin
LogPluginManager: Loaded Plugin OnlineSubsystemFacebook, From C:/apps/Epic Games/4.14/Engine/Plugins/Online/OnlineSubsystemFacebook/OnlineSubsystemFacebook.uplugin
LogPluginManager: Loaded Plugin OnlineSubsystemNull, From C:/apps/Epic Games/4.14/Engine/Plugins/Online/OnlineSubsystemNull/OnlineSubsystemNull.uplugin
LogPluginManager: Loaded Plugin OnlineSubsystemOculus, From C:/apps/Epic Games/4.14/Engine/Plugins/Online/OnlineSubsystemOculus/OnlineSubsystemOculus.uplugin
LogPluginManager: Loaded Plugin OnlineSubsystemSteam, From C:/apps/Epic Games/4.14/Engine/Plugins/Online/OnlineSubsystemSteam/OnlineSubsystemSteam.uplugin
LogPluginManager: Loaded Plugin OnlineSubsystemUtils, From C:/apps/Epic Games/4.14/Engine/Plugins/Online/OnlineSubsystemUtils/OnlineSubsystemUtils.uplugin
LogPluginManager: Loaded Plugin IOSTapJoy, From C:/apps/Epic Games/4.14/Engine/Plugins/Runtime/Advertising/IOSTapJoy/IOSTapJoy.uplugin
LogPluginManager: Loaded Plugin AnalyticsBlueprintLibrary, From C:/apps/Epic Games/4.14/Engine/Plugins/Runtime/Analytics/AnalyticsBlueprintLibrary/AnalyticsBlueprintLibrary.uplugin
LogPluginManager: Loaded Plugin AnalyticsMulticast, From C:/apps/Epic Games/4.14/Engine/Plugins/Runtime/Analytics/AnalyticsMulticast/AnalyticsMulticast.uplugin
LogPluginManager: Loaded Plugin Apsalar, From C:/apps/Epic Games/4.14/Engine/Plugins/Runtime/Analytics/Apsalar/Apsalar.uplugin
LogPluginManager: Loaded Plugin FileLogging, From C:/apps/Epic Games/4.14/Engine/Plugins/Runtime/Analytics/FileLogging/FileLogging.uplugin
LogPluginManager: Loaded Plugin Flurry, From C:/apps/Epic Games/4.14/Engine/Plugins/Runtime/Analytics/Flurry/Flurry.uplugin
LogPluginManager: Loaded Plugin AndroidDeviceProfileSelector, From C:/apps/Epic Games/4.14/Engine/Plugins/Runtime/AndroidDeviceProfileSelector/AndroidDeviceProfileSelector.uplugin
LogPluginManager: Loaded Plugin AndroidMoviePlayer, From C:/apps/Epic Games/4.14/Engine/Plugins/Runtime/AndroidMoviePlayer/AndroidMoviePlayer.uplugin
LogPluginManager: Loaded Plugin AppleMoviePlayer, From C:/apps/Epic Games/4.14/Engine/Plugins/Runtime/AppleMoviePlayer/AppleMoviePlayer.uplugin
LogPluginManager: Loaded Plugin ArchVisCharacter, From C:/apps/Epic Games/4.14/Engine/Plugins/Runtime/ArchVisCharacter/ArchVisCharacter.uplugin
LogPluginManager: Loaded Plugin CableComponent, From C:/apps/Epic Games/4.14/Engine/Plugins/Runtime/CableComponent/CableComponent.uplugin
LogPluginManager: Loaded Plugin CustomMeshComponent, From C:/apps/Epic Games/4.14/Engine/Plugins/Runtime/CustomMeshComponent/CustomMeshComponent.uplugin
LogPluginManager: Loaded Plugin ExampleDeviceProfileSelector, From C:/apps/Epic Games/4.14/Engine/Plugins/Runtime/ExampleDeviceProfileSelector/ExampleDeviceProfileSelector.uplugin
LogPluginManager: Loaded Plugin GearVR, From C:/apps/Epic Games/4.14/Engine/Plugins/Runtime/GearVR/GearVR.uplugin
LogPluginManager: Loaded Plugin GoogleVRController, From C:/apps/Epic Games/4.14/Engine/Plugins/Runtime/GoogleVR/GoogleVRController/GoogleVRController.uplugin
LogPluginManager: Loaded Plugin GoogleVRHMD, From C:/apps/Epic Games/4.14/Engine/Plugins/Runtime/GoogleVR/GoogleVRHMD/GoogleVRHMD.uplugin
LogPluginManager: Loaded Plugin IOSDeviceProfileSelector, From C:/apps/Epic Games/4.14/Engine/Plugins/Runtime/IOSDeviceProfileSelector/IOSDeviceProfileSelector.uplugin
LogPluginManager: Loaded Plugin LeapMotion, From C:/apps/Epic Games/4.14/Engine/Plugins/Runtime/LeapMotion/LeapMotion.uplugin
LogPluginManager: Loaded Plugin LinuxDeviceProfileSelector, From C:/apps/Epic Games/4.14/Engine/Plugins/Runtime/LinuxDeviceProfileSelector/LinuxDeviceProfileSelector.uplugin
LogPluginManager: Loaded Plugin MIDIDevice, From C:/apps/Epic Games/4.14/Engine/Plugins/Runtime/MIDIDevice/MIDIDevice.uplugin
LogPluginManager: Loaded Plugin MobilePatchingUtils, From C:/apps/Epic Games/4.14/Engine/Plugins/Runtime/MobilePatchingUtils/MobilePatchingUtils.uplugin
LogPluginManager: Loaded Plugin Ansel, From C:/apps/Epic Games/4.14/Engine/Plugins/Runtime/Nvidia/Ansel/Ansel.uplugin
LogPluginManager: Loaded Plugin OculusAudio, From C:/apps/Epic Games/4.14/Engine/Plugins/Runtime/OculusAudio/OculusAudio.uplugin
LogPluginManager: Loaded Plugin OculusInput, From C:/apps/Epic Games/4.14/Engine/Plugins/Runtime/OculusInput/OculusInput.uplugin
LogPluginManager: Loaded Plugin OculusLibrary, From C:/apps/Epic Games/4.14/Engine/Plugins/Runtime/OculusLibrary/OculusLibrary.uplugin
LogPluginManager: Loaded Plugin OculusRift, From C:/apps/Epic Games/4.14/Engine/Plugins/Runtime/OculusRift/OculusRift.uplugin
LogPluginManager: Loaded Plugin Oodle, From C:/apps/Epic Games/4.14/Engine/Plugins/Runtime/PacketHandlers/CompressionComponents/Oodle/Oodle.uplugin
LogPluginManager: Loaded Plugin ProceduralMeshComponent, From C:/apps/Epic Games/4.14/Engine/Plugins/Runtime/ProceduralMeshComponent/ProceduralMeshComponent.uplugin
LogPluginManager: Loaded Plugin SoundMod, From C:/apps/Epic Games/4.14/Engine/Plugins/Runtime/SoundMod/SoundMod.uplugin
LogPluginManager: Loaded Plugin SoundVisualizations, From C:/apps/Epic Games/4.14/Engine/Plugins/Runtime/SoundVisualizations/SoundVisualizations.uplugin
LogPluginManager: Loaded Plugin SteamController, From C:/apps/Epic Games/4.14/Engine/Plugins/Runtime/Steam/SteamController/SteamController.uplugin
LogPluginManager: Loaded Plugin SteamVR, From C:/apps/Epic Games/4.14/Engine/Plugins/Runtime/Steam/SteamVR/SteamVR.uplugin
LogPluginManager: Loaded Plugin WebBrowserWidget, From C:/apps/Epic Games/4.14/Engine/Plugins/Runtime/WebBrowserWidget/WebBrowserWidget.uplugin
LogPluginManager: Loaded Plugin WindowsDeviceProfileSelector, From C:/apps/Epic Games/4.14/Engine/Plugins/Runtime/WindowsDeviceProfileSelector/WindowsDeviceProfileSelector.uplugin
LogPluginManager: Loaded Plugin WindowsMoviePlayer, From C:/apps/Epic Games/4.14/Engine/Plugins/Runtime/WindowsMoviePlayer/WindowsMoviePlayer.uplugin
LogPluginManager: Loaded Plugin ScriptPlugin, From C:/apps/Epic Games/4.14/Engine/Plugins/ScriptPlugin/ScriptPlugin.uplugin
LogPluginManager: Loaded Plugin SlateRemote, From C:/apps/Epic Games/4.14/Engine/Plugins/Slate/SlateRemote/SlateRemote.uplugin
LogPluginManager: Loaded Plugin EditorTests, From C:/apps/Epic Games/4.14/Engine/Plugins/Tests/EditorTests/EditorTests.uplugin
LogPluginManager: Loaded Plugin FbxAutomationTestBuilder, From C:/apps/Epic Games/4.14/Engine/Plugins/Tests/FbxAutomationTestBuilder/FbxAutomationTestBuilder.uplugin
LogPluginManager: Loaded Plugin FunctionalTestingEditor, From C:/apps/Epic Games/4.14/Engine/Plugins/Tests/FunctionalTestingEditor/FunctionalTestingEditor.uplugin
LogPluginManager: Loaded Plugin RuntimeTests, From C:/apps/Epic Games/4.14/Engine/Plugins/Tests/RuntimeTests/RuntimeTests.uplugin
LogPluginManager: Loaded Plugin ScreenshotTools, From C:/apps/Epic Games/4.14/Engine/Plugins/Tests/ScreenshotTools/ScreenshotTools.uplugin
LogInit: Using libcurl 7.47.1
LogInit:  - built for x86_64-pc-win32
LogInit:  - supports SSL with OpenSSL/1.0.2g
LogInit:  - supports HTTP deflate (compression) using libz 1.2.8
LogInit:  - other features:
LogInit:      CURL_VERSION_SSL
LogInit:      CURL_VERSION_LIBZ
LogInit:      CURL_VERSION_IPV6
LogInit:      CURL_VERSION_ASYNCHDNS
LogInit:      CURL_VERSION_LARGEFILE
LogInit:      CURL_VERSION_IDN
LogInit:  CurlRequestOptions (configurable via config and command line):
LogInit:  - bVerifyPeer = false  - Libcurl will NOT verify peer certificate
LogInit:  - bUseHttpProxy = false  - Libcurl will NOT use HTTP proxy
LogInit:  - bDontReuseConnections = false  - Libcurl will reuse connections
LogInit:  - CertBundlePath = nullptr  - Libcurl will use whatever was configured at build time.
LogInit: Build: ++UE4+Release-4.14-CL-3249277
LogInit: Engine Version: 4.14.3-3249277+++UE4+Release-4.14
LogInit: Compatible Engine Version: 4.14.0-3195953+++UE4+Release-4.14
LogInit: Net CL: 3195953
LogDevObjectVersion: Number of dev versions registered: 13
LogDevObjectVersion:   Dev-Blueprints (B0D832E4-1F89-4F0D-ACCF-7EB736FD4AA2): 7
LogDevObjectVersion:   Dev-Build (E1C64328-A22C-4D53-A36C-8E866417BD8C): 0
LogDevObjectVersion:   Dev-Core (375EC13C-06E4-48FB-B500-84F0262A717E): 1
LogDevObjectVersion:   Dev-Editor (E4B068ED-F494-42E9-A231-DA0B2E46BB41): 8
LogDevObjectVersion:   Dev-Framework (CFFC743F-43B0-4480-9391-14DF171D2073): 17
LogDevObjectVersion:   Dev-Mobile (B02B49B5-BB20-44E9-A304-32B752E40360): 0
LogDevObjectVersion:   Dev-Networking (A4E4105C-59A1-49B5-A7C5-40C4547EDFEE): 0
LogDevObjectVersion:   Dev-Online (39C831C9-5AE6-47DC-9A44-9C173E1C8E7C): 0
LogDevObjectVersion:   Dev-Physics (78F01B33-EBEA-4F98-B9B4-84EACCB95AA2): 0
LogDevObjectVersion:   Dev-Platform (6631380F-2D4D-43E0-8009-CF276956A95A): 0
LogDevObjectVersion:   Dev-Rendering (12F88B9F-8875-4AFC-A67C-D90C383ABD29): 12
LogDevObjectVersion:   Dev-Sequencer (7B5AE74C-D270-4C10-A958-57980B212A5A): 1
LogDevObjectVersion:   Dev-VR (D7296918-1DD6-4BDD-9DE2-64A83CC13884): 0
LogInit: Compiled (64-bit): Jan  6 2017 10:49:43
LogInit: Compiled with Visual C++: 19.00.23026.00
LogInit: Build Configuration: Development
LogInit: Branch Name: ++UE4+Release-4.14
LogInit: Command line:  
LogInit: Base directory: C:/apps/Epic Games/4.14/Engine/Binaries/Win64/
LogInit: Installed Engine Build: 1
LogInit: Presizing for max 8388607 objects, including 0 objects not considered by GC, pre-allocating 0 bytes for permanent pool.
LogInit: Object subsystem initialized
[2017.08.21-20.47.03:844][  0]LogInit: Selected Device Profile: [Windows]
[2017.08.21-20.47.03:844][  0]LogInit: Applying CVar settings loaded from the selected device profile: [Windows]
[2017.08.21-20.47.04:026][  0]LogInit: Computer: 1916C011
[2017.08.21-20.47.04:026][  0]LogInit: User: liamhal6872
[2017.08.21-20.47.04:026][  0]LogInit: CPU Page size=65536, Cores=4
[2017.08.21-20.47.04:026][  0]LogInit: High frequency timer resolution =3.312841 MHz
[2017.08.21-20.47.04:026][  0]LogMemory: Memory total: Physical=8.0GB (8GB approx)
[2017.08.21-20.47.04:026][  0]LogMemory: Platform Memory Stats for Windows
[2017.08.21-20.47.04:026][  0]LogMemory: Process Physical Memory: 266.13 MB used, 266.13 MB peak
[2017.08.21-20.47.04:026][  0]LogMemory: Process Virtual Memory: 265.43 MB used, 265.43 MB peak
[2017.08.21-20.47.04:026][  0]LogMemory: Physical Memory: 5782.14 MB used,  2368.02 MB free, 8150.16 MB total
[2017.08.21-20.47.04:026][  0]LogMemory: Virtual Memory: 663.93 MB used,  2368.02 MB free, 8388608.00 MB total
[2017.08.21-20.47.06:371][  0]LogTextLocalizationManager: No specific translations for ('en-NZ') exist, so ('en') translations will be used.
[2017.08.21-20.47.13:523][  0]LogD3D11RHI: D3D11 adapters:
[2017.08.21-20.47.13:704][  0]LogD3D11RHI:    0. 'NVIDIA GeForce GTX 670' (Feature Level 11_0)
[2017.08.21-20.47.13:704][  0]LogD3D11RHI:       1989/0/2048 MB DedicatedVideo/DedicatedSystem/SharedSystem, Outputs:2, VendorId:0x10de
[2017.08.21-20.47.13:704][  0]LogD3D11RHI: Chosen D3D11 Adapter: 0
[2017.08.21-20.47.13:883][  0]LogD3D11RHI: Creating new Direct3DDevice
[2017.08.21-20.47.13:883][  0]LogD3D11RHI:     GPU DeviceId: 0x1189 (for the marketing name, search the web for "GPU Device Id")
[2017.08.21-20.47.13:883][  0]LogWindows: EnumDisplayDevices:
[2017.08.21-20.47.13:883][  0]LogWindows:    0. 'NVIDIA GeForce GTX 670' (P:0 D:1)
[2017.08.21-20.47.13:883][  0]LogWindows:    1. 'NVIDIA GeForce GTX 670' (P:1 D:1)
[2017.08.21-20.47.13:883][  0]LogWindows:    2. 'NVIDIA GeForce GTX 670' (P:0 D:0)
[2017.08.21-20.47.13:883][  0]LogWindows:    3. 'NVIDIA GeForce GTX 670' (P:0 D:0)
[2017.08.21-20.47.13:883][  0]LogWindows:    4. 'RDPDD Chained DD' (P:0 D:0)
[2017.08.21-20.47.13:883][  0]LogWindows:    5. 'RDP Encoder Mirror Driver' (P:0 D:0)
[2017.08.21-20.47.13:883][  0]LogWindows:    6. 'RDP Reflector Display Driver' (P:0 D:0)
[2017.08.21-20.47.13:884][  0]LogWindows:    7. 'Mirage Driver' (P:0 D:0)
[2017.08.21-20.47.13:884][  0]LogWindows: DebugString: GetVideoDriverDetailsInvalid PrimaryIsNotTheChoosenAdapter GetVideoDriverDetailsInvalid PrimaryIsNotTheChoosenAdapter GetVideoDriverDetailsInvalid PrimaryIsNotTheChoosenAdapter GetVideoDriverDetailsInvalid PrimaryIsNotTheChoosenAdapter FoundDriverCount:4 
[2017.08.21-20.47.13:884][  0]LogD3D11RHI:     Adapter Name: NVIDIA GeForce GTX 670
[2017.08.21-20.47.13:912][  0]LogD3D11RHI:   Driver Version: 364.72 (internal:10.18.13.6472, unified:364.72)
[2017.08.21-20.47.13:912][  0]LogD3D11RHI:      Driver Date: 3-21-2016
[2017.08.21-20.47.13:912][  0]LogRHI: Texture pool is 1361 MB (70% of 1945 MB)
[2017.08.21-20.47.13:989][  0]LogD3D11RHI:Warning: Timestamp queries are currently disabled on this hardware due to instability. Realtime GPU stats will not be available. You can override this behaviour by setting r.NVIDIATimestampWorkaround to 0
[2017.08.21-20.47.13:989][  0]LogD3D11RHI: Async texture creation enabled
[2017.08.21-20.47.15:570][  0]LogD3D11RHI: GPU Timing Frequency: 1000.000000 (Debug: 2 2)
[2017.08.21-20.47.16:056][  0]LogShaderCompilers: Guid format shader working directory is 21 characters bigger than the processId version (H:/GITHUB/TOA-TIME/KoopySandwich/Intermediate/Shaders/WorkingDirectory/2248/).
[2017.08.21-20.47.16:056][  0]LogShaderCompilers: Cleaned the shader compiler working directory 'C:/Users/liam.hal6872/AppData/Local/Temp/UnrealShaderWorkingDir/BF1BA230405098A77A681C8805F00668/'.
[2017.08.21-20.47.16:056][  0]LogShaderCompilers:Display: Using Local Shader Compiler.
[2017.08.21-20.47.33:245][  0]LogTemp:Display: Loaded TP AllDesktopTargetPlatform
[2017.08.21-20.47.33:472][  0]LogTemp:Display: Loaded TP MacClientTargetPlatform
[2017.08.21-20.47.33:695][  0]LogTemp:Display: Loaded TP MacNoEditorTargetPlatform
[2017.08.21-20.47.33:845][  0]LogTemp:Display: Loaded TP MacServerTargetPlatform
[2017.08.21-20.47.34:028][  0]LogTemp:Display: Loaded TP MacTargetPlatform
[2017.08.21-20.47.34:179][  0]LogTemp:Display: Loaded TP WindowsClientTargetPlatform
[2017.08.21-20.47.34:339][  0]LogTemp:Display: Loaded TP WindowsNoEditorTargetPlatform
[2017.08.21-20.47.34:525][  0]LogTemp:Display: Loaded TP WindowsServerTargetPlatform
[2017.08.21-20.47.34:731][  0]LogTemp:Display: Loaded TP WindowsTargetPlatform
[2017.08.21-20.47.34:980][  0]LogTemp:Display: Loaded TP AndroidTargetPlatform
[2017.08.21-20.47.35:149][  0]LogTemp:Display: Loaded TP Android_ASTCTargetPlatform
[2017.08.21-20.47.35:347][  0]LogTemp:Display: Loaded TP Android_ATCTargetPlatform
[2017.08.21-20.47.35:689][  0]LogTemp:Display: Loaded TP Android_DXTTargetPlatform
[2017.08.21-20.47.35:818][  0]LogTemp:Display: Loaded TP Android_ETC1TargetPlatform
[2017.08.21-20.47.35:968][  0]LogTemp:Display: Loaded TP Android_ETC2TargetPlatform
[2017.08.21-20.47.36:371][  0]LogTemp:Display: Loaded TP Android_MultiTargetPlatform
[2017.08.21-20.47.36:371][  0]LogTemp:Display: Loaded TP Android_PVRTCTargetPlatform
[2017.08.21-20.47.36:484][  0]LogTemp:Display: Loaded TP HTML5TargetPlatform
[2017.08.21-20.47.37:430][  0]LogTemp:Display: Loaded TP IOSTargetPlatform
[2017.08.21-20.47.37:494][  0]LogTemp:Display: Loaded TP TVOSTargetPlatform
[2017.08.21-20.47.37:643][  0]LogTemp:Display: Loaded TP LinuxClientTargetPlatform
[2017.08.21-20.47.37:765][  0]LogTemp:Display: Loaded TP LinuxNoEditorTargetPlatform
[2017.08.21-20.47.37:899][  0]LogTemp:Display: Loaded TP LinuxServerTargetPlatform
[2017.08.21-20.47.38:126][  0]LogTemp:Display: Loaded TP LinuxTargetPlatform
[2017.08.21-20.47.38:126][  0]LogTargetPlatformManager:Display: Building Assets For Windows
[2017.08.21-20.47.43:484][  0]LogDerivedDataCache:Display: Max Cache Size: 512 MB
[2017.08.21-20.47.43:484][  0]LogDerivedDataCache:Display: Starting with empty Boot cache
[2017.08.21-20.47.43:485][  0]LogDerivedDataCache: FDerivedDataBackendGraph:  Pak pak cache file H:/GITHUB/TOA-TIME/KoopySandwich/DerivedDataCache/DDC.ddp not found, will not use a pak cache.
[2017.08.21-20.47.43:485][  0]LogDerivedDataCache: Unable to find inner node Pak for hierarchical cache Hierarchy.
[2017.08.21-20.47.43:485][  0]LogDerivedDataCache: FDerivedDataBackendGraph:  CompressedPak pak cache file H:/GITHUB/TOA-TIME/KoopySandwich/DerivedDataCache/Compressed.ddp not found, will not use a pak cache.
[2017.08.21-20.47.43:485][  0]LogDerivedDataCache: Unable to find inner node CompressedPak for hierarchical cache Hierarchy.
[2017.08.21-20.47.43:529][  0]LogDerivedDataCache:Display: Pak cache opened for reading ../../../Engine/DerivedDataCache/Compressed.ddp.
[2017.08.21-20.47.43:540][  0]LogDerivedDataCache: Using Local data cache path C:/Users/liam.hal6872/AppData/Local/UnrealEngine/Common/DerivedDataCache: Writable
[2017.08.21-20.48.02:642][  0]LogInit: Selected Device Profile: [Windows]
[2017.08.21-20.48.02:819][  0]LogTexture:Display: Building textures: DefaultTexture (DXT1)
[2017.08.21-20.48.02:875][  0]LogContentStreaming: Texture pool size is 0.00 MB
[2017.08.21-20.48.02:935][  0]LogTexture:Display: Building textures: T_Default_Material_Grid_M (AutoDXT)
[2017.08.21-20.48.03:079][  0]LogTexture:Display: Building textures: T_Default_Material_Grid_N (BC5)
[2017.08.21-20.48.03:388][  0]LogTexture:Display: Building textures: DefaultDiffuse (AutoDXT)
[2017.08.21-20.48.04:042][  0]LogTexture:Display: Building textures: WhiteSquareTexture (AutoDXT)
[2017.08.21-20.48.04:374][  0]LogTexture:Display: Building textures: S_Actor (BGRA8)
[2017.08.21-20.48.04:415][  0]LogTexture:Display: Building textures: S_LevelSequence (BGRA8)
[2017.08.21-20.48.05:896][  0]LogMeshUtilities: Using QuadricMeshReduction for automatic static mesh reduction
[2017.08.21-20.48.06:221][  0]LogSimplygon: Simplygon DLL not present - disabling.
[2017.08.21-20.48.06:359][  0]LogMeshUtilities: Using SimplygonSwarm for distributed automatic mesh merging
[2017.08.21-20.48.06:359][  0]LogMeshUtilities: No automatic skeletal mesh reduction module available
[2017.08.21-20.48.06:359][  0]LogMeshUtilities: No automatic mesh merging module available
[2017.08.21-20.48.07:485][  0]LogTexture:Display: Building textures: MatineeCam_D (AutoDXT)
[2017.08.21-20.48.08:567][  0]LogTexture:Display: Building textures: AICON-Red (AutoDXT)
[2017.08.21-20.48.08:575][  0]LogTexture:Display: Building textures: AICON-Green (AutoDXT)
[2017.08.21-20.48.09:567][  0]LogTexture:Display: Building textures: VR_LaserPower_01 (AutoDXT)
[2017.08.21-20.48.10:263][  0]LogTexture:Display: Building textures: UE4_Logo (AutoDXT)
[2017.08.21-20.48.10:794][  0]LogTexture:Display: Building textures: GizmoText_RobotoDistanceField_PageA (G8)
[2017.08.21-20.48.10:916][  0]LogTexture:Display: Building textures: RobotoDistanceField_PageA (G8)
[2017.08.21-20.48.11:956][  0]LogTexture:Display: Building textures: SimpleGrid (AutoDXT)
[2017.08.21-20.48.12:371][  0]LogTexture:Display: Building textures: EpicQuadPanorama_CC+EV1 (RGBA16F)
[2017.08.21-20.48.19:315][  0]LogTexture:Display: Building textures: RGBTable16x1_AssetViewer (BGRA8)
[2017.08.21-20.48.19:525][  0]LogTexture:Display: Building textures: Bad (BGRA8)
[2017.08.21-20.48.19:682][  0]LogTexture:Display: Building textures: Default (BGRA8)
[2017.08.21-20.48.19:689][  0]LogTexture:Display: Building textures: VR-Basic (BGRA8)
[2017.08.21-20.48.19:885][  0]LogTexture:Display: Building textures: Grid (AutoDXT)
[2017.08.21-20.48.19:982][  0]LogTexture:Display: Building textures: DaylightAmbientCubemap (RGBA16F)
[2017.08.21-20.48.26:835][  0]LogTexture:Display: Building textures: PSysThumbnail_NoImage (AutoDXT)
[2017.08.21-20.48.26:847][  0]LogTexture:Display: Building textures: PSysThumbnail_OOD (AutoDXT)
[2017.08.21-20.48.26:911][  0]LogTexture:Display: Building textures: S_DecalActorIcon (AutoDXT)
[2017.08.21-20.48.27:081][  0]LogTexture:Display: Building textures: S_Terrain (BGRA8)
[2017.08.21-20.48.27:324][  0]LogTexture:Display: Building textures: flipbook (AutoDXT)
[2017.08.21-20.48.27:380][  0]LogTexture:Display: Building textures: T_EditorHelp (AutoDXT)
[2017.08.21-20.48.27:942][  0]LogTexture:Display: Building textures: S_Emitter (BGRA8)
[2017.08.21-20.48.27:951][  0]LogTexture:Display: Building textures: S_ExpoHeightFog (BGRA8)
[2017.08.21-20.48.27:958][  0]LogTexture:Display: Building textures: S_NavP (BGRA8)
[2017.08.21-20.48.27:983][  0]LogTexture:Display: Building textures: S_Player (BGRA8)
[2017.08.21-20.48.28:018][  0]LogTexture:Display: Building textures: SkyLight (BGRA8)
[2017.08.21-20.48.28:031][  0]LogTexture:Display: Building textures: S_WindDirectional (AutoDXT)
[2017.08.21-20.48.28:654][  0]LogTexture:Display: Building textures: S_LightDirectional (BGRA8)
[2017.08.21-20.48.28:674][  0]LogTexture:Display: Building textures: S_LightDirectionalMove (BGRA8)
[2017.08.21-20.48.28:683][  0]LogTexture:Display: Building textures: S_LightPoint (BGRA8)
[2017.08.21-20.48.28:691][  0]LogTexture:Display: Building textures: S_LightPointMove (BGRA8)
[2017.08.21-20.48.28:698][  0]LogTexture:Display: Building textures: S_LightSpot (BGRA8)
[2017.08.21-20.48.28:706][  0]LogTexture:Display: Building textures: S_LightSpotMove (BGRA8)
[2017.08.21-20.48.28:740][  0]LogTexture:Display: Building textures: S_PortalActorIcon2 (AutoDXT)
[2017.08.21-20.48.28:792][  0]LogTexture:Display: Building textures: MatInstActSprite (BGRA8)
[2017.08.21-20.48.28:806][  0]LogTexture:Display: Building textures: SceneManager (BGRA8)
[2017.08.21-20.48.28:831][  0]LogTexture:Display: Building textures: S_NavLink (AutoDXT)
[2017.08.21-20.48.28:853][  0]LogTexture:Display: Building textures: S_Note (BGRA8)
[2017.08.21-20.48.28:903][  0]LogTexture:Display: Building textures: S_ReflActorIcon (AutoDXT)
[2017.08.21-20.48.28:954][  0]LogTexture:Display: Building textures: S_Thruster (BGRA8)
[2017.08.21-20.48.28:966][  0]LogTexture:Display: Building textures: S_RadForce (BGRA8)
[2017.08.21-20.48.29:033][  0]LogTexture:Display: Building textures: TargetIcon (BGRA8)
[2017.08.21-20.48.29:039][  0]LogTexture:Display: Building textures: S_TextRenderActorIcon (AutoDXT)
[2017.08.21-20.48.29:055][  0]LogTexture:Display: Building textures: S_Trigger (BGRA8)
[2017.08.21-20.48.29:065][  0]LogTexture:Display: Building textures: S_VectorFieldVol (BGRA8)
[2017.08.21-20.48.29:170][  0]LogTexture:Display: Building textures: GradientTexture0 (BGRA8)
[2017.08.21-20.48.29:185][  0]LogTexture:Display: Building textures: Black (AutoDXT)
[2017.08.21-20.48.29:276][  0]LogTexture:Display: Building textures: MAT_Groups_Float (AutoDXT)
[2017.08.21-20.48.29:284][  0]LogTexture:Display: Building textures: MAT_Groups_Director (AutoDXT)
[2017.08.21-20.48.29:286][  0]LogTexture:Display: Building textures: MAT_Groups_Event (AutoDXT)
[2017.08.21-20.48.29:291][  0]LogTexture:Display: Building textures: MAT_Groups_Anim (AutoDXT)
[2017.08.21-20.48.29:293][  0]LogTexture:Display: Building textures: MAT_Groups_Fade (AutoDXT)
[2017.08.21-20.48.29:295][  0]LogTexture:Display: Building textures: MAT_Groups_Move (AutoDXT)
[2017.08.21-20.48.29:302][  0]LogTexture:Display: Building textures: MAT_Groups_Slomo (AutoDXT)
[2017.08.21-20.48.29:304][  0]LogTexture:Display: Building textures: MAT_ColorTrack (AutoDXT)
[2017.08.21-20.48.29:312][  0]LogTexture:Display: Building textures: MAT_Groups_Toggle (AutoDXT)
[2017.08.21-20.48.29:314][  0]LogTexture:Display: Building textures: MAT_Groups_AudioMaster (AutoDXT)
[2017.08.21-20.48.29:325][  0]LogTexture:Display: Building textures: MAT_Groups_Sound (AutoDXT)
[2017.08.21-20.48.29:327][  0]LogTexture:Display: Building textures: MAT_Groups_Vector (AutoDXT)
[2017.08.21-20.48.29:328][  0]LogTexture:Display: Building textures: MAT_Groups_Visibility (AutoDXT)
[2017.08.21-20.48.29:333][  0]LogTexture:Display: Building textures: DefaultTextureCube (DXT1)
[2017.08.21-20.48.29:863][  0]LogNetVersion: GetLocalNetworkVersion: CL: 3195953, ProjectName: koopysandwich, ProjectVersion: , EngineNetworkVersion: 2, GameNetworkVersion: 0, NetworkChecksum: 3251895152
[2017.08.21-20.48.30:108][  0]LogAssetRegistry: FAssetRegistry took 0.0232 seconds to start up
[2017.08.21-20.48.30:327][  0]LogPackageLocalizationCache: Processed 3 localized package path(s) for 2 prioritized culture(s) in 0.108785 seconds
[2017.08.21-20.48.30:343][  0]LogUObjectArray: 31946 objects as part of root set at end of initial load.
[2017.08.21-20.48.30:343][  0]LogUObjectAllocator: 6935848 out of 0 bytes used by permanent object pool.
[2017.08.21-20.48.30:343][  0]LogUObjectArray: CloseDisregardForGC: 0/0 objects in disregard for GC pool
[2017.08.21-20.48.30:484][  0]LogInit: WinSock: version 1.1 (2.2), MaxSocks=32767, MaxUdp=65467
[2017.08.21-20.48.33:724][  0]LogTexture:Display: Building textures: S_FTest (AutoDXT)
[2017.08.21-20.48.34:650][  0]LogSlate: Using Freetype 2.6.0
[2017.08.21-20.48.34:707][  0]LogSlate: SlateFontCache - WITH_FREETYPE: 1, WITH_HARFBUZZ: 1
[2017.08.21-20.48.34:707][  0]LogSlate: SlateFontCache - WITH_FREETYPE: 1, WITH_HARFBUZZ: 1
[2017.08.21-20.48.41:548][  0]LogTexture:Display: Building textures: DummySpriteTexture (AutoDXT)
[2017.08.21-20.48.41:921][  0]LogSubstanceCoreModule: Substance [CPU] Engine Loaded, Max Texture Size = 2048
[2017.08.21-20.48.42:032][  0]LogTcpMessaging: Initializing TcpMessaging bridge
[2017.08.21-20.48.42:154][  0]LogUdpMessaging: Initializing bridge on interface 0.0.0.0:0 to multicast group 230.0.0.1:6666.
[2017.08.21-20.48.42:155][  0]LogDirectoryWatcher: A directory notification failed for 'H:/GITHUB/TOA-TIME/KoopySandwich/Content/' because it was empty or there was a buffer overflow. Attemping another request...
[2017.08.21-20.48.43:540][  0]LogMaterial: Uniform references updated for custom material expression Custom.
[2017.08.21-20.48.43:541][  0]LogTexture:Display: Building textures: MiniFont (AutoDXT)
[2017.08.21-20.48.44:913][  0]SourceControl: Info Source control is disabled
[2017.08.21-20.48.45:238][  0]SourceControl: Info Source control is disabled
[2017.08.21-20.48.45:441][  0]SourceControl: Info Source control is disabled
[2017.08.21-20.48.45:570][  0]SourceControl: Info Source control is disabled
[2017.08.21-20.48.50:011][  0]LogEngine: Initializing Engine...
[2017.08.21-20.48.50:049][  0]LogHMD: Failed to initialize OpenVR with code 110
[2017.08.21-20.48.50:154][  0]LogTexture:Display: Building textures: DefaultWhiteGrid (AutoDXT)
[2017.08.21-20.48.50:368][  0]LogTexture:Display: Building textures: InvalidLightmapSettings (AutoDXT)
[2017.08.21-20.48.50:474][  0]LogTexture:Display: Building textures: HeatmapGradient (BGRA8)
[2017.08.21-20.48.50:522][  0]LogTexture:Display: Building textures: PreviewShadowIndicator (BGRA8)
[2017.08.21-20.48.50:594][  0]LogTexture:Display: Building textures: BSPVertex (AutoDXT)
[2017.08.21-20.48.50:596][  0]LogTexture:Display: Building textures: Good64x64TilingNoiseHighFreq (G8)
[2017.08.21-20.48.50:598][  0]LogTexture:Display: Building textures: DefaultBokeh (BGRA8)
[2017.08.21-20.48.50:600][  0]LogTexture:Display: Building textures: PreintegratedSkinBRDF (BGRA8)
[2017.08.21-20.48.50:614][  0]LogTexture:Display: Building textures: WeightMapPlaceholderTexture (BGRA8)
[2017.08.21-20.48.51:299][  0]LogAIModule: Creating AISystem for world Untitled
[2017.08.21-20.48.51:450][  0]LogInit: No audio devices found!
[2017.08.21-20.48.51:506][  0]LogDerivedDataCache: Saved boot cache 0.03s 64MB C:/Users/liam.hal6872/AppData/Local/UnrealEngine/4.14/DerivedDataCache/Boot.ddc.
[2017.08.21-20.48.51:513][  0]LogInit: Texture streaming: Enabled
[2017.08.21-20.48.52:188][  0]LogInit: Transaction tracking system initialized
[2017.08.21-20.48.53:353][  0]BlueprintLog: New page: Editor Load
[2017.08.21-20.48.56:755][  0]LocalizationService: Info Localization service is disabled
[2017.08.21-20.48.59:198][  0]LogConsoleResponse:Display: 
[2017.08.21-20.48.59:666][  0]LogTexture:Display: Building textures: Cross (AutoDXT)
[2017.08.21-20.48.59:798][  0]LogTexture:Display: Building textures: Tick (AutoDXT)
[2017.08.21-20.48.59:852][  0]LogTexture:Display: Building textures: WidgetGridVertexColorMaterial (AutoDXT)
[2017.08.21-20.49.00:052][  0]LogTexture:Display: Building textures: CASC_None (AutoDXT)
[2017.08.21-20.49.00:053][  0]LogTexture:Display: Building textures: CASC_Cross (AutoDXT)
[2017.08.21-20.49.00:129][  0]LogTexture:Display: Building textures: Texture2D_28 (AutoDXT)
[2017.08.21-20.49.00:148][  0]LogTexture:Display: Building textures: S_KBSJoint (BGRA8)
[2017.08.21-20.49.00:152][  0]LogTexture:Display: Building textures: S_KHinge (BGRA8)
[2017.08.21-20.49.00:156][  0]LogTexture:Display: Building textures: S_KPrismatic (BGRA8)
[2017.08.21-20.49.00:176][  0]LogTexture:Display: Building textures: S_LightError (BGRA8)
[2017.08.21-20.49.00:195][  0]LogTexture:Display: Building textures: T_Loft_Spline (AutoDXT)
[2017.08.21-20.49.00:390][  0]LogTexture:Display: Building textures: DefaultNormal (BC5)
[2017.08.21-20.49.00:591][  0]LogTexture:Display: Building textures: Grid_N (BC5)
[2017.08.21-20.49.00:674][  0]LogTexture:Display: Building textures: PaperDiffuse (AutoDXT)
[2017.08.21-20.49.00:788][  0]LogTexture:Display: Building textures: PaperNormal (BC5)
[2017.08.21-20.49.00:848][  0]LogTexture:Display: Building textures: Texture2D_28 (AutoDXT)
[2017.08.21-20.49.00:880][  0]LogTexture:Display: Building textures: Texture2D_29 (AutoDXT)
[2017.08.21-20.49.00:916][  0]LogTexture:Display: Building textures: StreamingPauseIcon (AutoDXT)
[2017.08.21-20.49.01:168][  0]LogFileCache: Scanning file cache for directory 'H:/GITHUB/TOA-TIME/KoopySandwich/Content/' took 0.06s
[2017.08.21-20.49.01:168][  0]LogCook:Display: Max memory allowance for cook 16384mb min free memory 0mb
[2017.08.21-20.49.01:168][  0]LogCook:Display: Mobile HDR setting 1
[2017.08.21-20.49.01:612][  0]LogTexture:Display: Building textures: Countdown (AutoDXT)
[2017.08.21-20.49.01:683][  0]LogTexture:Display: Building textures: RecordingIndicator (AutoDXT)
[2017.08.21-20.49.04:313][  0]LogTexture:Display: Building textures: DefaultAlphaTexture (BGRA8)
[2017.08.21-20.49.04:553][  0]SourceControl: Info Source control is disabled
[2017.08.21-20.49.04:582][  0]Cmd: MAP LOAD FILE="H:/GITHUB/TOA-TIME/KoopySandwich/Content/_Maps/Koopy.umap" TEMPLATE=0 SHOWPROGRESS=1 FEATURELEVEL=3
[2017.08.21-20.49.04:594][  0]LightingResults: New page: Lighting Build
[2017.08.21-20.49.04:812][  0]MapCheck: New page: Map Check
[2017.08.21-20.49.04:812][  0]LightingResults: New page: Lighting Build
[2017.08.21-20.49.06:988][  0]LogTexture:Display: Building textures: T_Sky_Clouds_M (BGRA8)
[2017.08.21-20.49.07:265][  0]LogTexture:Display: Building textures: T_Sky_Stars (AutoDXT)
[2017.08.21-20.49.07:640][  0]LogTexture:Display: Building textures: T_Sky_Blue (AutoDXT)
[2017.08.21-20.49.08:510][  0]LogTexture:Display: Building textures: sand_D (AutoDXT)
[2017.08.21-20.49.09:126][  0]LogTexture:Display: Building textures: sand_N (BC5)
[2017.08.21-20.49.09:271][  0]LogTexture:Display: Building textures: Grass_D (AutoDXT)
[2017.08.21-20.49.09:936][  0]LogTexture:Display: Building textures: Grass_N (BC5)
[2017.08.21-20.49.10:061][  0]LogTexture:Display: Building textures: Grass_H (AutoDXT)
[2017.08.21-20.49.10:515][  0]LogTexture:Display: Building textures: sand_BW (AutoDXT)
[2017.08.21-20.49.10:850][  0]LogTexture:Display: Building textures: sand_R (AutoDXT)
[2017.08.21-20.49.11:081][  0]LogTexture:Display: Building textures: Grass_R (AutoDXT)
[2017.08.21-20.49.11:435][  0]LogMaterial: Missing cached shader map for material M_ground, compiling. 
[2017.08.21-20.49.11:623][  0]LogTexture:Display: Building textures: HQ_Lightmap0_1 (AutoDXT)
[2017.08.21-20.49.11:633][  0]LogTexture:Display: Building textures: HQ_Lightmap0_2 (AutoDXT)
[2017.08.21-20.49.11:636][  0]LogTexture:Display: Building textures: LQ_Lightmap_0_1 (DXT1)
[2017.08.21-20.49.11:644][  0]LogTexture:Display: Building textures: LQ_Lightmap_0_2 (DXT1)
[2017.08.21-20.49.11:679][  0]LogTexture:Display: Building textures: Tree1_leaves_SS (AutoDXT)
[2017.08.21-20.49.12:277][  0]LogTexture:Display: Building textures: Tree1_leaves_R (AutoDXT)
[2017.08.21-20.49.12:496][  0]LogTexture:Display: Building textures: Tree1_leaves_N (BC5)
[2017.08.21-20.49.12:620][  0]LogTexture:Display: Building textures: Tree1_leaves_D (AutoDXT)
[2017.08.21-20.49.13:264][  0]LogMaterial: Missing cached shader map for material treeBranch_01_M, compiling. 
[2017.08.21-20.49.13:422][  0]LogStaticMesh: Building static mesh tree1_mesh...
[2017.08.21-20.49.13:638][  0]LogStaticMesh: Built static mesh [0.22s] /Game/_Meshes/foliage/tree1_mesh.tree1_mesh
[2017.08.21-20.49.13:744][  0]LogTexture:Display: Building textures: ruf4 (AutoDXT)
[2017.08.21-20.49.15:038][  0]LogTexture:Display: Building textures: occ4 (AutoDXT)
[2017.08.21-20.49.16:440][  0]LogTexture:Display: Building textures: nurm4 (BC5)
[2017.08.21-20.49.17:161][  0]LogTexture:Display: Building textures: alb4 (AutoDXT)
[2017.08.21-20.49.19:052][  0]LogTexture:Display: Building textures: alb1 (AutoDXT)
[2017.08.21-20.49.20:755][  0]LogTexture:Display: Building textures: ruf1 (AutoDXT)
[2017.08.21-20.49.22:199][  0]LogTexture:Display: Building textures: nurm1 (BC5)
[2017.08.21-20.49.22:793][  0]LogTexture:Display: Building textures: occ1 (AutoDXT)
[2017.08.21-20.49.23:680][  0]LogMaterial: Missing cached shader map for material Rock_M, compiling. 
[2017.08.21-20.49.23:719][  0]LogTexture:Display: Building textures: flax_R (AutoDXT)
[2017.08.21-20.49.23:899][  0]LogTexture:Display: Building textures: flax_N (BC5)
[2017.08.21-20.49.23:994][  0]LogStaticMesh: Building static mesh Rock04_Mesh...
[2017.08.21-20.49.24:012][  0]LogStaticMesh: Built static mesh [0.02s] /Game/_Meshes/rocks/Rock04_Mesh.Rock04_Mesh
[2017.08.21-20.49.24:111][  0]LogTexture:Display: Building textures: ruf2 (AutoDXT)
[2017.08.21-20.49.25:350][  0]LogTexture:Display: Building textures: occ2 (AutoDXT)
[2017.08.21-20.49.26:546][  0]LogTexture:Display: Building textures: nurm2 (BC5)
[2017.08.21-20.49.27:066][  0]LogTexture:Display: Building textures: alb2 (AutoDXT)
[2017.08.21-20.49.28:320][  0]LogStaticMesh: Building static mesh Rock02_Mesh...
[2017.08.21-20.49.28:369][  0]LogStaticMesh: Built static mesh [0.05s] /Game/_Meshes/rocks/Rock02_Mesh.Rock02_Mesh
[2017.08.21-20.49.28:376][  0]LogStaticMesh: Building static mesh Rock01_Mesh...
[2017.08.21-20.49.28:386][  0]LogStaticMesh: Built static mesh [0.01s] /Game/_Meshes/rocks/Rock01_Mesh.Rock01_Mesh
[2017.08.21-20.49.28:409][  0]LogTexture:Display: Building textures: flax_SubSurface (AutoDXT)
[2017.08.21-20.49.28:926][  0]LogTexture:Display: Building textures: flax_D (AutoDXT)
[2017.08.21-20.49.29:443][  0]LogMaterial: Missing cached shader map for material flax_M, compiling. 
[2017.08.21-20.49.29:522][  0]LogStaticMesh: Building static mesh Flax_Mesh...
[2017.08.21-20.49.29:538][  0]LogStaticMesh: Built static mesh [0.02s] /Game/_Meshes/foliage/Flax_Mesh.Flax_Mesh
[2017.08.21-20.49.29:539][  0]LogStaticMesh: Building static mesh Water_Mesh...
[2017.08.21-20.49.29:552][  0]LogStaticMesh: Built static mesh [0.01s] /Game/_Meshes/water_mesh.Water_Mesh
[2017.08.21-20.49.29:655][  0]LogTexture:Display: Building textures: ruf3 (AutoDXT)
[2017.08.21-20.49.31:003][  0]LogTexture:Display: Building textures: occ3 (AutoDXT)
[2017.08.21-20.49.32:363][  0]LogTexture:Display: Building textures: nurm3 (BC5)
[2017.08.21-20.49.33:117][  0]LogTexture:Display: Building textures: alb3 (AutoDXT)
[2017.08.21-20.49.34:665][  0]LogStaticMesh: Building static mesh Rock03_Mesh...
[2017.08.21-20.49.34:683][  0]LogStaticMesh: Built static mesh [0.02s] /Game/_Meshes/rocks/Rock03_Mesh.Rock03_Mesh
[2017.08.21-20.49.34:685][  0]LogStaticMesh: Building static mesh TutorialIsland_V2_Mesh...
[2017.08.21-20.49.36:854][  0]LogStaticMesh: Built static mesh [2.17s] /Game/_Meshes/islands/TutorialIsland_V2_Mesh.TutorialIsland_V2_Mesh
[2017.08.21-20.49.37:096][  0]LogStaticMesh: Building static mesh DoubleJumpIsland_V2_Mesh...
[2017.08.21-20.49.39:992][  0]LogStaticMesh: Built static mesh [2.90s] /Game/_Meshes/islands/DoubleJumpIsland_V2_Mesh.DoubleJumpIsland_V2_Mesh
[2017.08.21-20.49.40:395][  0]LogTexture:Display: Building textures: waterSmall_N (BC5)
[2017.08.21-20.49.40:535][  0]LogTexture:Display: Building textures: waterSmall_H (AutoDXT)
[2017.08.21-20.49.40:948][  0]LogTexture:Display: Building textures: Water1Normals (BC5)
[2017.08.21-20.49.41:422][  0]LogTexture:Display: Building textures: Water1height (AutoDXT)
[2017.08.21-20.49.43:401][  0]LogMaterial: Missing cached shader map for material M_Water, compiling. 
[2017.08.21-20.49.43:521][  0]LogTexture:Display: Building textures: Rock_R (AutoDXT)
[2017.08.21-20.49.44:150][  0]LogTexture:Display: Building textures: Rock_N (BC5)
[2017.08.21-20.49.44:352][  0]LogTexture:Display: Building textures: Rock_D (AutoDXT)
[2017.08.21-20.49.45:428][  0]LogAIModule: Creating AISystem for world Koopy
[2017.08.21-20.49.45:770][  0]LogTexture:Display: Building textures: EmptyActor (BGRA8)
[2017.08.21-20.49.45:886][  0]LogMaterial:Warning: Material /Game/_Materials/Rock/Rock_M.Rock_M needed to have new flag set bUsedWithInstancedStaticMeshes !
[2017.08.21-20.49.46:030][  0]LogMaterial: Missing cached shader map for material Rock_M, compiling. 
[2017.08.21-20.49.46:098][  0]MapCheck:Warning: Warning Rock_M Material /Game/_Materials/Rock/Rock_M.Rock_M was missing the usage flag bUsedWithInstancedStaticMeshes. If the material asset is not re-saved, it may not render correctly when run outside the editor. Fix
[2017.08.21-20.49.46:119][  0]LogMaterial: 0.01 seconds spent updating 1 materials, 1 interfaces, 0 instances, 0 with static permutations.
[2017.08.21-20.49.46:296][  0]LogTexture:Display: Building textures: S_AudioComponent_AutoActivate (BGRA8)
[2017.08.21-20.49.46:534][  0]LogEditorServer: Finished looking for orphan Actors (0.000 secs)
[2017.08.21-20.49.46:601][  0]Cmd: MAP CHECKDEP NOCLEARLOG
[2017.08.21-20.49.47:032][  0]MapCheck: Info Map check complete: 0 Error(s), 1 Warning(s), took 430.43ms to complete.
[2017.08.21-20.49.47:381][  0]LogFileHelpers: Loading map 'Koopy' took 42.797
[2017.08.21-20.49.49:477][  0]LogCollectionManager: Loaded 0 collections in 0.003401 seconds
[2017.08.21-20.49.49:804][  0]LogFileCache: Scanning file cache for directory 'H:/GITHUB/TOA-TIME/KoopySandwich/Saved/Collections/' took 0.01s
[2017.08.21-20.49.49:804][  0]LogFileCache: Scanning file cache for directory 'H:/GITHUB/TOA-TIME/KoopySandwich/Content/Developers/liamhal6872/Collections/' took 0.01s
[2017.08.21-20.49.49:804][  0]LogFileCache: Scanning file cache for directory 'H:/GITHUB/TOA-TIME/KoopySandwich/Content/Collections/' took 0.01s
[2017.08.21-20.49.49:804][  0]LogCollectionManager: Rebuilt the GUID cache for 0 collections in 0.000006 seconds
[2017.08.21-20.49.49:825][  0]LogContentBrowser: Native class hierarchy populated in 0.0185 seconds. Added 2204 classes and 434 folders.
[2017.08.21-20.49.51:193][  0]LogStats: UGameplayTagsManager::ConstructGameplayTagTree: Construct from data asset -  0.000 s
[2017.08.21-20.49.51:194][  0]LogStats: UGameplayTagsManager::ConstructGameplayTagTree: GameplayTagTreeChangedEvent.Broadcast -  0.001 s
[2017.08.21-20.49.51:195][  0]LogContentBrowser: Native class hierarchy updated for 'GameplayTags' in 0.0012 seconds. Added 13 classes and 0 folders.
[2017.08.21-20.49.51:515][  0]LogContentBrowser: Native class hierarchy updated for 'WidgetCarousel' in 0.0012 seconds. Added 0 classes and 0 folders.
[2017.08.21-20.49.52:683][  0]LogContentBrowser: Native class hierarchy updated for 'AddContentDialog' in 0.0014 seconds. Added 0 classes and 0 folders.
[2017.08.21-20.49.53:167][  0]LogContentBrowser: Native class hierarchy updated for 'SceneOutliner' in 0.0014 seconds. Added 1 classes and 2 folders.
[2017.08.21-20.49.53:732][  0]LogCrashTracker: Crashtracker disabled due to settings.
[2017.08.21-20.49.53:961][  0]LogTexture:Display: Building textures: Blueprint_64x (BGRA8)
[2017.08.21-20.49.53:966][  0]LogTexture:Display: Building textures: icon_Editor_Preferences_General_40x (BGRA8)
[2017.08.21-20.49.53:974][  0]LogTexture:Display: Building textures: Paper2DSprite_TutorialIcon (BGRA8)
[2017.08.21-20.49.53:980][  0]LogTexture:Display: Building textures: icon_ShowSkeletalMeshes_40x (BGRA8)
[2017.08.21-20.49.53:993][  0]LogTexture:Display: Building textures: Landscape (BGRA8)
[2017.08.21-20.49.54:005][  0]LogTexture:Display: Building textures: Foliage (BGRA8)
[2017.08.21-20.49.54:377][  0]LogContentBrowser: Native class hierarchy updated for 'HierarchicalLODOutliner' in 0.0015 seconds. Added 1 classes and 2 folders.
[2017.08.21-20.49.54:378][  0]LogLoad: (Engine Initialization) Total time: 198.57 seconds
[2017.08.21-20.49.54:378][  0]LogLoad: (Engine Initialization) Total Blueprint compile time: 0.79 seconds
[2017.08.21-20.49.54:389][  0]LogExternalProfiler: Found external profiler: VSPerf
[2017.08.21-20.49.54:389][  0]LogExternalProfiler: Using external profiler: VSPerf
[2017.08.21-20.49.54:798][  0]LogOcInput: OculusInput pre-init called
[2017.08.21-20.49.54:953][  0]LogDirectoryWatcher: A directory notification failed for 'H:/GITHUB/TOA-TIME/KoopySandwich/Content/' because it was empty or there was a buffer overflow. Attemping another request...
[2017.08.21-20.49.54:954][  0]LogDirectoryWatcher: A directory notification failed for 'H:/GITHUB/TOA-TIME/KoopySandwich/Content/', and we were unable to create a new request.
[2017.08.21-20.49.54:954][  0]LogDirectoryWatcher: A directory notification failed for 'H:/GITHUB/TOA-TIME/KoopySandwich/Saved/Collections/' because it was empty or there was a buffer overflow. Attemping another request...
[2017.08.21-20.49.54:954][  0]LogDirectoryWatcher: A directory notification failed for 'H:/GITHUB/TOA-TIME/KoopySandwich/Content/Developers/liamhal6872/Collections/' because it was empty or there was a buffer overflow. Attemping another request...
[2017.08.21-20.49.54:954][  0]LogDirectoryWatcher: A directory notification failed for 'H:/GITHUB/TOA-TIME/KoopySandwich/Content/Collections/' because it was empty or there was a buffer overflow. Attemping another request...
[2017.08.21-20.49.55:005][  0]LogContentStreaming: Texture pool size now 1000 MB
[2017.08.21-20.49.55:245][  0]LogTexture:Display: Building textures: icon_tab_Levels_40x (BGRA8)
[2017.08.21-20.49.55:592][  0]LogTexture:Display: Building textures: LevelGrid1DStripes (BGRA8)
[2017.08.21-20.49.55:928][  0]LogRenderer: Reallocating scene render targets to support 1208x580 NumSamples 1 (Frame:2).
[2017.08.21-20.49.56:627][  1]LogDirectoryWatcher: A directory notification failed for 'H:/GITHUB/TOA-TIME/KoopySandwich/Saved/Collections/' because it was empty or there was a buffer overflow. Attemping another request...
[2017.08.21-20.49.56:628][  1]LogDirectoryWatcher: A directory notification failed for 'H:/GITHUB/TOA-TIME/KoopySandwich/Saved/Collections/', and we were unable to create a new request.
[2017.08.21-20.49.56:628][  1]LogDirectoryWatcher: A directory notification failed for 'H:/GITHUB/TOA-TIME/KoopySandwich/Content/Developers/liamhal6872/Collections/' because it was empty or there was a buffer overflow. Attemping another request...
[2017.08.21-20.49.56:628][  1]LogDirectoryWatcher: A directory notification failed for 'H:/GITHUB/TOA-TIME/KoopySandwich/Content/Developers/liamhal6872/Collections/', and we were unable to create a new request.
[2017.08.21-20.49.56:628][  1]LogDirectoryWatcher: A directory notification failed for 'H:/GITHUB/TOA-TIME/KoopySandwich/Content/Collections/' because it was empty or there was a buffer overflow. Attemping another request...
[2017.08.21-20.49.56:628][  1]LogDirectoryWatcher: A directory notification failed for 'H:/GITHUB/TOA-TIME/KoopySandwich/Content/Collections/', and we were unable to create a new request.
[2017.08.21-20.49.56:910][  2]LogAssetRegistry: Asset discovery search completed in 86.8178 seconds
[2017.08.21-20.49.56:910][  2]LogCollectionManager: Rebuilt the object cache for 0 collections in 0.000001 seconds (found 0 objects)
[2017.08.21-20.49.56:910][  2]LogCollectionManager: Fixed up redirectors for 0 collections in 0.000018 seconds (updated 0 objects)
[2017.08.21-20.55.43:348][285]LogEditorViewport: Clicking on Actor (LMB): PostProcessVolume (PostProcessVolume)
[2017.08.21-20.55.44:937][376]LogTemp: Repeting last play command: New Editor Window (PIE)
[2017.08.21-20.55.45:064][376]LogPlayLevel: PlayLevel: No blueprints needed recompiling
[2017.08.21-20.55.45:093][376]PIE: New page: PIE session: Koopy (22/08/2017 8:55:45 pm)
[2017.08.21-20.55.45:094][376]LogPlayLevel: Creating play world package: /Game/_Maps/UEDPIE_0_Koopy
[2017.08.21-20.55.45:117][376]LogPlayLevel: PIE: StaticDuplicateObject took: (0.022457s)
[2017.08.21-20.55.45:117][376]LogAIModule: Creating AISystem for world Koopy
[2017.08.21-20.55.45:117][376]LogPlayLevel: PIE: World Init took: (0.000849s)
[2017.08.21-20.55.45:118][376]LogPlayLevel: PIE: Created PIE world by copying editor world from /Game/_Maps/Koopy.Koopy to /Game/_Maps/UEDPIE_0_Koopy.Koopy (0.023829s)
[2017.08.21-20.55.45:776][376]LogTexture:Display: Building textures: T_ML_Aluminum01 (AutoDXT)
[2017.08.21-20.55.45:872][376]LogTexture:Display: Building textures: T_ML_Aluminum01_N (BC5)
[2017.08.21-20.55.45:908][376]LogTexture:Display: Building textures: T_ML_Rubber_Blue_01_D (AutoDXT)
[2017.08.21-20.55.46:038][376]LogTexture:Display: Building textures: T_ML_Rubber_Blue_01_N (BC5)
[2017.08.21-20.55.46:066][376]LogTexture:Display: Building textures: UE4_Mannequin_MAT_MASKA (AutoDXT)
[2017.08.21-20.55.46:319][376]LogTexture:Display: Building textures: UE4_Mannequin__normals (BC5)
[2017.08.21-20.55.46:626][376]LogTexture:Display: Building textures: UE4_LOGO_CARD (AutoDXT)
[2017.08.21-20.55.46:697][376]LogTexture:Display: Building textures: UE4Man_Logo_N (BC5)
[2017.08.21-20.55.46:768][376]LogLoad: Game class is 'ThirdPersonGameMode_C'
[2017.08.21-20.55.46:794][376]LogWorld: Bringing World /Game/_Maps/UEDPIE_0_Koopy.Koopy up for play (max tick rate 0) at 2017.08.22-08.55.46
[2017.08.21-20.55.46:811][376]LogWorld: Bringing up level for play took: 0.036373
[2017.08.21-20.55.47:052][376]LogContentBrowser: Native class hierarchy updated for 'MovieSceneCapture' in 0.0013 seconds. Added 11 classes and 0 folders.
[2017.08.21-20.55.47:107][376]PIE: Info Play in editor start time for /Game/_Maps/UEDPIE_0_Koopy 1.91
[2017.08.21-20.55.47:225][376]LogRenderer: Reallocating scene render targets to support 1292x756 NumSamples 1 (Frame:344).
[2017.08.21-20.55.54:543][811]Cmd: QUIT_EDITOR
[2017.08.21-20.55.54:693][811]LogExit: Preparing to exit.
[2017.08.21-20.55.55:563][811]LogExit: Editor shut down
[2017.08.21-20.55.55:563][811]LogExit: Transaction tracking system shut down
[2017.08.21-20.55.56:078][811]LogObj: Freed 0b from 0 cluster array pools.
[2017.08.21-20.55.56:078][811]LogExit: Object subsystem successfully closed.
[2017.08.21-20.55.56:152][811]LogD3D11RHI: Shutdown
[2017.08.21-20.55.56:152][811]LogD3D11RHI: CleanupD3DDevice
[2017.08.21-20.55.56:240][811]LogD3D11RHI: ~FD3D11DynamicRHI
[2017.08.21-20.55.56:518][811]LogHttp:Display: Http module shutting down, but needs to wait on 1 outstanding Http requests:
[2017.08.21-20.55.56:518][811]LogHttp:Display: 	verb=[POST] url=[https://datarouter.ol.epicgames.com/datarouter/api/v1/public/data?SessionID=%7B7E47F077-41BA-34EB-E15A-4C9FBC5AAB02%7D&AppID=UEEditor.Rocket.Release&AppVersion=4.14.3-3249277%2B%2B%2BUE4%2BRelease-4.14&UserID=4ee8dfbf4189d460486cef836312b8d1%7C%7C1f43a8e8-a14b-4da6-b943-5738e7d6d237&AppEnvironment=datacollector-binary&UploadType=eteventstream] status=Processing
[2017.08.21-20.55.56:576][811]LogModuleManager: Shutting down and abandoning module MovieSceneCapture (244)
[2017.08.21-20.55.56:576][811]LogModuleManager: Shutting down and abandoning module HierarchicalLODOutliner (243)
[2017.08.21-20.55.56:577][811]LogModuleManager: Shutting down and abandoning module CrashTracker (242)
[2017.08.21-20.55.56:577][811]LogModuleManager: Shutting down and abandoning module SceneOutliner (241)
[2017.08.21-20.55.56:577][811]LogModuleManager: Shutting down and abandoning module WidgetCarousel (240)
[2017.08.21-20.55.56:577][811]LogModuleManager: Shutting down and abandoning module AddContentDialog (239)
[2017.08.21-20.55.56:577][811]LogDirectoryWatcher: A directory notification for 'C:/apps/Epic Games/4.14/FeaturePacks/' was aborted.
[2017.08.21-20.55.56:578][811]LogModuleManager: Shutting down and abandoning module GameplayTags (238)
[2017.08.21-20.55.56:578][811]LogModuleManager: Shutting down and abandoning module EditorWidgets (237)
[2017.08.21-20.55.56:578][811]LogModuleManager: Shutting down and abandoning module CollectionManager (236)
[2017.08.21-20.55.56:578][811]LogModuleManager: Shutting down and abandoning module StatsViewer (235)
[2017.08.21-20.55.56:595][811]LogModuleManager: Shutting down and abandoning module FoliageEdit (234)
[2017.08.21-20.55.56:595][811]LogModuleManager: Shutting down and abandoning module LandscapeEditor (233)
[2017.08.21-20.55.56:603][811]LogModuleManager: Shutting down and abandoning module SceneDepthPickerMode (232)
[2017.08.21-20.55.56:603][811]LogModuleManager: Shutting down and abandoning module ActorPickerMode (231)
[2017.08.21-20.55.56:603][811]LogModuleManager: Shutting down and abandoning module GeometryMode (230)
[2017.08.21-20.55.56:603][811]LogModuleManager: Shutting down and abandoning module TextureAlignMode (229)
[2017.08.21-20.55.56:603][811]LogModuleManager: Shutting down and abandoning module BspMode (228)
[2017.08.21-20.55.56:603][811]LogModuleManager: Shutting down and abandoning module HardwareSurvey (227)
[2017.08.21-20.55.56:603][811]LogModuleManager: Shutting down and abandoning module SequenceRecorderSections (226)
[2017.08.21-20.55.56:603][811]LogModuleManager: Shutting down and abandoning module AutomationWorker (225)
[2017.08.21-20.55.56:603][811]LogModuleManager: Shutting down and abandoning module MatineeToLevelSequence (224)
[2017.08.21-20.55.56:603][811]LogModuleManager: Shutting down and abandoning module PlacementMode (223)
[2017.08.21-20.55.56:614][811]LogModuleManager: Shutting down and abandoning module LevelSequenceEditor (222)
[2017.08.21-20.55.56:621][811]LogModuleManager: Shutting down and abandoning module WmfMediaFactory (221)
[2017.08.21-20.55.56:621][811]LogModuleManager: Shutting down and abandoning module WmfMediaEditor (220)
[2017.08.21-20.55.56:621][811]LogModuleManager: Shutting down and abandoning module AvfMediaFactory (219)
[2017.08.21-20.55.56:621][811]LogModuleManager: Shutting down and abandoning module AvfMediaEditor (218)
[2017.08.21-20.55.56:621][811]LogModuleManager: Shutting down and abandoning module Media (217)
[2017.08.21-20.55.56:621][811]LogModuleManager: Shutting down and abandoning module AndroidMediaFactory (216)
[2017.08.21-20.55.56:621][811]LogModuleManager: Shutting down and abandoning module AndroidMediaEditor (215)
[2017.08.21-20.55.56:621][811]LogModuleManager: Shutting down and abandoning module CharacterAI (214)
[2017.08.21-20.55.56:621][811]LogModuleManager: Shutting down and abandoning module SequenceRecorder (213)
[2017.08.21-20.55.56:622][811]LogModuleManager: Shutting down and abandoning module AudioCapture (212)
[2017.08.21-20.55.56:622][811]LogModuleManager: Shutting down and abandoning module SmartSnapping (211)
[2017.08.21-20.55.56:622][811]LogModuleManager: Shutting down and abandoning module SessionServices (210)
[2017.08.21-20.55.56:622][811]LogModuleManager: Shutting down and abandoning module ViewportSnapping (209)
[2017.08.21-20.55.56:622][811]LogModuleManager: Shutting down and abandoning module ViewportInteraction (208)
[2017.08.21-20.55.56:622][811]LogModuleManager: Shutting down and abandoning module LogVisualizer (207)
[2017.08.21-20.55.56:630][811]LogModuleManager: Shutting down and abandoning module GameProjectGeneration (206)
[2017.08.21-20.55.56:641][811]LogModuleManager: Shutting down and abandoning module IntroTutorials (205)
[2017.08.21-20.55.56:641][811]LogModuleManager: Shutting down and abandoning module EditorLiveStreaming (204)
[2017.08.21-20.55.56:641][811]LogModuleManager: Shutting down and abandoning module IOSPlatformEditor (203)
[2017.08.21-20.55.56:641][811]LogModuleManager: Shutting down and abandoning module HTML5PlatformEditor (202)
[2017.08.21-20.55.56:641][811]LogModuleManager: Shutting down and abandoning module AndroidDeviceDetection (201)
[2017.08.21-20.55.57:048][811]LogModuleManager: Shutting down and abandoning module AndroidPlatformEditor (200)
[2017.08.21-20.55.57:048][811]LogModuleManager: Shutting down and abandoning module IOSRuntimeSettings (199)
[2017.08.21-20.55.57:048][811]LogModuleManager: Shutting down and abandoning module AndroidRuntimeSettings (198)
[2017.08.21-20.55.57:048][811]LogModuleManager: Shutting down and abandoning module InputBindingEditor (197)
[2017.08.21-20.55.57:048][811]LogModuleManager: Shutting down and abandoning module NiagaraEditor (196)
[2017.08.21-20.55.57:112][811]LogModuleManager: Shutting down and abandoning module MergeActors (195)
[2017.08.21-20.55.57:140][811]LogModuleManager: Shutting down and abandoning module SizeMap (194)
[2017.08.21-20.55.57:141][811]LogModuleManager: Shutting down and abandoning module TreeMap (193)
[2017.08.21-20.55.57:141][811]LogModuleManager: Shutting down and abandoning module ReferenceViewer (192)
[2017.08.21-20.55.57:141][811]LogModuleManager: Shutting down and abandoning module LocalizationService (191)
[2017.08.21-20.55.57:141][811]LogModuleManager: Shutting down and abandoning module LocalizationDashboard (190)
[2017.08.21-20.55.57:166][811]LogModuleManager: Shutting down and abandoning module HardwareTargeting (189)
[2017.08.21-20.55.57:166][811]LogModuleManager: Shutting down and abandoning module DeviceProfileEditor (188)
[2017.08.21-20.55.57:223][811]LogModuleManager: Shutting down and abandoning module UndoHistory (187)
[2017.08.21-20.55.57:245][811]LogModuleManager: Shutting down and abandoning module UserFeedback (186)
[2017.08.21-20.55.57:245][811]LogModuleManager: Shutting down and abandoning module XmlParser (185)
[2017.08.21-20.55.57:245][811]LogModuleManager: Shutting down and abandoning module Blutility (184)
[2017.08.21-20.55.57:245][811]LogModuleManager: Shutting down and abandoning module ProjectTargetPlatformEditor (183)
[2017.08.21-20.55.57:245][811]LogModuleManager: Shutting down and abandoning module ProjectSettingsViewer (182)
[2017.08.21-20.55.57:245][811]LogModuleManager: Shutting down and abandoning module EditorSettingsViewer (181)
[2017.08.21-20.55.57:246][811]LogModuleManager: Shutting down and abandoning module SettingsEditor (180)
[2017.08.21-20.55.57:259][811]LogModuleManager: Shutting down and abandoning module ProjectLauncher (179)
[2017.08.21-20.55.57:299][811]LogModuleManager: Shutting down and abandoning module SessionFrontend (178)
[2017.08.21-20.55.57:313][811]LogModuleManager: Shutting down and abandoning module ProfilerClient (177)
[2017.08.21-20.55.57:325][811]LogModuleManager: Shutting down and abandoning module TargetDeviceServices (176)
[2017.08.21-20.55.57:325][811]LogModuleManager: Shutting down and abandoning module DeviceManager (175)
[2017.08.21-20.55.57:382][811]LogModuleManager: Shutting down and abandoning module AutomationController (174)
[2017.08.21-20.55.57:382][811]LogModuleManager: Shutting down and abandoning module AutomationWindow (173)
[2017.08.21-20.55.57:438][811]LogModuleManager: Shutting down and abandoning module Layers (172)
[2017.08.21-20.55.57:480][811]LogModuleManager: Shutting down and abandoning module ComponentVisualizers (171)
[2017.08.21-20.55.57:480][811]LogModuleManager: Shutting down and abandoning module DetailCustomizations (170)
[2017.08.21-20.55.57:491][811]LogModuleManager: Shutting down and abandoning module PackagesDialog (169)
[2017.08.21-20.55.57:492][811]LogModuleManager: Shutting down and abandoning module AnimGraph (168)
[2017.08.21-20.55.57:492][811]LogModuleManager: Shutting down and abandoning module Persona (167)
[2017.08.21-20.55.57:492][811]LogModuleManager: Shutting down and abandoning module Kismet (166)
[2017.08.21-20.55.57:493][811]LogModuleManager: Shutting down and abandoning module GraphEditor (165)
[2017.08.21-20.55.57:515][811]LogModuleManager: Shutting down and abandoning module ClassViewer (164)
[2017.08.21-20.55.57:520][811]LogModuleManager: Shutting down and abandoning module Toolbox (163)
[2017.08.21-20.55.57:520][811]LogModuleManager: Shutting down and abandoning module ModuleUI (162)
[2017.08.21-20.55.57:540][811]LogModuleManager: Shutting down and abandoning module MovieSceneTools (161)
[2017.08.21-20.55.57:550][811]LogModuleManager: Shutting down and abandoning module OutputLog (160)
[2017.08.21-20.55.57:561][811]LogModuleManager: Shutting down and abandoning module GammaUI (159)
[2017.08.21-20.55.57:561][811]LogModuleManager: Shutting down and abandoning module Documentation (158)
[2017.08.21-20.55.57:561][811]LogModuleManager: Shutting down and abandoning module Niagara (157)
[2017.08.21-20.55.57:561][811]LogModuleManager: Shutting down and abandoning module StreamingPauseRendering (156)
[2017.08.21-20.55.57:561][811]LogModuleManager: Shutting down and abandoning module AnalyticsET (155)
[2017.08.21-20.55.57:561][811]LogModuleManager: Shutting down and abandoning module PortalServices (154)
[2017.08.21-20.55.57:561][811]LogModuleManager: Shutting down and abandoning module PortalRpc (153)
[2017.08.21-20.55.57:561][811]LogModuleManager: Shutting down and abandoning module MessagingRpc (152)
[2017.08.21-20.55.57:561][811]LogModuleManager: Shutting down and abandoning module GameplayDebugger (151)
[2017.08.21-20.55.57:561][811]LogModuleManager: Shutting down and abandoning module AITestSuite (150)
[2017.08.21-20.55.57:561][811]LogModuleManager: Shutting down and abandoning module AIModule (149)
[2017.08.21-20.55.57:561][811]LogModuleManager: Shutting down and abandoning module ProfilerService (148)
[2017.08.21-20.55.57:774][811]LogModuleManager: Shutting down and abandoning module TaskGraph (147)
[2017.08.21-20.55.57:804][811]LogModuleManager: Shutting down and abandoning module SubstanceEditor (146)
[2017.08.21-20.55.57:804][811]LogModuleManager: Shutting down and abandoning module SlateRemote (145)
[2017.08.21-20.55.57:804][811]LogModuleManager: Shutting down and abandoning module SteamVRController (144)
[2017.08.21-20.55.57:804][811]LogModuleManager: Shutting down and abandoning module SteamVR (143)
[2017.08.21-20.55.57:804][811]LogModuleManager: Shutting down and abandoning module ProceduralMeshComponentEditor (142)
[2017.08.21-20.55.57:804][811]LogModuleManager: Shutting down and abandoning module ProceduralMeshComponent (141)
[2017.08.21-20.55.57:804][811]LogModuleManager: Shutting down and abandoning module OculusLibrary (140)
[2017.08.21-20.55.57:804][811]LogModuleManager: Shutting down and abandoning module OculusInput (139)
[2017.08.21-20.55.57:804][811]LogModuleManager: Shutting down and abandoning module MobilePatchingUtils (138)
[2017.08.21-20.55.57:804][811]LogModuleManager: Shutting down and abandoning module CustomMeshComponent (137)
[2017.08.21-20.55.57:804][811]LogModuleManager: Shutting down and abandoning module CableComponent (136)
[2017.08.21-20.55.57:804][811]LogModuleManager: Shutting down and abandoning module ArchVisCharacter (135)
[2017.08.21-20.55.57:804][811]LogModuleManager: Shutting down and abandoning module MediaPlayerEditor (133)
[2017.08.21-20.55.57:816][811]LogModuleManager: Shutting down and abandoning module HTML5Networking (132)
[2017.08.21-20.55.57:816][811]LogModuleManager: Shutting down and abandoning module GeometryCacheEd (131)
[2017.08.21-20.55.57:816][811]LogModuleManager: Shutting down and abandoning module GeometryCache (130)
[2017.08.21-20.55.57:816][811]LogModuleManager: Shutting down and abandoning module AlembicLibrary (129)
[2017.08.21-20.55.57:816][811]LogModuleManager: Shutting down and abandoning module AlembicImporter (128)
[2017.08.21-20.55.57:830][811]LogModuleManager: Shutting down and abandoning module SuperSearch (127)
[2017.08.21-20.55.57:830][811]LogModuleManager: Shutting down and abandoning module SuperSearchEditor (126)
[2017.08.21-20.55.57:830][811]LogModuleManager: Shutting down and abandoning module SpeedTreeImporter (125)
[2017.08.21-20.55.57:830][811]LogModuleManager: Shutting down and abandoning module PluginBrowser (124)
[2017.08.21-20.55.57:831][811]LogModuleManager: Shutting down and abandoning module MobileLauncherProfileWizard (123)
[2017.08.21-20.55.57:836][811]LogModuleManager: Shutting down and abandoning module EpicSurvey (122)
[2017.08.21-20.55.57:836][811]LogModuleManager: Shutting down and abandoning module DesktopPlatform (121)
[2017.08.21-20.55.57:836][811]LogModuleManager: Shutting down and abandoning module VisualStudioSourceCodeAccess (120)
[2017.08.21-20.55.57:836][811]LogModuleManager: Shutting down and abandoning module UObjectPlugin (119)
[2017.08.21-20.55.57:836][811]LogModuleManager: Shutting down and abandoning module SubversionSourceControl (118)
[2017.08.21-20.55.57:836][811]LogModuleManager: Shutting down and abandoning module PerforceSourceControl (117)
[2017.08.21-20.55.57:836][811]LogModuleManager: Shutting down and abandoning module SourceControl (116)
[2017.08.21-20.55.57:836][811]LogModuleManager: Shutting down and abandoning module GitSourceControl (115)
[2017.08.21-20.55.57:836][811]LogModuleManager: Shutting down and abandoning module LightPropagationVolumeEditor (114)
[2017.08.21-20.55.57:836][811]LogModuleManager: Shutting down and abandoning module PaperTiledImporter (113)
[2017.08.21-20.55.57:836][811]LogModuleManager: Shutting down and abandoning module PaperSpriteSheetImporter (112)
[2017.08.21-20.55.57:836][811]LogModuleManager: Shutting down and abandoning module MeshPaint (111)
[2017.08.21-20.55.57:836][811]LogModuleManager: Shutting down and abandoning module PixelInspectorModule (110)
[2017.08.21-20.55.57:836][811]LogModuleManager: Shutting down and abandoning module HotReload (109)
[2017.08.21-20.55.57:837][811]LogModuleManager: Shutting down and abandoning module MainFrame (108)
[2017.08.21-20.55.57:837][811]LogModuleManager: Shutting down and abandoning module LevelEditor (107)
[2017.08.21-20.55.57:838][811]LogModuleManager: Shutting down and abandoning module ContentBrowser (106)
[2017.08.21-20.55.57:838][811]LogModuleManager: Shutting down and abandoning module Paper2DEditor (105)
[2017.08.21-20.55.57:839][811]LogModuleManager: Shutting down and abandoning module UdpMessaging (104)
[2017.08.21-20.55.57:939][811]LogModuleManager: Shutting down and abandoning module TcpMessaging (103)
[2017.08.21-20.55.58:039][811]LogModuleManager: Shutting down and abandoning module SubstanceCore (102)
[2017.08.21-20.55.58:047][811]LogModuleManager: Shutting down and abandoning module LightPropagationVolumeRuntime (101)
[2017.08.21-20.55.58:047][811]LogModuleManager: Shutting down and abandoning module Paper2D (100)
[2017.08.21-20.55.58:047][811]LogModuleManager: Shutting down and abandoning module WindowsMoviePlayer (99)
[2017.08.21-20.55.58:047][811]LogModuleManager: Shutting down and abandoning module WmfMedia (98)
[2017.08.21-20.55.58:049][811]LogModuleManager: Shutting down and abandoning module MediaAssets (97)
[2017.08.21-20.55.58:049][811]LogModuleManager: Shutting down and abandoning module GameLiveStreaming (96)
[2017.08.21-20.55.58:049][811]LogModuleManager: Shutting down and abandoning module GameplayTagsEditor (95)
[2017.08.21-20.55.58:049][811]LogModuleManager: Shutting down and abandoning module VREditor (94)
[2017.08.21-20.55.58:049][811]LogModuleManager: Shutting down and abandoning module GameplayTasksEditor (93)
[2017.08.21-20.55.58:049][811]LogModuleManager: Shutting down and abandoning module BehaviorTreeEditor (92)
[2017.08.21-20.55.58:060][811]LogModuleManager: Shutting down and abandoning module FunctionalTesting (91)
[2017.08.21-20.55.58:060][811]LogModuleManager: Shutting down and abandoning module CollisionAnalyzer (90)
[2017.08.21-20.55.58:073][811]LogModuleManager: Shutting down and abandoning module Sequencer (89)
[2017.08.21-20.55.58:081][811]LogModuleManager: Shutting down and abandoning module WorkspaceMenuStructure (88)
[2017.08.21-20.55.58:081][811]LogModuleManager: Shutting down and abandoning module MessageLog (87)
[2017.08.21-20.55.58:081][811]LogModuleManager: Shutting down and abandoning module AssetTools (86)
[2017.08.21-20.55.58:188][811]LogModuleManager: Shutting down and abandoning module UMGEditor (85)
[2017.08.21-20.55.58:236][811]LogModuleManager: Shutting down and abandoning module UMG (84)
[2017.08.21-20.55.58:267][811]LogModuleManager: Shutting down and abandoning module SlateReflector (83)
[2017.08.21-20.55.58:283][811]LogModuleManager: Shutting down and abandoning module Slate (82)
[2017.08.21-20.55.58:283][811]LogModuleManager: Shutting down and abandoning module EditorStyle (81)
[2017.08.21-20.55.58:286][811]LogModuleManager: Shutting down and abandoning module SourceCodeAccess (80)
[2017.08.21-20.55.58:286][811]LogModuleManager: Shutting down and abandoning module HeadMountedDisplay (79)
[2017.08.21-20.55.58:286][811]LogModuleManager: Shutting down and abandoning module XAudio2 (78)
[2017.08.21-20.55.58:286][811]LogModuleManager: Shutting down and abandoning module Networking (76)
[2017.08.21-20.55.58:286][811]LogModuleManager: Shutting down and abandoning module Core (75)
[2017.08.21-20.55.58:286][811]LogModuleManager: Shutting down and abandoning module DirectoryWatcher (74)
[2017.08.21-20.55.58:286][811]LogDirectoryWatcher: A directory notification for '../../../Engine/Content/' was aborted.
[2017.08.21-20.55.58:286][811]LogDirectoryWatcher: A directory notification for '../../../Engine/Plugins/2D/Paper2D/Content/' was aborted.
[2017.08.21-20.55.58:286][811]LogModuleManager: Shutting down and abandoning module AssetRegistry (73)
[2017.08.21-20.55.58:585][811]LogModuleManager: Shutting down and abandoning module KismetCompiler (72)
[2017.08.21-20.55.58:585][811]LogModuleManager: Shutting down and abandoning module PhysXFormats (71)
[2017.08.21-20.55.58:585][811]LogModuleManager: Shutting down and abandoning module SimplygonSwarm (70)
[2017.08.21-20.55.58:586][811]LogModuleManager: Shutting down and abandoning module SimplygonMeshReduction (69)
[2017.08.21-20.55.58:586][811]LogModuleManager: Shutting down and abandoning module QuadricMeshReduction (68)
[2017.08.21-20.55.58:586][811]LogModuleManager: Shutting down and abandoning module PropertyEditor (67)
[2017.08.21-20.55.58:586][811]LogModuleManager: Shutting down and abandoning module MeshUtilities (66)
[2017.08.21-20.55.58:586][811]LogModuleManager: Shutting down and abandoning module DerivedDataCache (65)
[2017.08.21-20.55.58:609][811]LogDerivedDataCache: Shutdown
[2017.08.21-20.55.58:609][811]LogModuleManager: Shutting down and abandoning module VulkanShaderFormat (64)
[2017.08.21-20.55.58:609][811]LogModuleManager: Shutting down and abandoning module ShaderFormatOpenGL (63)
[2017.08.21-20.55.58:633][811]LogModuleManager: Shutting down and abandoning module ShaderFormatD3D (62)
[2017.08.21-20.55.58:634][811]LogModuleManager: Shutting down and abandoning module MetalShaderFormat (61)
[2017.08.21-20.55.58:643][811]LogModuleManager: Shutting down and abandoning module TextureFormatUncompressed (60)
[2017.08.21-20.55.58:643][811]LogModuleManager: Shutting down and abandoning module TextureFormatPVR (59)
[2017.08.21-20.55.58:643][811]LogModuleManager: Shutting down and abandoning module TextureFormatDXT (58)
[2017.08.21-20.55.58:643][811]LogModuleManager: Shutting down and abandoning module TextureFormatIntelISPCTexComp (57)
[2017.08.21-20.55.58:660][811]LogModuleManager: Shutting down and abandoning module ImageWrapper (56)
[2017.08.21-20.55.58:660][811]LogModuleManager: Shutting down and abandoning module TextureFormatASTC (55)
[2017.08.21-20.55.58:660][811]LogModuleManager: Shutting down and abandoning module TextureFormatAndroid (54)
[2017.08.21-20.55.58:660][811]LogModuleManager: Shutting down and abandoning module AudioFormatOpus (53)
[2017.08.21-20.55.58:660][811]LogModuleManager: Shutting down and abandoning module AudioFormatOgg (52)
[2017.08.21-20.55.58:660][811]LogModuleManager: Shutting down and abandoning module AudioFormatADPCM (51)
[2017.08.21-20.55.58:660][811]LogModuleManager: Shutting down and abandoning module LinuxTargetPlatform (50)
[2017.08.21-20.55.58:660][811]LogModuleManager: Shutting down and abandoning module LinuxServerTargetPlatform (49)
[2017.08.21-20.55.58:661][811]LogModuleManager: Shutting down and abandoning module LinuxNoEditorTargetPlatform (48)
[2017.08.21-20.55.58:661][811]LogModuleManager: Shutting down and abandoning module LinuxClientTargetPlatform (47)
[2017.08.21-20.55.58:662][811]LogModuleManager: Shutting down and abandoning module TVOSTargetPlatform (46)
[2017.08.21-20.55.58:662][811]LogModuleManager: Shutting down and abandoning module Messaging (45)
[2017.08.21-20.55.58:662][811]LogModuleManager: Shutting down and abandoning module IOSTargetPlatform (44)
[2017.08.21-20.55.58:662][811]LogModuleManager: Shutting down and abandoning module HTML5TargetPlatform (43)
[2017.08.21-20.55.58:662][811]LogModuleManager: Shutting down and abandoning module Android_PVRTCTargetPlatform (42)
[2017.08.21-20.55.58:662][811]LogModuleManager: Shutting down and abandoning module Android_MultiTargetPlatform (41)
[2017.08.21-20.55.58:662][811]LogModuleManager: Shutting down and abandoning module Android_ETC2TargetPlatform (40)
[2017.08.21-20.55.58:662][811]LogModuleManager: Shutting down and abandoning module Android_ETC1TargetPlatform (39)
[2017.08.21-20.55.58:662][811]LogModuleManager: Shutting down and abandoning module Android_DXTTargetPlatform (38)
[2017.08.21-20.55.58:662][811]LogModuleManager: Shutting down and abandoning module Android_ATCTargetPlatform (37)
[2017.08.21-20.55.58:662][811]LogModuleManager: Shutting down and abandoning module Android_ASTCTargetPlatform (36)
[2017.08.21-20.55.58:662][811]LogModuleManager: Shutting down and abandoning module AndroidTargetPlatform (35)
[2017.08.21-20.55.58:662][811]LogModuleManager: Shutting down and abandoning module WindowsTargetPlatform (34)
[2017.08.21-20.55.58:662][811]LogModuleManager: Shutting down and abandoning module WindowsServerTargetPlatform (33)
[2017.08.21-20.55.58:662][811]LogModuleManager: Shutting down and abandoning module WindowsNoEditorTargetPlatform (32)
[2017.08.21-20.55.58:663][811]LogModuleManager: Shutting down and abandoning module WindowsClientTargetPlatform (31)
[2017.08.21-20.55.58:663][811]LogModuleManager: Shutting down and abandoning module MacTargetPlatform (30)
[2017.08.21-20.55.58:663][811]LogModuleManager: Shutting down and abandoning module MacServerTargetPlatform (29)
[2017.08.21-20.55.58:663][811]LogModuleManager: Shutting down and abandoning module MacNoEditorTargetPlatform (28)
[2017.08.21-20.55.58:663][811]LogModuleManager: Shutting down and abandoning module MacClientTargetPlatform (27)
[2017.08.21-20.55.58:663][811]LogModuleManager: Shutting down and abandoning module AllDesktopTargetPlatform (26)
[2017.08.21-20.55.58:663][811]LogModuleManager: Shutting down and abandoning module TargetPlatform (25)
[2017.08.21-20.55.58:663][811]LogModuleManager: Shutting down and abandoning module InputCore (24)
[2017.08.21-20.55.58:663][811]LogModuleManager: Shutting down and abandoning module Settings (23)
[2017.08.21-20.55.58:663][811]LogModuleManager: Shutting down and abandoning module OculusRift (22)
[2017.08.21-20.55.58:675][811]LogModuleManager: Shutting down and abandoning module ExampleDeviceProfileSelector (21)
[2017.08.21-20.55.58:675][811]LogModuleManager: Shutting down and abandoning module OnlineBlueprintSupport (20)
[2017.08.21-20.55.58:675][811]LogModuleManager: Shutting down and abandoning module OnlineSubsystem (18)
[2017.08.21-20.55.58:675][811]LogOnline:Display: Unloading online subsystem: NULL
[2017.08.21-20.55.58:689][811]LogModuleManager: Shutting down and abandoning module SSL (17)
[2017.08.21-20.55.58:691][811]LogModuleManager: Shutting down and abandoning module HTTP (16)
[2017.08.21-20.55.58:691][811]LogModuleManager: Shutting down and abandoning module XMPP (15)
[2017.08.21-20.55.58:707][811]LogModuleManager: Shutting down and abandoning module TextureCompressor (14)
[2017.08.21-20.55.58:707][811]LogModuleManager: Shutting down and abandoning module ShaderCore (13)
[2017.08.21-20.55.58:707][811]LogModuleManager: Shutting down and abandoning module Landscape (12)
[2017.08.21-20.55.58:707][811]LogModuleManager: Shutting down and abandoning module SlateRHIRenderer (11)
[2017.08.21-20.55.58:711][811]LogModuleManager: Shutting down and abandoning module OpenGLDrv (10)
[2017.08.21-20.55.58:722][811]LogModuleManager: Shutting down and abandoning module D3D11RHI (9)
[2017.08.21-20.55.58:722][811]LogModuleManager: Shutting down and abandoning module AnimGraphRuntime (8)
[2017.08.21-20.55.58:722][811]LogModuleManager: Shutting down and abandoning module Renderer (7)
[2017.08.21-20.55.58:722][811]LogModuleManager: Shutting down and abandoning module Engine (6)
[2017.08.21-20.55.58:722][811]LogModuleManager: Shutting down and abandoning module CoreUObject (5)
[2017.08.21-20.55.58:722][811]LogModuleManager: Shutting down and abandoning module NetworkFile (4)
[2017.08.21-20.55.58:722][811]LogModuleManager: Shutting down and abandoning module StreamingFile (3)
[2017.08.21-20.55.58:723][811]LogModuleManager: Shutting down and abandoning module SandboxFile (2)
[2017.08.21-20.55.58:723][811]LogModuleManager: Shutting down and abandoning module PakFile (1)
[2017.08.21-20.55.58:725][811]LogExit: Exiting.
[2017.08.21-20.55.58:726][811]Log file closed, 08/22/17 08:55:58
