Log file open, 08/22/17 15:58:37
LogInit:Display: Running engine for game: KoopySandwich
LogPlatformFile: Not using cached read wrapper
LogInit:Display: RandInit(-486765420) SRandInit(-486765420).
LogTaskGraph: Started task graph with 5 named threads and 8 total threads with 1 sets of task threads.
LogStats: Stats thread started at 3.991893
LogPluginManager: Loaded Plugin Paper2D, From C:/apps/Epic Games/4.14/Engine/Plugins/2D/Paper2D/Paper2D.uplugin
LogPluginManager: Loaded Plugin LightPropagationVolume, From C:/apps/Epic Games/4.14/Engine/Plugins/Blendables/LightPropagationVolume/LightPropagationVolume.uplugin
LogPluginManager: Loaded Plugin BlankPlugin, From C:/apps/Epic Games/4.14/Engine/Plugins/Developer/BlankPlugin/BlankPlugin.uplugin
LogPluginManager: Loaded Plugin CodeLiteSourceCodeAccess, From C:/apps/Epic Games/4.14/Engine/Plugins/Developer/CodeLiteSourceCodeAccess/CodeLiteSourceCodeAccess.uplugin
LogPluginManager: Loaded Plugin GitSourceControl, From C:/apps/Epic Games/4.14/Engine/Plugins/Developer/GitSourceControl/GitSourceControl.uplugin
LogPluginManager: Loaded Plugin KDevelopSourceCodeAccess, From C:/apps/Epic Games/4.14/Engine/Plugins/Developer/KDevelopSourceCodeAccess/KDevelopSourceCodeAccess.uplugin
LogPluginManager: Loaded Plugin NullSourceCodeAccess, From C:/apps/Epic Games/4.14/Engine/Plugins/Developer/NullSourceCodeAccess/NullSourceCodeAccess.uplugin
LogPluginManager: Loaded Plugin OneSkyLocalizationService, From C:/apps/Epic Games/4.14/Engine/Plugins/Developer/OneSkyLocalizationService/OneSkyLocalizationService.uplugin
LogPluginManager: Loaded Plugin PerforceSourceControl, From C:/apps/Epic Games/4.14/Engine/Plugins/Developer/PerforceSourceControl/PerforceSourceControl.uplugin
LogPluginManager: Loaded Plugin SubversionSourceControl, From C:/apps/Epic Games/4.14/Engine/Plugins/Developer/SubversionSourceControl/SubversionSourceControl.uplugin
LogPluginManager: Loaded Plugin UObjectPlugin, From C:/apps/Epic Games/4.14/Engine/Plugins/Developer/UObjectPlugin/UObjectPlugin.uplugin
LogPluginManager: Loaded Plugin VisualStudioSourceCodeAccess, From C:/apps/Epic Games/4.14/Engine/Plugins/Developer/VisualStudioSourceCodeAccess/VisualStudioSourceCodeAccess.uplugin
LogPluginManager: Loaded Plugin XCodeSourceCodeAccess, From C:/apps/Epic Games/4.14/Engine/Plugins/Developer/XCodeSourceCodeAccess/XCodeSourceCodeAccess.uplugin
LogPluginManager: Loaded Plugin AudioCapture, From C:/apps/Epic Games/4.14/Engine/Plugins/Editor/AudioCapture/AudioCapture.uplugin
LogPluginManager: Loaded Plugin EpicSurvey, From C:/apps/Epic Games/4.14/Engine/Plugins/Editor/EpicSurvey/EpicSurvey.uplugin
LogPluginManager: Loaded Plugin MacGraphicsSwitching, From C:/apps/Epic Games/4.14/Engine/Plugins/Editor/MacGraphicsSwitching/MacGraphicsSwitching.uplugin
LogPluginManager: Loaded Plugin MobileLauncherProfileWizard, From C:/apps/Epic Games/4.14/Engine/Plugins/Editor/MobileLauncherProfileWizard/MobileLauncherProfileWizard.uplugin
LogPluginManager: Loaded Plugin PluginBrowser, From C:/apps/Epic Games/4.14/Engine/Plugins/Editor/PluginBrowser/PluginBrowser.uplugin
LogPluginManager: Loaded Plugin SpeedTreeImporter, From C:/apps/Epic Games/4.14/Engine/Plugins/Editor/SpeedTreeImporter/SpeedTreeImporter.uplugin
LogPluginManager: Loaded Plugin SuperSearchEditor, From C:/apps/Epic Games/4.14/Engine/Plugins/Editor/SuperSearchEditor/SuperSearchEditor.uplugin
LogPluginManager: Loaded Plugin AlembicImporter, From C:/apps/Epic Games/4.14/Engine/Plugins/Experimental/AlembicImporter/AlembicImporter.uplugin
LogPluginManager: Loaded Plugin BlueprintStats, From C:/apps/Epic Games/4.14/Engine/Plugins/Experimental/BlueprintStats/BlueprintStats.uplugin
LogPluginManager: Loaded Plugin CharacterAI, From C:/apps/Epic Games/4.14/Engine/Plugins/Experimental/CharacterAI/CharacterAI.uplugin
LogPluginManager: Loaded Plugin CodeEditor, From C:/apps/Epic Games/4.14/Engine/Plugins/Experimental/CodeEditor/CodeEditor.uplugin
LogPluginManager: Loaded Plugin CodeView, From C:/apps/Epic Games/4.14/Engine/Plugins/Experimental/CodeView/CodeView.uplugin
LogPluginManager: Loaded Plugin HTML5Networking, From C:/apps/Epic Games/4.14/Engine/Plugins/Experimental/HTML5Networking/HTML5Networking.uplugin
LogPluginManager: Loaded Plugin OSVR, From C:/apps/Epic Games/4.14/Engine/Plugins/Experimental/OSVR/OSVR.uplugin
LogPluginManager: Loaded Plugin Phya, From C:/apps/Epic Games/4.14/Engine/Plugins/Experimental/Phya/Phya.uplugin
LogPluginManager: Loaded Plugin SignificanceManager, From C:/apps/Epic Games/4.14/Engine/Plugins/Experimental/SignificanceManager/SignificanceManager.uplugin
LogPluginManager: Loaded Plugin SimpleHMD, From C:/apps/Epic Games/4.14/Engine/Plugins/Experimental/SimpleHMD/SimpleHMD.uplugin
LogPluginManager: Loaded Plugin StereoPanorama, From C:/apps/Epic Games/4.14/Engine/Plugins/Experimental/StereoPanorama/StereoPanorama.uplugin
LogPluginManager: Loaded Plugin StructBox, From C:/apps/Epic Games/4.14/Engine/Plugins/Experimental/StructBox/StructBox.uplugin
LogPluginManager: Loaded Plugin AndroidMedia, From C:/apps/Epic Games/4.14/Engine/Plugins/Media/AndroidMedia/AndroidMedia.uplugin
LogPluginManager: Loaded Plugin AvfMedia, From C:/apps/Epic Games/4.14/Engine/Plugins/Media/AvfMedia/AvfMedia.uplugin
LogPluginManager: Loaded Plugin MediaPlayerEditor, From C:/apps/Epic Games/4.14/Engine/Plugins/Media/MediaPlayerEditor/MediaPlayerEditor.uplugin
LogPluginManager: Loaded Plugin WmfMedia, From C:/apps/Epic Games/4.14/Engine/Plugins/Media/WmfMedia/WmfMedia.uplugin
LogPluginManager: Loaded Plugin MessagingDebugger, From C:/apps/Epic Games/4.14/Engine/Plugins/Messaging/MessagingDebugger/MessagingDebugger.uplugin
LogPluginManager: Loaded Plugin TcpMessaging, From C:/apps/Epic Games/4.14/Engine/Plugins/Messaging/TcpMessaging/TcpMessaging.uplugin
LogPluginManager: Loaded Plugin UdpMessaging, From C:/apps/Epic Games/4.14/Engine/Plugins/Messaging/UdpMessaging/UdpMessaging.uplugin
LogPluginManager: Loaded Plugin LevelSequenceEditor, From C:/apps/Epic Games/4.14/Engine/Plugins/MovieScene/LevelSequenceEditor/LevelSequenceEditor.uplugin
LogPluginManager: Loaded Plugin MatineeToLevelSequence, From C:/apps/Epic Games/4.14/Engine/Plugins/MovieScene/MatineeToLevelSequence/MatineeToLevelSequence.uplugin
LogPluginManager: Loaded Plugin NetcodeUnitTest, From C:/apps/Epic Games/4.14/Engine/Plugins/NetcodeUnitTest/NetcodeUnitTest/NetcodeUnitTest.uplugin
LogPluginManager: Loaded Plugin NUTUnrealEngine4, From C:/apps/Epic Games/4.14/Engine/Plugins/NetcodeUnitTest/NUTUnrealEngine4/NUTUnrealEngine4.uplugin
LogPluginManager: Loaded Plugin OnlineSubsystemGameCircle, From C:/apps/Epic Games/4.14/Engine/Plugins/Online/Android/OnlineSubsystemGameCircle/OnlineSubsystemGameCircle.uplugin
LogPluginManager: Loaded Plugin OnlineSubsystemGooglePlay, From C:/apps/Epic Games/4.14/Engine/Plugins/Online/Android/OnlineSubsystemGooglePlay/OnlineSubsystemGooglePlay.uplugin
LogPluginManager: Loaded Plugin OnlineSubsystemIOS, From C:/apps/Epic Games/4.14/Engine/Plugins/Online/IOS/OnlineSubsystemIOS/OnlineSubsystemIOS.uplugin
LogPluginManager: Loaded Plugin OnlineFramework, From C:/apps/Epic Games/4.14/Engine/Plugins/Online/OnlineFramework/OnlineFramework.uplugin
LogPluginManager: Loaded Plugin OnlineSubsystem, From C:/apps/Epic Games/4.14/Engine/Plugins/Online/OnlineSubsystem/OnlineSubsystem.uplugin
LogPluginManager: Loaded Plugin OnlineSubsystemAmazon, From C:/apps/Epic Games/4.14/Engine/Plugins/Online/OnlineSubsystemAmazon/OnlineSubsystemAmazon.uplugin
LogPluginManager: Loaded Plugin OnlineSubsystemFacebook, From C:/apps/Epic Games/4.14/Engine/Plugins/Online/OnlineSubsystemFacebook/OnlineSubsystemFacebook.uplugin
LogPluginManager: Loaded Plugin OnlineSubsystemNull, From C:/apps/Epic Games/4.14/Engine/Plugins/Online/OnlineSubsystemNull/OnlineSubsystemNull.uplugin
LogPluginManager: Loaded Plugin OnlineSubsystemOculus, From C:/apps/Epic Games/4.14/Engine/Plugins/Online/OnlineSubsystemOculus/OnlineSubsystemOculus.uplugin
LogPluginManager: Loaded Plugin OnlineSubsystemSteam, From C:/apps/Epic Games/4.14/Engine/Plugins/Online/OnlineSubsystemSteam/OnlineSubsystemSteam.uplugin
LogPluginManager: Loaded Plugin OnlineSubsystemUtils, From C:/apps/Epic Games/4.14/Engine/Plugins/Online/OnlineSubsystemUtils/OnlineSubsystemUtils.uplugin
LogPluginManager: Loaded Plugin IOSTapJoy, From C:/apps/Epic Games/4.14/Engine/Plugins/Runtime/Advertising/IOSTapJoy/IOSTapJoy.uplugin
LogPluginManager: Loaded Plugin AnalyticsBlueprintLibrary, From C:/apps/Epic Games/4.14/Engine/Plugins/Runtime/Analytics/AnalyticsBlueprintLibrary/AnalyticsBlueprintLibrary.uplugin
LogPluginManager: Loaded Plugin AnalyticsMulticast, From C:/apps/Epic Games/4.14/Engine/Plugins/Runtime/Analytics/AnalyticsMulticast/AnalyticsMulticast.uplugin
LogPluginManager: Loaded Plugin Apsalar, From C:/apps/Epic Games/4.14/Engine/Plugins/Runtime/Analytics/Apsalar/Apsalar.uplugin
LogPluginManager: Loaded Plugin FileLogging, From C:/apps/Epic Games/4.14/Engine/Plugins/Runtime/Analytics/FileLogging/FileLogging.uplugin
LogPluginManager: Loaded Plugin Flurry, From C:/apps/Epic Games/4.14/Engine/Plugins/Runtime/Analytics/Flurry/Flurry.uplugin
LogPluginManager: Loaded Plugin AndroidDeviceProfileSelector, From C:/apps/Epic Games/4.14/Engine/Plugins/Runtime/AndroidDeviceProfileSelector/AndroidDeviceProfileSelector.uplugin
LogPluginManager: Loaded Plugin AndroidMoviePlayer, From C:/apps/Epic Games/4.14/Engine/Plugins/Runtime/AndroidMoviePlayer/AndroidMoviePlayer.uplugin
LogPluginManager: Loaded Plugin AppleMoviePlayer, From C:/apps/Epic Games/4.14/Engine/Plugins/Runtime/AppleMoviePlayer/AppleMoviePlayer.uplugin
LogPluginManager: Loaded Plugin ArchVisCharacter, From C:/apps/Epic Games/4.14/Engine/Plugins/Runtime/ArchVisCharacter/ArchVisCharacter.uplugin
LogPluginManager: Loaded Plugin CableComponent, From C:/apps/Epic Games/4.14/Engine/Plugins/Runtime/CableComponent/CableComponent.uplugin
LogPluginManager: Loaded Plugin CustomMeshComponent, From C:/apps/Epic Games/4.14/Engine/Plugins/Runtime/CustomMeshComponent/CustomMeshComponent.uplugin
LogPluginManager: Loaded Plugin ExampleDeviceProfileSelector, From C:/apps/Epic Games/4.14/Engine/Plugins/Runtime/ExampleDeviceProfileSelector/ExampleDeviceProfileSelector.uplugin
LogPluginManager: Loaded Plugin GearVR, From C:/apps/Epic Games/4.14/Engine/Plugins/Runtime/GearVR/GearVR.uplugin
LogPluginManager: Loaded Plugin GoogleVRController, From C:/apps/Epic Games/4.14/Engine/Plugins/Runtime/GoogleVR/GoogleVRController/GoogleVRController.uplugin
LogPluginManager: Loaded Plugin GoogleVRHMD, From C:/apps/Epic Games/4.14/Engine/Plugins/Runtime/GoogleVR/GoogleVRHMD/GoogleVRHMD.uplugin
LogPluginManager: Loaded Plugin IOSDeviceProfileSelector, From C:/apps/Epic Games/4.14/Engine/Plugins/Runtime/IOSDeviceProfileSelector/IOSDeviceProfileSelector.uplugin
LogPluginManager: Loaded Plugin LeapMotion, From C:/apps/Epic Games/4.14/Engine/Plugins/Runtime/LeapMotion/LeapMotion.uplugin
LogPluginManager: Loaded Plugin LinuxDeviceProfileSelector, From C:/apps/Epic Games/4.14/Engine/Plugins/Runtime/LinuxDeviceProfileSelector/LinuxDeviceProfileSelector.uplugin
LogPluginManager: Loaded Plugin MIDIDevice, From C:/apps/Epic Games/4.14/Engine/Plugins/Runtime/MIDIDevice/MIDIDevice.uplugin
LogPluginManager: Loaded Plugin MobilePatchingUtils, From C:/apps/Epic Games/4.14/Engine/Plugins/Runtime/MobilePatchingUtils/MobilePatchingUtils.uplugin
LogPluginManager: Loaded Plugin Ansel, From C:/apps/Epic Games/4.14/Engine/Plugins/Runtime/Nvidia/Ansel/Ansel.uplugin
LogPluginManager: Loaded Plugin OculusAudio, From C:/apps/Epic Games/4.14/Engine/Plugins/Runtime/OculusAudio/OculusAudio.uplugin
LogPluginManager: Loaded Plugin OculusInput, From C:/apps/Epic Games/4.14/Engine/Plugins/Runtime/OculusInput/OculusInput.uplugin
LogPluginManager: Loaded Plugin OculusLibrary, From C:/apps/Epic Games/4.14/Engine/Plugins/Runtime/OculusLibrary/OculusLibrary.uplugin
LogPluginManager: Loaded Plugin OculusRift, From C:/apps/Epic Games/4.14/Engine/Plugins/Runtime/OculusRift/OculusRift.uplugin
LogPluginManager: Loaded Plugin Oodle, From C:/apps/Epic Games/4.14/Engine/Plugins/Runtime/PacketHandlers/CompressionComponents/Oodle/Oodle.uplugin
LogPluginManager: Loaded Plugin ProceduralMeshComponent, From C:/apps/Epic Games/4.14/Engine/Plugins/Runtime/ProceduralMeshComponent/ProceduralMeshComponent.uplugin
LogPluginManager: Loaded Plugin SoundMod, From C:/apps/Epic Games/4.14/Engine/Plugins/Runtime/SoundMod/SoundMod.uplugin
LogPluginManager: Loaded Plugin SoundVisualizations, From C:/apps/Epic Games/4.14/Engine/Plugins/Runtime/SoundVisualizations/SoundVisualizations.uplugin
LogPluginManager: Loaded Plugin SteamController, From C:/apps/Epic Games/4.14/Engine/Plugins/Runtime/Steam/SteamController/SteamController.uplugin
LogPluginManager: Loaded Plugin SteamVR, From C:/apps/Epic Games/4.14/Engine/Plugins/Runtime/Steam/SteamVR/SteamVR.uplugin
LogPluginManager: Loaded Plugin WebBrowserWidget, From C:/apps/Epic Games/4.14/Engine/Plugins/Runtime/WebBrowserWidget/WebBrowserWidget.uplugin
LogPluginManager: Loaded Plugin WindowsDeviceProfileSelector, From C:/apps/Epic Games/4.14/Engine/Plugins/Runtime/WindowsDeviceProfileSelector/WindowsDeviceProfileSelector.uplugin
LogPluginManager: Loaded Plugin WindowsMoviePlayer, From C:/apps/Epic Games/4.14/Engine/Plugins/Runtime/WindowsMoviePlayer/WindowsMoviePlayer.uplugin
LogPluginManager: Loaded Plugin ScriptPlugin, From C:/apps/Epic Games/4.14/Engine/Plugins/ScriptPlugin/ScriptPlugin.uplugin
LogPluginManager: Loaded Plugin SlateRemote, From C:/apps/Epic Games/4.14/Engine/Plugins/Slate/SlateRemote/SlateRemote.uplugin
LogPluginManager: Loaded Plugin EditorTests, From C:/apps/Epic Games/4.14/Engine/Plugins/Tests/EditorTests/EditorTests.uplugin
LogPluginManager: Loaded Plugin FbxAutomationTestBuilder, From C:/apps/Epic Games/4.14/Engine/Plugins/Tests/FbxAutomationTestBuilder/FbxAutomationTestBuilder.uplugin
LogPluginManager: Loaded Plugin FunctionalTestingEditor, From C:/apps/Epic Games/4.14/Engine/Plugins/Tests/FunctionalTestingEditor/FunctionalTestingEditor.uplugin
LogPluginManager: Loaded Plugin RuntimeTests, From C:/apps/Epic Games/4.14/Engine/Plugins/Tests/RuntimeTests/RuntimeTests.uplugin
LogPluginManager: Loaded Plugin ScreenshotTools, From C:/apps/Epic Games/4.14/Engine/Plugins/Tests/ScreenshotTools/ScreenshotTools.uplugin
LogInit: Using libcurl 7.47.1
LogInit:  - built for x86_64-pc-win32
LogInit:  - supports SSL with OpenSSL/1.0.2g
LogInit:  - supports HTTP deflate (compression) using libz 1.2.8
LogInit:  - other features:
LogInit:      CURL_VERSION_SSL
LogInit:      CURL_VERSION_LIBZ
LogInit:      CURL_VERSION_IPV6
LogInit:      CURL_VERSION_ASYNCHDNS
LogInit:      CURL_VERSION_LARGEFILE
LogInit:      CURL_VERSION_IDN
LogInit:  CurlRequestOptions (configurable via config and command line):
LogInit:  - bVerifyPeer = false  - Libcurl will NOT verify peer certificate
LogInit:  - bUseHttpProxy = false  - Libcurl will NOT use HTTP proxy
LogInit:  - bDontReuseConnections = false  - Libcurl will reuse connections
LogInit:  - CertBundlePath = nullptr  - Libcurl will use whatever was configured at build time.
LogInit: Build: ++UE4+Release-4.14-CL-3249277
LogInit: Engine Version: 4.14.3-3249277+++UE4+Release-4.14
LogInit: Compatible Engine Version: 4.14.0-3195953+++UE4+Release-4.14
LogInit: Net CL: 3195953
LogDevObjectVersion: Number of dev versions registered: 13
LogDevObjectVersion:   Dev-Blueprints (B0D832E4-1F89-4F0D-ACCF-7EB736FD4AA2): 7
LogDevObjectVersion:   Dev-Build (E1C64328-A22C-4D53-A36C-8E866417BD8C): 0
LogDevObjectVersion:   Dev-Core (375EC13C-06E4-48FB-B500-84F0262A717E): 1
LogDevObjectVersion:   Dev-Editor (E4B068ED-F494-42E9-A231-DA0B2E46BB41): 8
LogDevObjectVersion:   Dev-Framework (CFFC743F-43B0-4480-9391-14DF171D2073): 17
LogDevObjectVersion:   Dev-Mobile (B02B49B5-BB20-44E9-A304-32B752E40360): 0
LogDevObjectVersion:   Dev-Networking (A4E4105C-59A1-49B5-A7C5-40C4547EDFEE): 0
LogDevObjectVersion:   Dev-Online (39C831C9-5AE6-47DC-9A44-9C173E1C8E7C): 0
LogDevObjectVersion:   Dev-Physics (78F01B33-EBEA-4F98-B9B4-84EACCB95AA2): 0
LogDevObjectVersion:   Dev-Platform (6631380F-2D4D-43E0-8009-CF276956A95A): 0
LogDevObjectVersion:   Dev-Rendering (12F88B9F-8875-4AFC-A67C-D90C383ABD29): 12
LogDevObjectVersion:   Dev-Sequencer (7B5AE74C-D270-4C10-A958-57980B212A5A): 1
LogDevObjectVersion:   Dev-VR (D7296918-1DD6-4BDD-9DE2-64A83CC13884): 0
LogInit: Compiled (64-bit): Jan  6 2017 10:49:43
LogInit: Compiled with Visual C++: 19.00.23026.00
LogInit: Build Configuration: Development
LogInit: Branch Name: ++UE4+Release-4.14
LogInit: Command line:  
LogInit: Base directory: C:/apps/Epic Games/4.14/Engine/Binaries/Win64/
LogInit: Installed Engine Build: 1
LogInit: Presizing for max 8388607 objects, including 0 objects not considered by GC, pre-allocating 0 bytes for permanent pool.
LogInit: Object subsystem initialized
[2017.08.22-03.58.38:606][  0]LogInit: Selected Device Profile: [Windows]
[2017.08.22-03.58.38:606][  0]LogInit: Applying CVar settings loaded from the selected device profile: [Windows]
[2017.08.22-03.58.39:860][  0]LogInit: Computer: 1805C007
[2017.08.22-03.58.39:861][  0]LogInit: User: gregoryjon6888
[2017.08.22-03.58.39:861][  0]LogInit: CPU Page size=65536, Cores=4
[2017.08.22-03.58.39:861][  0]LogInit: High frequency timer resolution =3.323632 MHz
[2017.08.22-03.58.39:861][  0]LogMemory: Memory total: Physical=8.0GB (8GB approx)
[2017.08.22-03.58.39:861][  0]LogMemory: Platform Memory Stats for Windows
[2017.08.22-03.58.39:861][  0]LogMemory: Process Physical Memory: 267.61 MB used, 267.61 MB peak
[2017.08.22-03.58.39:861][  0]LogMemory: Process Virtual Memory: 265.52 MB used, 265.52 MB peak
[2017.08.22-03.58.39:861][  0]LogMemory: Physical Memory: 7110.40 MB used,  1039.75 MB free, 8150.16 MB total
[2017.08.22-03.58.39:861][  0]LogMemory: Virtual Memory: 674.64 MB used,  1039.75 MB free, 8388608.00 MB total
[2017.08.22-03.58.44:811][  0]LogTextLocalizationManager: No specific translations for ('en-NZ') exist, so ('en') translations will be used.
[2017.08.22-03.58.48:089][  0]LogD3D11RHI: D3D11 adapters:
[2017.08.22-03.58.48:145][  0]LogD3D11RHI:    0. 'NVIDIA GeForce GTX 670' (Feature Level 11_0)
[2017.08.22-03.58.48:145][  0]LogD3D11RHI:       1989/0/2048 MB DedicatedVideo/DedicatedSystem/SharedSystem, Outputs:2, VendorId:0x10de
[2017.08.22-03.58.48:145][  0]LogD3D11RHI: Chosen D3D11 Adapter: 0
[2017.08.22-03.58.48:150][  0]LogD3D11RHI: Creating new Direct3DDevice
[2017.08.22-03.58.48:150][  0]LogD3D11RHI:     GPU DeviceId: 0x1189 (for the marketing name, search the web for "GPU Device Id")
[2017.08.22-03.58.48:150][  0]LogWindows: EnumDisplayDevices:
[2017.08.22-03.58.48:151][  0]LogWindows:    0. 'NVIDIA GeForce GTX 670' (P:0 D:1)
[2017.08.22-03.58.48:165][  0]LogWindows:    1. 'NVIDIA GeForce GTX 670' (P:1 D:1)
[2017.08.22-03.58.48:165][  0]LogWindows:    2. 'NVIDIA GeForce GTX 670' (P:0 D:0)
[2017.08.22-03.58.48:165][  0]LogWindows:    3. 'NVIDIA GeForce GTX 670' (P:0 D:0)
[2017.08.22-03.58.48:165][  0]LogWindows:    4. 'RDPDD Chained DD' (P:0 D:0)
[2017.08.22-03.58.48:165][  0]LogWindows:    5. 'RDP Encoder Mirror Driver' (P:0 D:0)
[2017.08.22-03.58.48:165][  0]LogWindows:    6. 'RDP Reflector Display Driver' (P:0 D:0)
[2017.08.22-03.58.48:166][  0]LogWindows:    7. 'Mirage Driver' (P:0 D:0)
[2017.08.22-03.58.48:166][  0]LogWindows: DebugString: GetVideoDriverDetailsInvalid PrimaryIsNotTheChoosenAdapter GetVideoDriverDetailsInvalid PrimaryIsNotTheChoosenAdapter GetVideoDriverDetailsInvalid PrimaryIsNotTheChoosenAdapter GetVideoDriverDetailsInvalid PrimaryIsNotTheChoosenAdapter FoundDriverCount:4 
[2017.08.22-03.58.48:166][  0]LogD3D11RHI:     Adapter Name: NVIDIA GeForce GTX 670
[2017.08.22-03.58.48:166][  0]LogD3D11RHI:   Driver Version: 364.72 (internal:10.18.13.6472, unified:364.72)
[2017.08.22-03.58.48:166][  0]LogD3D11RHI:      Driver Date: 3-21-2016
[2017.08.22-03.58.48:166][  0]LogRHI: Texture pool is 1361 MB (70% of 1945 MB)
[2017.08.22-03.58.48:176][  0]LogD3D11RHI:Warning: Timestamp queries are currently disabled on this hardware due to instability. Realtime GPU stats will not be available. You can override this behaviour by setting r.NVIDIATimestampWorkaround to 0
[2017.08.22-03.58.48:176][  0]LogD3D11RHI: Async texture creation enabled
[2017.08.22-03.58.48:562][  0]LogD3D11RHI: GPU Timing Frequency: 1000.000000 (Debug: 2 4)
[2017.08.22-03.58.48:670][  0]LogShaderCompilers: Guid format shader working directory is -11 characters bigger than the processId version (D:/Users/gregory.jon6888/Desktop/Prototype 3/TOA-TIME/KoopySandwich/Intermediate/Shaders/WorkingDirectory/9988/).
[2017.08.22-03.58.48:670][  0]LogShaderCompilers: Cleaned the shader compiler working directory 'D:/Users/gregory.jon6888/AppData/Local/Temp/UnrealShaderWorkingDir/C950F7DF4E79CC9BEB3FB58ED6F38496/'.
[2017.08.22-03.58.48:670][  0]LogShaderCompilers:Display: Using Local Shader Compiler.
[2017.08.22-03.58.52:781][  0]LogTemp:Display: Loaded TP AllDesktopTargetPlatform
[2017.08.22-03.58.52:875][  0]LogTemp:Display: Loaded TP MacClientTargetPlatform
[2017.08.22-03.58.52:970][  0]LogTemp:Display: Loaded TP MacNoEditorTargetPlatform
[2017.08.22-03.58.53:064][  0]LogTemp:Display: Loaded TP MacServerTargetPlatform
[2017.08.22-03.58.53:182][  0]LogTemp:Display: Loaded TP MacTargetPlatform
[2017.08.22-03.58.53:281][  0]LogTemp:Display: Loaded TP WindowsClientTargetPlatform
[2017.08.22-03.58.53:412][  0]LogTemp:Display: Loaded TP WindowsNoEditorTargetPlatform
[2017.08.22-03.58.53:522][  0]LogTemp:Display: Loaded TP WindowsServerTargetPlatform
[2017.08.22-03.58.53:606][  0]LogTemp:Display: Loaded TP WindowsTargetPlatform
[2017.08.22-03.58.53:723][  0]LogTemp:Display: Loaded TP AndroidTargetPlatform
[2017.08.22-03.58.53:821][  0]LogTemp:Display: Loaded TP Android_ASTCTargetPlatform
[2017.08.22-03.58.53:918][  0]LogTemp:Display: Loaded TP Android_ATCTargetPlatform
[2017.08.22-03.58.54:016][  0]LogTemp:Display: Loaded TP Android_DXTTargetPlatform
[2017.08.22-03.58.54:112][  0]LogTemp:Display: Loaded TP Android_ETC1TargetPlatform
[2017.08.22-03.58.54:209][  0]LogTemp:Display: Loaded TP Android_ETC2TargetPlatform
[2017.08.22-03.58.54:402][  0]LogTemp:Display: Loaded TP Android_MultiTargetPlatform
[2017.08.22-03.58.54:402][  0]LogTemp:Display: Loaded TP Android_PVRTCTargetPlatform
[2017.08.22-03.58.54:501][  0]LogTemp:Display: Loaded TP HTML5TargetPlatform
[2017.08.22-03.58.54:675][  0]LogTemp:Display: Loaded TP IOSTargetPlatform
[2017.08.22-03.58.54:730][  0]LogTemp:Display: Loaded TP TVOSTargetPlatform
[2017.08.22-03.58.54:823][  0]LogTemp:Display: Loaded TP LinuxClientTargetPlatform
[2017.08.22-03.58.54:921][  0]LogTemp:Display: Loaded TP LinuxNoEditorTargetPlatform
[2017.08.22-03.58.55:019][  0]LogTemp:Display: Loaded TP LinuxServerTargetPlatform
[2017.08.22-03.58.55:119][  0]LogTemp:Display: Loaded TP LinuxTargetPlatform
[2017.08.22-03.58.55:119][  0]LogTargetPlatformManager:Display: Building Assets For Windows
[2017.08.22-03.58.56:625][  0]LogDerivedDataCache:Display: Max Cache Size: 512 MB
[2017.08.22-03.58.57:741][  0]LogDerivedDataCache: Loaded boot cache 1.12s 64MB D:/Users/gregory.jon6888/AppData/Local/UnrealEngine/4.14/DerivedDataCache/Boot.ddc.
[2017.08.22-03.58.57:741][  0]LogDerivedDataCache:Display: Loaded Boot cache: D:/Users/gregory.jon6888/AppData/Local/UnrealEngine/4.14/DerivedDataCache/Boot.ddc
[2017.08.22-03.58.57:741][  0]LogDerivedDataCache: FDerivedDataBackendGraph:  Pak pak cache file D:/Users/gregory.jon6888/Desktop/Prototype 3/TOA-TIME/KoopySandwich/DerivedDataCache/DDC.ddp not found, will not use a pak cache.
[2017.08.22-03.58.57:741][  0]LogDerivedDataCache: Unable to find inner node Pak for hierarchical cache Hierarchy.
[2017.08.22-03.58.57:741][  0]LogDerivedDataCache: FDerivedDataBackendGraph:  CompressedPak pak cache file D:/Users/gregory.jon6888/Desktop/Prototype 3/TOA-TIME/KoopySandwich/DerivedDataCache/Compressed.ddp not found, will not use a pak cache.
[2017.08.22-03.58.57:741][  0]LogDerivedDataCache: Unable to find inner node CompressedPak for hierarchical cache Hierarchy.
[2017.08.22-03.58.57:800][  0]LogDerivedDataCache:Display: Pak cache opened for reading ../../../Engine/DerivedDataCache/Compressed.ddp.
[2017.08.22-03.58.57:812][  0]LogDerivedDataCache: Using Local data cache path D:/Users/gregory.jon6888/AppData/Local/UnrealEngine/Common/DerivedDataCache: Writable
[2017.08.22-03.59.03:912][  0]LogInit: Selected Device Profile: [Windows]
[2017.08.22-03.59.03:985][  0]LogContentStreaming: Texture pool size is 0.00 MB
[2017.08.22-03.59.05:101][  0]LogMeshUtilities: Using QuadricMeshReduction for automatic static mesh reduction
[2017.08.22-03.59.05:259][  0]LogSimplygon: Simplygon DLL not present - disabling.
[2017.08.22-03.59.05:363][  0]LogMeshUtilities: Using SimplygonSwarm for distributed automatic mesh merging
[2017.08.22-03.59.05:363][  0]LogMeshUtilities: No automatic skeletal mesh reduction module available
[2017.08.22-03.59.05:363][  0]LogMeshUtilities: No automatic mesh merging module available
[2017.08.22-03.59.09:606][  0]LogNetVersion: GetLocalNetworkVersion: CL: 3195953, ProjectName: koopysandwich, ProjectVersion: , EngineNetworkVersion: 2, GameNetworkVersion: 0, NetworkChecksum: 3251895152
[2017.08.22-03.59.09:823][  0]LogAssetRegistry: FAssetRegistry took 0.0229 seconds to start up
[2017.08.22-03.59.10:129][  0]LogPackageLocalizationCache: Processed 3 localized package path(s) for 2 prioritized culture(s) in 0.162185 seconds
[2017.08.22-03.59.10:186][  0]LogUObjectArray: 31946 objects as part of root set at end of initial load.
[2017.08.22-03.59.10:186][  0]LogUObjectAllocator: 6935848 out of 0 bytes used by permanent object pool.
[2017.08.22-03.59.10:186][  0]LogUObjectArray: CloseDisregardForGC: 0/0 objects in disregard for GC pool
[2017.08.22-03.59.10:305][  0]LogInit: WinSock: version 1.1 (2.2), MaxSocks=32767, MaxUdp=65467
[2017.08.22-03.59.15:113][  0]LogSlate: Using Freetype 2.6.0
[2017.08.22-03.59.15:126][  0]LogSlate: SlateFontCache - WITH_FREETYPE: 1, WITH_HARFBUZZ: 1
[2017.08.22-03.59.15:126][  0]LogSlate: SlateFontCache - WITH_FREETYPE: 1, WITH_HARFBUZZ: 1
[2017.08.22-03.59.24:435][  0]LogTcpMessaging: Initializing TcpMessaging bridge
[2017.08.22-03.59.24:511][  0]LogUdpMessaging: Initializing bridge on interface 0.0.0.0:0 to multicast group 230.0.0.1:6666.
[2017.08.22-03.59.25:849][  0]LogMaterial: Uniform references updated for custom material expression Custom.
[2017.08.22-03.59.26:960][  0]SourceControl: Info Source control is disabled
[2017.08.22-03.59.27:315][  0]SourceControl: Info Source control is disabled
[2017.08.22-03.59.27:481][  0]SourceControl: Info Source control is disabled
[2017.08.22-03.59.27:620][  0]SourceControl: Info Source control is disabled
[2017.08.22-03.59.31:301][  0]LogEngine: Initializing Engine...
[2017.08.22-03.59.31:332][  0]LogHMD: Failed to initialize OpenVR with code 110
[2017.08.22-03.59.32:226][  0]LogAIModule: Creating AISystem for world Untitled
[2017.08.22-03.59.32:332][  0]LogInit: XAudio2 using 'Digital Audio (S/PDIF) (High Definition Audio Device)' : 2 channels at 44.1 kHz using 16 bits per sample (channel mask 0x3)
[2017.08.22-03.59.32:520][  0]LogInit: FAudioDevice initialized.
[2017.08.22-03.59.32:550][  0]LogDerivedDataCache: Saved boot cache 0.03s 64MB D:/Users/gregory.jon6888/AppData/Local/UnrealEngine/4.14/DerivedDataCache/Boot.ddc.
[2017.08.22-03.59.32:556][  0]LogInit: Texture streaming: Enabled
[2017.08.22-03.59.33:428][  0]LogInit: Transaction tracking system initialized
[2017.08.22-03.59.35:176][  0]BlueprintLog: New page: Editor Load
[2017.08.22-03.59.40:065][  0]LocalizationService: Info Localization service is disabled
[2017.08.22-03.59.43:269][  0]LogConsoleResponse:Display: 
[2017.08.22-03.59.46:920][  0]LogFileCache: Scanning file cache for directory 'D:/Users/gregory.jon6888/Desktop/Prototype 3/TOA-TIME/KoopySandwich/Content/' took 0.01s
[2017.08.22-03.59.46:920][  0]LogCook:Display: Max memory allowance for cook 16384mb min free memory 0mb
[2017.08.22-03.59.46:920][  0]LogCook:Display: Mobile HDR setting 1
[2017.08.22-03.59.53:267][  0]SourceControl: Info Source control is disabled
[2017.08.22-03.59.53:349][  0]Cmd: MAP LOAD FILE="D:/Users/gregory.jon6888/Desktop/Prototype 3/TOA-TIME/KoopySandwich/Content/_Maps/Koopy.umap" TEMPLATE=0 SHOWPROGRESS=1 FEATURELEVEL=3
[2017.08.22-03.59.53:378][  0]LightingResults: New page: Lighting Build
[2017.08.22-03.59.54:048][  0]MapCheck: New page: Map Check
[2017.08.22-03.59.54:048][  0]LightingResults: New page: Lighting Build
[2017.08.22-04.00.12:454][  0]LogAIModule: Creating AISystem for world Koopy
[2017.08.22-04.00.12:708][  0]LogMaterial:Warning: Material /Game/_Materials/Rock/Rock_M.Rock_M needed to have new flag set bUsedWithInstancedStaticMeshes !
[2017.08.22-04.00.12:764][  0]LogMaterial: Missing cached shader map for material Rock_M, compiling. 
[2017.08.22-04.00.12:898][  0]MapCheck:Warning: Warning Rock_M Material /Game/_Materials/Rock/Rock_M.Rock_M was missing the usage flag bUsedWithInstancedStaticMeshes. If the material asset is not re-saved, it may not render correctly when run outside the editor. Fix
[2017.08.22-04.00.12:928][  0]LogMaterial: 0.00 seconds spent updating 1 materials, 1 interfaces, 0 instances, 0 with static permutations.
[2017.08.22-04.00.13:754][  0]LogEditorServer: Finished looking for orphan Actors (0.000 secs)
[2017.08.22-04.00.13:804][  0]Cmd: MAP CHECKDEP NOCLEARLOG
[2017.08.22-04.00.14:012][  0]MapCheck: Info Map check complete: 0 Error(s), 1 Warning(s), took 207.694ms to complete.
[2017.08.22-04.00.14:463][  0]LogFileHelpers: Loading map 'Koopy' took 21.116
[2017.08.22-04.00.18:023][  0]LogCollectionManager: Loaded 0 collections in 0.001806 seconds
[2017.08.22-04.00.18:335][  0]LogFileCache: Scanning file cache for directory 'D:/Users/gregory.jon6888/Desktop/Prototype 3/TOA-TIME/KoopySandwich/Saved/Collections/' took 0.01s
[2017.08.22-04.00.18:335][  0]LogFileCache: Scanning file cache for directory 'D:/Users/gregory.jon6888/Desktop/Prototype 3/TOA-TIME/KoopySandwich/Content/Developers/gregoryjon6888/Collections/' took 0.01s
[2017.08.22-04.00.18:335][  0]LogFileCache: Scanning file cache for directory 'D:/Users/gregory.jon6888/Desktop/Prototype 3/TOA-TIME/KoopySandwich/Content/Collections/' took 0.01s
[2017.08.22-04.00.18:335][  0]LogCollectionManager: Rebuilt the GUID cache for 0 collections in 0.000002 seconds
[2017.08.22-04.00.18:357][  0]LogContentBrowser: Native class hierarchy populated in 0.0172 seconds. Added 2190 classes and 428 folders.
[2017.08.22-04.00.18:509][  0]LogStats: UGameplayTagsManager::ConstructGameplayTagTree: Construct from data asset -  0.000 s
[2017.08.22-04.00.18:509][  0]LogStats: UGameplayTagsManager::ConstructGameplayTagTree: GameplayTagTreeChangedEvent.Broadcast -  0.000 s
[2017.08.22-04.00.18:511][  0]LogContentBrowser: Native class hierarchy updated for 'GameplayTags' in 0.0009 seconds. Added 13 classes and 0 folders.
[2017.08.22-04.00.18:741][  0]LogContentBrowser: Native class hierarchy updated for 'WidgetCarousel' in 0.0005 seconds. Added 0 classes and 0 folders.
[2017.08.22-04.00.19:458][  0]LogContentBrowser: Native class hierarchy updated for 'AddContentDialog' in 0.0005 seconds. Added 0 classes and 0 folders.
[2017.08.22-04.00.19:627][  0]LogContentBrowser: Native class hierarchy updated for 'SceneOutliner' in 0.0005 seconds. Added 1 classes and 2 folders.
[2017.08.22-04.00.20:049][  0]LogCrashTracker: Crashtracker disabled due to settings.
[2017.08.22-04.00.20:164][  0]LogUObjectGlobals:Warning: Failed to find object 'Class None.'
[2017.08.22-04.00.20:373][  0]LogContentBrowser: Native class hierarchy updated for 'HierarchicalLODOutliner' in 0.0005 seconds. Added 1 classes and 2 folders.
[2017.08.22-04.00.20:373][  0]LogLoad: (Engine Initialization) Total time: 115.93 seconds
[2017.08.22-04.00.20:373][  0]LogLoad: (Engine Initialization) Total Blueprint compile time: 1.38 seconds
[2017.08.22-04.00.20:384][  0]LogExternalProfiler: Found external profiler: VSPerf
[2017.08.22-04.00.20:384][  0]LogExternalProfiler: Using external profiler: VSPerf
[2017.08.22-04.00.20:751][  0]LogOcInput: OculusInput pre-init called
[2017.08.22-04.00.20:864][  0]LogContentStreaming: Texture pool size now 1000 MB
[2017.08.22-04.00.21:840][  0]LogRenderer: Reallocating scene render targets to support 720x544 NumSamples 1 (Frame:2).
[2017.08.22-04.00.22:998][  2]LogAssetRegistry: Asset discovery search completed in 73.1988 seconds
[2017.08.22-04.00.22:998][  2]LogCollectionManager: Rebuilt the object cache for 0 collections in 0.000001 seconds (found 0 objects)
[2017.08.22-04.00.22:998][  2]LogCollectionManager: Fixed up redirectors for 0 collections in 0.000017 seconds (updated 0 objects)
[2017.08.22-04.03.02:583][957]LogFactory: FactoryCreateFile: StaticMesh with FbxFactory (0 0 D:/Users/gregory.jon6888/Desktop/Prototype 3/Meshes/tree2_mesh.fbx)
[2017.08.22-04.03.02:701][957]LogFbx: ItemName: GlobalSettings, ItemCount : 1
[2017.08.22-04.03.02:701][957]LogFbx: ItemName: AnimationStack, ItemCount : 1
[2017.08.22-04.03.02:701][957]LogFbx: ItemName: AnimationLayer, ItemCount : 1
[2017.08.22-04.03.02:701][957]LogFbx: ItemName: Geometry, ItemCount : 2
[2017.08.22-04.03.02:701][957]LogFbx: ItemName: Material, ItemCount : 2
[2017.08.22-04.03.02:701][957]LogFbx: ItemName: Model, ItemCount : 14
[2017.08.22-04.03.02:701][957]LogFbx: ItemName: NodeAttribute, ItemCount : 12
[2017.08.22-04.03.02:701][957]LogFbx: ItemName: Texture, ItemCount : 1
[2017.08.22-04.03.02:701][957]LogFbx: ItemName: Video, ItemCount : 1
[2017.08.22-04.03.02:709][957]LogFbx: Loading FBX Scene from D:/Users/gregory.jon6888/Desktop/Prototype 3/Meshes/tree2_mesh.fbx
[2017.08.22-04.03.02:723][957]LogFbx: FBX Scene Loaded Succesfully
[2017.08.22-04.03.04:735][957]LogFbx: Loading FBX Scene from D:/Users/gregory.jon6888/Desktop/Prototype 3/Meshes/tree2_mesh.fbx
[2017.08.22-04.03.04:744][957]LogFbx: FBX Scene Loaded Succesfully
[2017.08.22-04.03.04:760][957]LogFbx:Warning: Triangulating static mesh pCylinder1
[2017.08.22-04.03.04:787][957]LogFbx:Warning: Triangulating static mesh polySurface34
[2017.08.22-04.03.05:070][957]LogStaticMesh: Building static mesh tree2_mesh...
[2017.08.22-04.03.05:163][957]LogStaticMesh: Built static mesh [0.09s] /Game/_Meshes/foliage/tree2_mesh.tree2_mesh
[2017.08.22-04.03.05:201][957]FBXImport:Warning: Warning No smoothing group information was found in this FBX scene.  Please make sure to enable the 'Export Smoothing Groups' option in the FBX Exporter plug-in before exporting the file.  Even for tools that don't support smoothing groups, the FBX Exporter will generate appropriate smoothing data at export-time so that correct vertex normals can be inferred while importing. 
[2017.08.22-04.03.07:662][109]LogActorFactory: Actor Factory created tree2_mesh
[2017.08.22-04.03.08:351][168]LogActorFactory: Actor Factory created tree2_mesh
[2017.08.22-04.03.14:618][699]Cmd: TRANSACTION UNDO
[2017.08.22-04.03.14:618][699]LogEditorTransaction: Undo Create Actors
[2017.08.22-04.03.17:680][791]Cmd: OBJ SAVEPACKAGE PACKAGE="/Game/_Meshes/foliage/tree2_mesh" FILE="D:/Users/gregory.jon6888/Desktop/Prototype 3/TOA-TIME/KoopySandwich/Content/_Meshes/foliage/tree2_mesh.uasset" SILENT=true
[2017.08.22-04.03.17:755][791]LogSavePackage: Save=72.88ms
[2017.08.22-04.03.17:755][791]LogSavePackage: Moving 'D:/Users/gregory.jon6888/Desktop/Prototype 3/TOA-TIME/KoopySandwich/Saved/tree2_mesh8CD0553A47D3AD66B9C8C382B1D93A45.tmp' to 'D:/Users/gregory.jon6888/Desktop/Prototype 3/TOA-TIME/KoopySandwich/Content/_Meshes/foliage/tree2_mesh.uasset'
[2017.08.22-04.03.17:767][791]LogSavePackage:Display: Finished SavePackage D:/Users/gregory.jon6888/Desktop/Prototype 3/TOA-TIME/KoopySandwich/Content/_Meshes/foliage/tree2_mesh.uasset
[2017.08.22-04.03.36:900][ 22]LogMaterial: Missing cached shader map for material treeBranch_02_M, compiling. 
[2017.08.22-04.03.39:741][151]LogMaterial: Missing cached shader map for material treeBranch_02_M, compiling. 
[2017.08.22-04.03.40:057][151]LogMaterial: Missing cached shader map for material treeBranch_02_M, compiling. 
[2017.08.22-04.03.40:102][151]LogMaterial: 0.00 seconds spent updating 1 materials, 1 interfaces, 0 instances, 0 with static permutations.
[2017.08.22-04.03.40:130][151]LogMaterial: Missing cached shader map for material FMatExpressionPreview MaterialExpressionTextureSample_1, compiling. 
[2017.08.22-04.03.40:137][151]LogMaterial: Missing cached shader map for material FMatExpressionPreview MaterialExpressionTextureSample_3, compiling. 
[2017.08.22-04.03.40:143][151]LogMaterial: Missing cached shader map for material FMatExpressionPreview MaterialExpressionTextureSample_2, compiling. 
[2017.08.22-04.03.40:149][151]LogMaterial: Missing cached shader map for material FMatExpressionPreview MaterialExpressionTextureSample_4, compiling. 
[2017.08.22-04.03.43:688][309]MaterialEditorStats: Info Base pass shader with static lighting: 79 instructions
[2017.08.22-04.03.43:688][309]MaterialEditorStats: Info Base pass shader with only dynamic lighting: 51 instructions
[2017.08.22-04.03.43:688][309]MaterialEditorStats: Info Vertex shader: 60 instructions
[2017.08.22-04.03.43:688][309]MaterialEditorStats: Info Texture samplers: 6/16
[2017.08.22-04.04.01:004][602]LogFactory: FactoryCreateFile: Texture with ReimportTextureFactory (0 0 D:/Users/gregory.jon6888/Desktop/Prototype 3/textures/tree_2_D.png)
[2017.08.22-04.04.01:180][602]LogTexture:Display: Building textures: tree_2_D (AutoDXT)
[2017.08.22-04.04.01:906][602]LogFactory: FactoryCreateFile: Texture with ReimportTextureFactory (0 0 D:/Users/gregory.jon6888/Desktop/Prototype 3/textures/tree_2_N.png)
[2017.08.22-04.04.02:042][602]LogTexture:Display: Building textures: tree_2_N (BC5)
[2017.08.22-04.04.02:151][602]LogFactory: FactoryCreateFile: Texture with ReimportTextureFactory (0 0 D:/Users/gregory.jon6888/Desktop/Prototype 3/textures/tree_2_R.png)
[2017.08.22-04.04.02:194][602]LogTexture:Display: Building textures: tree_2_R (AutoDXT)
[2017.08.22-04.04.02:649][602]LogFactory: FactoryCreateFile: Texture with ReimportTextureFactory (0 0 D:/Users/gregory.jon6888/Desktop/Prototype 3/textures/tree_2_SS.png)
[2017.08.22-04.04.02:705][602]LogTexture:Display: Building textures: tree_2_SS (AutoDXT)
[2017.08.22-04.05.02:230][602]LogEditorFactories: Performing atomic reimport of [D:/Users/gregory.jon6888/Desktop/Prototype 3/textures/tree_2_SS.png]
[2017.08.22-04.05.02:233][602]LogFactory: FactoryCreateFile: Texture2D with ReimportTextureFactory (0 0 D:/Users/gregory.jon6888/Desktop/Prototype 3/textures/tree_2_SS.png)
[2017.08.22-04.05.02:283][602]LogTexture:Display: Building textures: tree_2_SS (AutoDXT)
[2017.08.22-04.05.02:541][602]LogEditorFactories: -- imported successfully
[2017.08.22-04.05.02:551][602]LogEditorFactories: Performing atomic reimport of [D:/Users/gregory.jon6888/Desktop/Prototype 3/textures/tree_2_R.png]
[2017.08.22-04.05.02:552][602]LogFactory: FactoryCreateFile: Texture2D with ReimportTextureFactory (0 0 D:/Users/gregory.jon6888/Desktop/Prototype 3/textures/tree_2_R.png)
[2017.08.22-04.05.02:594][602]LogTexture:Display: Building textures: tree_2_R (AutoDXT)
[2017.08.22-04.05.02:763][602]LogEditorFactories: -- imported successfully
[2017.08.22-04.05.13:603][374]LogMaterial: Missing cached shader map for material treeBranch_02_M, compiling. 
[2017.08.22-04.05.13:628][374]LogMaterial: 0.00 seconds spent updating 1 materials, 1 interfaces, 0 instances, 0 with static permutations.
[2017.08.22-04.05.13:654][374]LogMaterial: Missing cached shader map for material FMatExpressionPreview MaterialExpressionTextureSample_1, compiling. 
[2017.08.22-04.05.15:915][487]MaterialEditorStats: Info Base pass shader with static lighting: 79 instructions
[2017.08.22-04.05.15:915][487]MaterialEditorStats: Info Base pass shader with only dynamic lighting: 51 instructions
[2017.08.22-04.05.15:915][487]MaterialEditorStats: Info Vertex shader: 60 instructions
[2017.08.22-04.05.15:915][487]MaterialEditorStats: Info Texture samplers: 6/16
[2017.08.22-04.05.21:220][918]LogMaterial: Missing cached shader map for material treeBranch_02_M, compiling. 
[2017.08.22-04.05.21:245][918]LogMaterial: 0.00 seconds spent updating 1 materials, 1 interfaces, 0 instances, 0 with static permutations.
[2017.08.22-04.05.21:270][918]LogMaterial: Missing cached shader map for material FMatExpressionPreview MaterialExpressionTextureSample_3, compiling. 
[2017.08.22-04.05.23:140][ 16]MaterialEditorStats: Info Base pass shader with static lighting: 79 instructions
[2017.08.22-04.05.23:140][ 16]MaterialEditorStats: Info Base pass shader with only dynamic lighting: 51 instructions
[2017.08.22-04.05.23:141][ 16]MaterialEditorStats: Info Vertex shader: 60 instructions
[2017.08.22-04.05.23:141][ 16]MaterialEditorStats: Info Texture samplers: 6/16
[2017.08.22-04.05.28:659][462]LogMaterial: Missing cached shader map for material treeBranch_02_M, compiling. 
[2017.08.22-04.05.28:685][462]LogMaterial: 0.00 seconds spent updating 1 materials, 1 interfaces, 0 instances, 0 with static permutations.
[2017.08.22-04.05.28:710][462]LogMaterial: Missing cached shader map for material FMatExpressionPreview MaterialExpressionTextureSample_2, compiling. 
[2017.08.22-04.05.30:679][556]MaterialEditorStats: Info Base pass shader with static lighting: 79 instructions
[2017.08.22-04.05.30:679][556]MaterialEditorStats: Info Base pass shader with only dynamic lighting: 51 instructions
[2017.08.22-04.05.30:679][556]MaterialEditorStats: Info Vertex shader: 60 instructions
[2017.08.22-04.05.30:679][556]MaterialEditorStats: Info Texture samplers: 6/16
[2017.08.22-04.05.35:547][947]LogMaterial: Missing cached shader map for material treeBranch_02_M, compiling. 
[2017.08.22-04.05.35:572][947]LogMaterial: 0.00 seconds spent updating 1 materials, 1 interfaces, 0 instances, 0 with static permutations.
[2017.08.22-04.05.35:602][947]LogMaterial: Missing cached shader map for material FMatExpressionPreview MaterialExpressionTextureSample_4, compiling. 
[2017.08.22-04.05.37:424][ 46]MaterialEditorStats: Info Base pass shader with static lighting: 79 instructions
[2017.08.22-04.05.37:424][ 46]MaterialEditorStats: Info Base pass shader with only dynamic lighting: 51 instructions
[2017.08.22-04.05.37:424][ 46]MaterialEditorStats: Info Vertex shader: 60 instructions
[2017.08.22-04.05.37:424][ 46]MaterialEditorStats: Info Texture samplers: 6/16
[2017.08.22-04.05.38:538][133]LogMaterialEditor: Saving and Compiling material treeBranch_02_M
[2017.08.22-04.05.39:406][133]LogMaterial: Missing cached shader map for material treeBranch_02_M, compiling. 
[2017.08.22-04.05.39:453][133]LogMaterial: 0.00 seconds spent updating 1 materials, 1 interfaces, 0 instances, 0 with static permutations.
[2017.08.22-04.05.39:538][133]LogMaterial: Missing cached shader map for material treeBranch_02_M, compiling. 
[2017.08.22-04.05.39:670][133]LogMaterial: Missing cached shader map for material treeBranch_02_M, compiling. 
[2017.08.22-04.05.39:787][133]LogMaterial: 0.00 seconds spent updating 1 materials, 1 interfaces, 0 instances, 0 with static permutations.
[2017.08.22-04.05.47:087][133]LogSavePackage: Save=28.46ms
[2017.08.22-04.05.47:087][133]LogSavePackage: Moving 'D:/Users/gregory.jon6888/Desktop/Prototype 3/TOA-TIME/KoopySandwich/Saved/treeBranch_02_MD3E506464CD6557657DCA384EDCDD00D.tmp' to 'D:/Users/gregory.jon6888/Desktop/Prototype 3/TOA-TIME/KoopySandwich/Content/_Materials/foliage/treeBranch_02_M.uasset'
[2017.08.22-04.05.47:089][133]LogSavePackage:Display: Finished SavePackage D:/Users/gregory.jon6888/Desktop/Prototype 3/TOA-TIME/KoopySandwich/Content/_Materials/foliage/treeBranch_02_M.uasset
[2017.08.22-04.05.47:093][133]MaterialEditorStats: Info Base pass shader with static lighting: 106 instructions
[2017.08.22-04.05.47:093][133]MaterialEditorStats: Info Base pass shader with only dynamic lighting: 78 instructions
[2017.08.22-04.05.47:093][133]MaterialEditorStats: Info Vertex shader: 84 instructions
[2017.08.22-04.05.47:093][133]MaterialEditorStats: Info Texture samplers: 7/16
[2017.08.22-04.05.57:299][710]LogRenderer: Reallocating scene render targets to support 952x908 NumSamples 1 (Frame:13152).
[2017.08.22-04.06.14:205][263]Cmd: OBJ SAVEPACKAGE PACKAGE="/Game/_Meshes/foliage/tree2_mesh" FILE="D:/Users/gregory.jon6888/Desktop/Prototype 3/TOA-TIME/KoopySandwich/Content/_Meshes/foliage/tree2_mesh.uasset" SILENT=true
[2017.08.22-04.06.14:368][263]LogSavePackage: Save=10.47ms
[2017.08.22-04.06.14:368][263]LogSavePackage: Moving 'D:/Users/gregory.jon6888/Desktop/Prototype 3/TOA-TIME/KoopySandwich/Saved/tree2_mesh4F15182645EC70A54AD20FA1EA06A6FA.tmp' to 'D:/Users/gregory.jon6888/Desktop/Prototype 3/TOA-TIME/KoopySandwich/Content/_Meshes/foliage/tree2_mesh.uasset'
[2017.08.22-04.06.14:370][263]LogSavePackage:Display: Finished SavePackage D:/Users/gregory.jon6888/Desktop/Prototype 3/TOA-TIME/KoopySandwich/Content/_Meshes/foliage/tree2_mesh.uasset
[2017.08.22-04.06.17:576][421]LogActorFactory: Actor Factory created tree2_mesh
[2017.08.22-04.06.19:129][563]LogActorFactory: Actor Factory created tree2_mesh
[2017.08.22-04.06.20:385][672]LogEditorViewport: Clicking on Actor (LMB): BP_Sky_Sphere_C (Sky Sphere)
[2017.08.22-04.07.22:725][423]LogSavePackage: Save=11.94ms
[2017.08.22-04.07.22:725][423]LogSavePackage: Moving 'D:/Users/gregory.jon6888/Desktop/Prototype 3/TOA-TIME/KoopySandwich/Saved/treeBranch_02_M_Inst88562C5B4612E775B3BE4EA1C8CA5C9D.tmp' to 'D:/Users/gregory.jon6888/Desktop/Prototype 3/TOA-TIME/KoopySandwich/Content/_Materials/foliage/treeBranch_02_M_Inst.uasset'
[2017.08.22-04.07.22:727][423]LogSavePackage:Display: Finished SavePackage D:/Users/gregory.jon6888/Desktop/Prototype 3/TOA-TIME/KoopySandwich/Content/_Materials/foliage/treeBranch_02_M_Inst.uasset
[2017.08.22-04.07.32:470][257]LogEditorViewport: Clicking on Actor (LMB): StaticMeshActor (tree2_mesh)
[2017.08.22-04.07.47:584][987]Cmd: OBJ SAVEPACKAGE PACKAGE="/Game/_Meshes/foliage/tree2_mesh" FILE="D:/Users/gregory.jon6888/Desktop/Prototype 3/TOA-TIME/KoopySandwich/Content/_Meshes/foliage/tree2_mesh.uasset" SILENT=true
[2017.08.22-04.07.47:600][987]LogSavePackage: Save=10.89ms
[2017.08.22-04.07.47:600][987]LogSavePackage: Moving 'D:/Users/gregory.jon6888/Desktop/Prototype 3/TOA-TIME/KoopySandwich/Saved/tree2_mesh6354B7F747F9CE7AB52ED9841C2C77C8.tmp' to 'D:/Users/gregory.jon6888/Desktop/Prototype 3/TOA-TIME/KoopySandwich/Content/_Meshes/foliage/tree2_mesh.uasset'
[2017.08.22-04.07.47:602][987]LogSavePackage:Display: Finished SavePackage D:/Users/gregory.jon6888/Desktop/Prototype 3/TOA-TIME/KoopySandwich/Content/_Meshes/foliage/tree2_mesh.uasset
[2017.08.22-04.07.55:596][425]LogEditorViewport: Clicking on Actor (LMB): BP_Sky_Sphere_C (Sky Sphere)
[2017.08.22-04.07.56:961][501]LogEditorViewport: Clicking on Actor (LMB): StaticMeshActor (tree2_mesh)
[2017.08.22-04.08.04:177][895]Cmd: OBJ SAVEPACKAGE PACKAGE="/Game/_Meshes/foliage/tree2_mesh" FILE="D:/Users/gregory.jon6888/Desktop/Prototype 3/TOA-TIME/KoopySandwich/Content/_Meshes/foliage/tree2_mesh.uasset" SILENT=true
[2017.08.22-04.08.04:193][895]LogSavePackage: Save=10.88ms
[2017.08.22-04.08.04:193][895]LogSavePackage: Moving 'D:/Users/gregory.jon6888/Desktop/Prototype 3/TOA-TIME/KoopySandwich/Saved/tree2_meshFE1807034BB49476C015C4BFB40DB76B.tmp' to 'D:/Users/gregory.jon6888/Desktop/Prototype 3/TOA-TIME/KoopySandwich/Content/_Meshes/foliage/tree2_mesh.uasset'
[2017.08.22-04.08.04:194][895]LogSavePackage:Display: Finished SavePackage D:/Users/gregory.jon6888/Desktop/Prototype 3/TOA-TIME/KoopySandwich/Content/_Meshes/foliage/tree2_mesh.uasset
[2017.08.22-04.08.10:929][261]LogEditorViewport: Clicking on Actor (LMB): BP_Sky_Sphere_C (Sky Sphere)
[2017.08.22-04.08.25:840][ 49]LogEditorViewport: Clicking on Actor (LMB): StaticMeshActor (tree2_mesh)
[2017.08.22-04.08.36:699][513]LogActorFactory: Actor Factory created tree2_mesh
[2017.08.22-04.09.09:296][459]Cmd: TRANSACTION UNDO
[2017.08.22-04.09.09:296][459]LogEditorTransaction: Undo Foliage Editing
[2017.08.22-04.09.20:010][  1]Cmd: TRANSACTION UNDO
[2017.08.22-04.09.20:010][  1]LogEditorTransaction: Undo Foliage Editing
[2017.08.22-04.10.03:891][926]Cmd: TRANSACTION UNDO
[2017.08.22-04.10.03:891][926]LogEditorTransaction: Undo Foliage Editing
[2017.08.22-04.10.40:147][598]Cmd: TRANSACTION UNDO
[2017.08.22-04.10.40:147][598]LogEditorTransaction: Undo Foliage Editing
[2017.08.22-04.11.42:185][304]Cmd: TRANSACTION UNDO
[2017.08.22-04.11.42:185][304]LogEditorTransaction: Undo Foliage Editing
[2017.08.22-04.12.06:875][405]Cmd: TRANSACTION UNDO
[2017.08.22-04.12.06:875][405]LogEditorTransaction: Undo Foliage Editing
[2017.08.22-04.12.10:265][552]Cmd: TRANSACTION UNDO
[2017.08.22-04.12.10:265][552]LogEditorTransaction: Undo Foliage Editing
[2017.08.22-04.12.11:019][584]Cmd: TRANSACTION UNDO
[2017.08.22-04.12.11:019][584]LogEditorTransaction: Undo Foliage Editing
[2017.08.22-04.12.13:851][704]Cmd: TRANSACTION UNDO
[2017.08.22-04.12.13:851][704]LogEditorTransaction: Undo Foliage Editing
[2017.08.22-04.12.22:001][ 61]Cmd: TRANSACTION UNDO
[2017.08.22-04.12.22:001][ 61]LogEditorTransaction: Undo Foliage Editing
[2017.08.22-04.12.25:410][203]Cmd: TRANSACTION UNDO
[2017.08.22-04.12.25:410][203]LogEditorTransaction: Undo Foliage Editing
[2017.08.22-04.12.32:237][501]Cmd: OBJ SAVEPACKAGE PACKAGE="/Game/_Maps/Koopy" FILE="D:/Users/gregory.jon6888/Desktop/Prototype 3/TOA-TIME/KoopySandwich/Content/_Maps/Koopy.umap" SILENT=true AUTOSAVING=false KEEPDIRTY=false
[2017.08.22-04.12.32:393][501]LogSavePackage: Save=122.47ms
[2017.08.22-04.12.32:393][501]LogSavePackage: Moving 'D:/Users/gregory.jon6888/Desktop/Prototype 3/TOA-TIME/KoopySandwich/Saved/Koopy4E2E98734C64D574D96BDF9E8FA96F68.tmp' to 'D:/Users/gregory.jon6888/Desktop/Prototype 3/TOA-TIME/KoopySandwich/Content/_Maps/Koopy.umap'
[2017.08.22-04.12.32:395][501]LogSavePackage:Display: Finished SavePackage D:/Users/gregory.jon6888/Desktop/Prototype 3/TOA-TIME/KoopySandwich/Content/_Maps/Koopy.umap
[2017.08.22-04.12.32:437][501]Cmd: OBJ SAVEPACKAGE PACKAGE="/Game/_Maps/Koopy_BuiltData" FILE="D:/Users/gregory.jon6888/Desktop/Prototype 3/TOA-TIME/KoopySandwich/Content/_Maps/Koopy_BuiltData.uasset" SILENT=true
[2017.08.22-04.12.32:464][501]LogSavePackage: Save=21.91ms
[2017.08.22-04.12.32:464][501]LogSavePackage: Moving 'D:/Users/gregory.jon6888/Desktop/Prototype 3/TOA-TIME/KoopySandwich/Saved/Koopy_BuiltDataA1F6D9154B1FF9C6BC0CEC8887AE19CE.tmp' to 'D:/Users/gregory.jon6888/Desktop/Prototype 3/TOA-TIME/KoopySandwich/Content/_Maps/Koopy_BuiltData.uasset'
[2017.08.22-04.12.32:464][501]LogSavePackage:Display: Finished SavePackage D:/Users/gregory.jon6888/Desktop/Prototype 3/TOA-TIME/KoopySandwich/Content/_Maps/Koopy_BuiltData.uasset
[2017.08.22-04.12.37:352][815]LogTemp: Repeting last play command: New Editor Window (PIE)
[2017.08.22-04.12.37:363][815]LogPlayLevel: PlayLevel: No blueprints needed recompiling
[2017.08.22-04.12.37:397][815]PIE: New page: PIE session: Koopy (23/08/2017 4:12:37 am)
[2017.08.22-04.12.37:398][815]LogPlayLevel: Creating play world package: /Game/_Maps/UEDPIE_0_Koopy
[2017.08.22-04.12.37:427][815]LogPlayLevel: PIE: StaticDuplicateObject took: (0.029123s)
[2017.08.22-04.12.37:427][815]LogAIModule: Creating AISystem for world Koopy
[2017.08.22-04.12.37:429][815]LogPlayLevel: PIE: World Init took: (0.001816s)
[2017.08.22-04.12.37:429][815]LogPlayLevel: PIE: Created PIE world by copying editor world from /Game/_Maps/Koopy.Koopy to /Game/_Maps/UEDPIE_0_Koopy.Koopy (0.031191s)
[2017.08.22-04.12.37:460][815]LogInit: XAudio2 using 'Digital Audio (S/PDIF) (High Definition Audio Device)' : 2 channels at 44.1 kHz using 16 bits per sample (channel mask 0x3)
[2017.08.22-04.12.37:478][815]LogInit: FAudioDevice initialized.
[2017.08.22-04.12.38:212][815]LogLoad: Game class is 'ThirdPersonGameMode_C'
[2017.08.22-04.12.38:255][815]LogWorld: Bringing World /Game/_Maps/UEDPIE_0_Koopy.Koopy up for play (max tick rate 0) at 2017.08.22-16.12.38
[2017.08.22-04.12.38:316][815]LogWorld: Bringing up level for play took: 0.099612
[2017.08.22-04.12.38:500][815]LogContentBrowser: Native class hierarchy updated for 'MovieSceneCapture' in 0.0006 seconds. Added 11 classes and 0 folders.
[2017.08.22-04.12.38:545][815]PIE: Info Play in editor start time for /Game/_Maps/UEDPIE_0_Koopy 1.304
[2017.08.22-04.12.38:693][815]LogRenderer: Reallocating scene render targets to support 1292x908 NumSamples 1 (Frame:54974).
[2017.08.22-04.12.57:006][725]Cmd: OBJ SAVEPACKAGE PACKAGE="/Game/_Meshes/foliage/tree2_mesh" FILE="D:/Users/gregory.jon6888/Desktop/Prototype 3/TOA-TIME/KoopySandwich/Content/_Meshes/foliage/tree2_mesh.uasset" SILENT=true
[2017.08.22-04.12.57:024][725]LogSavePackage: Save=11.03ms
[2017.08.22-04.12.57:024][725]LogSavePackage: Moving 'D:/Users/gregory.jon6888/Desktop/Prototype 3/TOA-TIME/KoopySandwich/Saved/tree2_mesh9D90D75D422AC357356524AB0734FD7C.tmp' to 'D:/Users/gregory.jon6888/Desktop/Prototype 3/TOA-TIME/KoopySandwich/Content/_Meshes/foliage/tree2_mesh.uasset'
[2017.08.22-04.12.57:026][725]LogSavePackage:Display: Finished SavePackage D:/Users/gregory.jon6888/Desktop/Prototype 3/TOA-TIME/KoopySandwich/Content/_Meshes/foliage/tree2_mesh.uasset
[2017.08.22-04.12.59:292][863]LogTemp: Repeting last play command: New Editor Window (PIE)
[2017.08.22-04.12.59:300][863]LogPlayLevel: PlayLevel: No blueprints needed recompiling
[2017.08.22-04.12.59:300][863]PIE: New page: PIE session: Koopy (23/08/2017 4:12:59 am)
[2017.08.22-04.12.59:301][863]LogPlayLevel: Creating play world package: /Game/_Maps/UEDPIE_0_Koopy
[2017.08.22-04.12.59:320][863]LogPlayLevel: PIE: StaticDuplicateObject took: (0.019285s)
[2017.08.22-04.12.59:320][863]LogAIModule: Creating AISystem for world Koopy
[2017.08.22-04.12.59:320][863]LogPlayLevel: PIE: World Init took: (0.000573s)
[2017.08.22-04.12.59:321][863]LogPlayLevel: PIE: Created PIE world by copying editor world from /Game/_Maps/Koopy.Koopy to /Game/_Maps/UEDPIE_0_Koopy.Koopy (0.020046s)
[2017.08.22-04.12.59:335][863]LogInit: XAudio2 using 'Digital Audio (S/PDIF) (High Definition Audio Device)' : 2 channels at 44.1 kHz using 16 bits per sample (channel mask 0x3)
[2017.08.22-04.12.59:341][863]LogInit: FAudioDevice initialized.
[2017.08.22-04.12.59:382][863]LogLoad: Game class is 'ThirdPersonGameMode_C'
[2017.08.22-04.12.59:385][863]LogWorld: Bringing World /Game/_Maps/UEDPIE_0_Koopy.Koopy up for play (max tick rate 0) at 2017.08.22-16.12.59
[2017.08.22-04.12.59:386][863]LogWorld: Bringing up level for play took: 0.002563
[2017.08.22-04.12.59:394][863]PIE: Info Play in editor start time for /Game/_Maps/UEDPIE_0_Koopy 0.153
[2017.08.22-04.13.13:157][465]LogSavePackage: Save=10.03ms
[2017.08.22-04.13.13:157][465]LogSavePackage: Moving 'D:/Users/gregory.jon6888/Desktop/Prototype 3/TOA-TIME/KoopySandwich/Saved/Flax_Mesh_FoliageType7DCEE4BF4979081F8C0AFFBD98D34ED4.tmp' to 'D:/Users/gregory.jon6888/Desktop/Prototype 3/TOA-TIME/KoopySandwich/Content/_Foliage_Presets/Flax_Mesh_FoliageType.uasset'
[2017.08.22-04.13.13:159][465]LogSavePackage:Display: Finished SavePackage D:/Users/gregory.jon6888/Desktop/Prototype 3/TOA-TIME/KoopySandwich/Content/_Foliage_Presets/Flax_Mesh_FoliageType.uasset
[2017.08.22-04.13.13:195][465]LogSavePackage: Save=10.04ms
[2017.08.22-04.13.13:195][465]LogSavePackage: Moving 'D:/Users/gregory.jon6888/Desktop/Prototype 3/TOA-TIME/KoopySandwich/Saved/tree1_mesh_FoliageType8BF53BD04ACAD74E34E96F9572FF154F.tmp' to 'D:/Users/gregory.jon6888/Desktop/Prototype 3/TOA-TIME/KoopySandwich/Content/_Foliage_Presets/tree1_mesh_FoliageType.uasset'
[2017.08.22-04.13.13:196][465]LogSavePackage:Display: Finished SavePackage D:/Users/gregory.jon6888/Desktop/Prototype 3/TOA-TIME/KoopySandwich/Content/_Foliage_Presets/tree1_mesh_FoliageType.uasset
[2017.08.22-04.13.13:234][465]LogSavePackage: Save=11.69ms
[2017.08.22-04.13.13:234][465]LogSavePackage: Moving 'D:/Users/gregory.jon6888/Desktop/Prototype 3/TOA-TIME/KoopySandwich/Saved/treeBranch_01_M_Inst93BFF58D44AC73D43AE390B67DA92D24.tmp' to 'D:/Users/gregory.jon6888/Desktop/Prototype 3/TOA-TIME/KoopySandwich/Content/_Materials/foliage/treeBranch_01_M_Inst.uasset'
[2017.08.22-04.13.13:236][465]LogSavePackage:Display: Finished SavePackage D:/Users/gregory.jon6888/Desktop/Prototype 3/TOA-TIME/KoopySandwich/Content/_Materials/foliage/treeBranch_01_M_Inst.uasset
[2017.08.22-04.13.13:246][465]LogSavePackage: Save=1.85ms
[2017.08.22-04.13.13:246][465]LogSavePackage: Moving 'D:/Users/gregory.jon6888/Desktop/Prototype 3/TOA-TIME/KoopySandwich/Saved/treeBranch_02_M_Inst3A364EDD42EDA15EECC35BA39B85137B.tmp' to 'D:/Users/gregory.jon6888/Desktop/Prototype 3/TOA-TIME/KoopySandwich/Content/_Materials/foliage/treeBranch_02_M_Inst.uasset'
[2017.08.22-04.13.13:247][465]LogSavePackage:Display: Finished SavePackage D:/Users/gregory.jon6888/Desktop/Prototype 3/TOA-TIME/KoopySandwich/Content/_Materials/foliage/treeBranch_02_M_Inst.uasset
[2017.08.22-04.13.13:259][465]Cmd: OBJ SAVEPACKAGE PACKAGE="/Game/_Textures/Foliage/tree_2_D" FILE="D:/Users/gregory.jon6888/Desktop/Prototype 3/TOA-TIME/KoopySandwich/Content/_Textures/Foliage/tree_2_D.uasset" SILENT=true
[2017.08.22-04.13.13:374][465]LogSavePackage: Save=113.34ms
[2017.08.22-04.13.13:374][465]LogSavePackage: Moving 'D:/Users/gregory.jon6888/Desktop/Prototype 3/TOA-TIME/KoopySandwich/Saved/tree_2_D82BC1E10444506E08A77F4A3E29DEC15.tmp' to 'D:/Users/gregory.jon6888/Desktop/Prototype 3/TOA-TIME/KoopySandwich/Content/_Textures/Foliage/tree_2_D.uasset'
[2017.08.22-04.13.13:376][465]LogSavePackage:Display: Finished SavePackage D:/Users/gregory.jon6888/Desktop/Prototype 3/TOA-TIME/KoopySandwich/Content/_Textures/Foliage/tree_2_D.uasset
[2017.08.22-04.13.13:388][465]Cmd: OBJ SAVEPACKAGE PACKAGE="/Game/_Textures/Foliage/tree_2_N" FILE="D:/Users/gregory.jon6888/Desktop/Prototype 3/TOA-TIME/KoopySandwich/Content/_Textures/Foliage/tree_2_N.uasset" SILENT=true
[2017.08.22-04.13.13:500][465]LogSavePackage: Save=110.54ms
[2017.08.22-04.13.13:500][465]LogSavePackage: Moving 'D:/Users/gregory.jon6888/Desktop/Prototype 3/TOA-TIME/KoopySandwich/Saved/tree_2_N507C5E48479528133561BA960EFE3DC7.tmp' to 'D:/Users/gregory.jon6888/Desktop/Prototype 3/TOA-TIME/KoopySandwich/Content/_Textures/Foliage/tree_2_N.uasset'
[2017.08.22-04.13.13:502][465]LogSavePackage:Display: Finished SavePackage D:/Users/gregory.jon6888/Desktop/Prototype 3/TOA-TIME/KoopySandwich/Content/_Textures/Foliage/tree_2_N.uasset
[2017.08.22-04.13.13:513][465]Cmd: OBJ SAVEPACKAGE PACKAGE="/Game/_Textures/Foliage/tree_2_R" FILE="D:/Users/gregory.jon6888/Desktop/Prototype 3/TOA-TIME/KoopySandwich/Content/_Textures/Foliage/tree_2_R.uasset" SILENT=true
[2017.08.22-04.13.13:579][465]LogSavePackage: Save=64.86ms
[2017.08.22-04.13.13:579][465]LogSavePackage: Moving 'D:/Users/gregory.jon6888/Desktop/Prototype 3/TOA-TIME/KoopySandwich/Saved/tree_2_R2A0192F048C7FB88D7552BB08E76FCE9.tmp' to 'D:/Users/gregory.jon6888/Desktop/Prototype 3/TOA-TIME/KoopySandwich/Content/_Textures/Foliage/tree_2_R.uasset'
[2017.08.22-04.13.13:581][465]LogSavePackage:Display: Finished SavePackage D:/Users/gregory.jon6888/Desktop/Prototype 3/TOA-TIME/KoopySandwich/Content/_Textures/Foliage/tree_2_R.uasset
[2017.08.22-04.13.13:597][465]Cmd: OBJ SAVEPACKAGE PACKAGE="/Game/_Textures/Foliage/tree_2_SS" FILE="D:/Users/gregory.jon6888/Desktop/Prototype 3/TOA-TIME/KoopySandwich/Content/_Textures/Foliage/tree_2_SS.uasset" SILENT=true
[2017.08.22-04.13.13:708][465]LogSavePackage: Save=109.00ms
[2017.08.22-04.13.13:708][465]LogSavePackage: Moving 'D:/Users/gregory.jon6888/Desktop/Prototype 3/TOA-TIME/KoopySandwich/Saved/tree_2_SS17CA6DEE4935D71B9B5C7B953A1D3270.tmp' to 'D:/Users/gregory.jon6888/Desktop/Prototype 3/TOA-TIME/KoopySandwich/Content/_Textures/Foliage/tree_2_SS.uasset'
[2017.08.22-04.13.13:709][465]LogSavePackage:Display: Finished SavePackage D:/Users/gregory.jon6888/Desktop/Prototype 3/TOA-TIME/KoopySandwich/Content/_Textures/Foliage/tree_2_SS.uasset
[2017.08.22-04.13.38:804][769]Cmd: QUIT_EDITOR
[2017.08.22-04.13.38:828][769]LogActorComponent: UnregisterComponent: (/Engine/Transient.SphereBrushComponent) Not registered. Aborting.
[2017.08.22-04.13.39:031][769]LogExit: Preparing to exit.
[2017.08.22-04.13.39:836][769]LogExit: Editor shut down
[2017.08.22-04.13.39:836][769]LogExit: Transaction tracking system shut down
[2017.08.22-04.13.40:761][769]LogObj: Freed 0b from 0 cluster array pools.
[2017.08.22-04.13.40:761][769]LogExit: Object subsystem successfully closed.
[2017.08.22-04.13.40:839][769]LogD3D11RHI: Shutdown
[2017.08.22-04.13.40:839][769]LogD3D11RHI: CleanupD3DDevice
[2017.08.22-04.13.41:053][769]LogD3D11RHI: ~FD3D11DynamicRHI
[2017.08.22-04.13.41:387][769]LogHttp:Display: Http module shutting down, but needs to wait on 1 outstanding Http requests:
[2017.08.22-04.13.41:387][769]LogHttp:Display: 	verb=[POST] url=[https://datarouter.ol.epicgames.com/datarouter/api/v1/public/data?SessionID=%7BB012692C-4B4F-E329-1D03-F1951EDEE102%7D&AppID=UEEditor.Rocket.Release&AppVersion=4.14.3-3249277%2B%2B%2BUE4%2BRelease-4.14&UserID=1c5c22ae4b3ef09cadf6daa4a9683948%7C%7C7495a53a-a6b0-4167-ba1c-84a826331936&AppEnvironment=datacollector-binary&UploadType=eteventstream] status=Processing
[2017.08.22-04.13.41:415][769]LogModuleManager: Shutting down and abandoning module MovieSceneCapture (244)
[2017.08.22-04.13.41:415][769]LogModuleManager: Shutting down and abandoning module StaticMeshEditor (243)
[2017.08.22-04.13.41:415][769]LogModuleManager: Shutting down and abandoning module MaterialEditor (242)
[2017.08.22-04.13.41:415][769]LogModuleManager: Shutting down and abandoning module HierarchicalLODOutliner (241)
[2017.08.22-04.13.41:421][769]LogModuleManager: Shutting down and abandoning module CrashTracker (240)
[2017.08.22-04.13.41:422][769]LogModuleManager: Shutting down and abandoning module SceneOutliner (239)
[2017.08.22-04.13.41:422][769]LogModuleManager: Shutting down and abandoning module WidgetCarousel (238)
[2017.08.22-04.13.41:422][769]LogModuleManager: Shutting down and abandoning module AddContentDialog (237)
[2017.08.22-04.13.41:424][769]LogDirectoryWatcher: A directory notification for 'C:/apps/Epic Games/4.14/FeaturePacks/' was aborted.
[2017.08.22-04.13.41:425][769]LogModuleManager: Shutting down and abandoning module GameplayTags (236)
[2017.08.22-04.13.41:425][769]LogModuleManager: Shutting down and abandoning module EditorWidgets (235)
[2017.08.22-04.13.41:425][769]LogModuleManager: Shutting down and abandoning module CollectionManager (234)
[2017.08.22-04.13.41:426][769]LogDirectoryWatcher: A directory notification for 'D:/Users/gregory.jon6888/Desktop/Prototype 3/TOA-TIME/KoopySandwich/Content/Collections/' was aborted.
[2017.08.22-04.13.41:426][769]LogDirectoryWatcher: A directory notification for 'D:/Users/gregory.jon6888/Desktop/Prototype 3/TOA-TIME/KoopySandwich/Content/Developers/gregoryjon6888/Collections/' was aborted.
[2017.08.22-04.13.41:426][769]LogDirectoryWatcher: A directory notification for 'D:/Users/gregory.jon6888/Desktop/Prototype 3/TOA-TIME/KoopySandwich/Saved/Collections/' was aborted.
[2017.08.22-04.13.41:426][769]LogModuleManager: Shutting down and abandoning module StatsViewer (233)
[2017.08.22-04.13.41:438][769]LogModuleManager: Shutting down and abandoning module FoliageEdit (232)
[2017.08.22-04.13.41:438][769]LogModuleManager: Shutting down and abandoning module LandscapeEditor (231)
[2017.08.22-04.13.41:459][769]LogModuleManager: Shutting down and abandoning module SceneDepthPickerMode (230)
[2017.08.22-04.13.41:459][769]LogModuleManager: Shutting down and abandoning module ActorPickerMode (229)
[2017.08.22-04.13.41:459][769]LogModuleManager: Shutting down and abandoning module GeometryMode (228)
[2017.08.22-04.13.41:459][769]LogModuleManager: Shutting down and abandoning module TextureAlignMode (227)
[2017.08.22-04.13.41:459][769]LogModuleManager: Shutting down and abandoning module BspMode (226)
[2017.08.22-04.13.41:465][769]LogModuleManager: Shutting down and abandoning module HardwareSurvey (225)
[2017.08.22-04.13.41:465][769]LogModuleManager: Shutting down and abandoning module SequenceRecorderSections (224)
[2017.08.22-04.13.41:466][769]LogModuleManager: Shutting down and abandoning module AutomationWorker (223)
[2017.08.22-04.13.41:466][769]LogModuleManager: Shutting down and abandoning module MatineeToLevelSequence (222)
[2017.08.22-04.13.41:467][769]LogModuleManager: Shutting down and abandoning module PlacementMode (221)
[2017.08.22-04.13.41:485][769]LogModuleManager: Shutting down and abandoning module LevelSequenceEditor (220)
[2017.08.22-04.13.41:491][769]LogModuleManager: Shutting down and abandoning module WmfMediaFactory (219)
[2017.08.22-04.13.41:491][769]LogModuleManager: Shutting down and abandoning module WmfMediaEditor (218)
[2017.08.22-04.13.41:491][769]LogModuleManager: Shutting down and abandoning module AvfMediaFactory (217)
[2017.08.22-04.13.41:491][769]LogModuleManager: Shutting down and abandoning module AvfMediaEditor (216)
[2017.08.22-04.13.41:491][769]LogModuleManager: Shutting down and abandoning module Media (215)
[2017.08.22-04.13.41:491][769]LogModuleManager: Shutting down and abandoning module AndroidMediaFactory (214)
[2017.08.22-04.13.41:491][769]LogModuleManager: Shutting down and abandoning module AndroidMediaEditor (213)
[2017.08.22-04.13.41:491][769]LogModuleManager: Shutting down and abandoning module CharacterAI (212)
[2017.08.22-04.13.41:491][769]LogModuleManager: Shutting down and abandoning module SequenceRecorder (211)
[2017.08.22-04.13.41:517][769]LogModuleManager: Shutting down and abandoning module AudioCapture (210)
[2017.08.22-04.13.41:517][769]LogModuleManager: Shutting down and abandoning module SmartSnapping (209)
[2017.08.22-04.13.41:517][769]LogModuleManager: Shutting down and abandoning module SessionServices (208)
[2017.08.22-04.13.41:517][769]LogModuleManager: Shutting down and abandoning module ViewportSnapping (207)
[2017.08.22-04.13.41:517][769]LogModuleManager: Shutting down and abandoning module ViewportInteraction (206)
[2017.08.22-04.13.41:517][769]LogModuleManager: Shutting down and abandoning module LogVisualizer (205)
[2017.08.22-04.13.41:789][769]LogModuleManager: Shutting down and abandoning module GameProjectGeneration (204)
[2017.08.22-04.13.41:907][769]LogModuleManager: Shutting down and abandoning module IntroTutorials (203)
[2017.08.22-04.13.41:914][769]LogModuleManager: Shutting down and abandoning module EditorLiveStreaming (202)
[2017.08.22-04.13.41:914][769]LogModuleManager: Shutting down and abandoning module IOSPlatformEditor (201)
[2017.08.22-04.13.41:923][769]LogModuleManager: Shutting down and abandoning module HTML5PlatformEditor (200)
[2017.08.22-04.13.41:923][769]LogModuleManager: Shutting down and abandoning module AndroidDeviceDetection (199)
[2017.08.22-04.13.42:523][769]LogModuleManager: Shutting down and abandoning module AndroidPlatformEditor (198)
[2017.08.22-04.13.42:524][769]LogModuleManager: Shutting down and abandoning module IOSRuntimeSettings (197)
[2017.08.22-04.13.42:524][769]LogModuleManager: Shutting down and abandoning module AndroidRuntimeSettings (196)
[2017.08.22-04.13.42:524][769]LogModuleManager: Shutting down and abandoning module InputBindingEditor (195)
[2017.08.22-04.13.42:542][769]LogModuleManager: Shutting down and abandoning module NiagaraEditor (194)
[2017.08.22-04.13.42:561][769]LogModuleManager: Shutting down and abandoning module MergeActors (193)
[2017.08.22-04.13.42:580][769]LogModuleManager: Shutting down and abandoning module SizeMap (192)
[2017.08.22-04.13.42:580][769]LogModuleManager: Shutting down and abandoning module TreeMap (191)
[2017.08.22-04.13.42:582][769]LogModuleManager: Shutting down and abandoning module ReferenceViewer (190)
[2017.08.22-04.13.42:582][769]LogModuleManager: Shutting down and abandoning module LocalizationService (189)
[2017.08.22-04.13.42:582][769]LogModuleManager: Shutting down and abandoning module LocalizationDashboard (188)
[2017.08.22-04.13.42:601][769]LogModuleManager: Shutting down and abandoning module HardwareTargeting (187)
[2017.08.22-04.13.42:602][769]LogModuleManager: Shutting down and abandoning module DeviceProfileEditor (186)
[2017.08.22-04.13.42:608][769]LogModuleManager: Shutting down and abandoning module UndoHistory (185)
[2017.08.22-04.13.42:608][769]LogModuleManager: Shutting down and abandoning module UserFeedback (184)
[2017.08.22-04.13.42:608][769]LogModuleManager: Shutting down and abandoning module XmlParser (183)
[2017.08.22-04.13.42:609][769]LogModuleManager: Shutting down and abandoning module Blutility (182)
[2017.08.22-04.13.42:619][769]LogModuleManager: Shutting down and abandoning module ProjectTargetPlatformEditor (181)
[2017.08.22-04.13.42:620][769]LogModuleManager: Shutting down and abandoning module ProjectSettingsViewer (180)
[2017.08.22-04.13.42:620][769]LogModuleManager: Shutting down and abandoning module EditorSettingsViewer (179)
[2017.08.22-04.13.42:620][769]LogModuleManager: Shutting down and abandoning module SettingsEditor (178)
[2017.08.22-04.13.42:622][769]LogModuleManager: Shutting down and abandoning module ProjectLauncher (177)
[2017.08.22-04.13.42:632][769]LogModuleManager: Shutting down and abandoning module SessionFrontend (176)
[2017.08.22-04.13.42:645][769]LogModuleManager: Shutting down and abandoning module ProfilerClient (175)
[2017.08.22-04.13.42:662][769]LogModuleManager: Shutting down and abandoning module TargetDeviceServices (174)
[2017.08.22-04.13.42:662][769]LogModuleManager: Shutting down and abandoning module DeviceManager (173)
[2017.08.22-04.13.42:728][769]LogModuleManager: Shutting down and abandoning module AutomationController (172)
[2017.08.22-04.13.42:756][769]LogModuleManager: Shutting down and abandoning module AutomationWindow (171)
[2017.08.22-04.13.42:766][769]LogModuleManager: Shutting down and abandoning module Layers (170)
[2017.08.22-04.13.42:800][769]LogModuleManager: Shutting down and abandoning module ComponentVisualizers (169)
[2017.08.22-04.13.42:800][769]LogModuleManager: Shutting down and abandoning module DetailCustomizations (168)
[2017.08.22-04.13.42:800][769]LogModuleManager: Shutting down and abandoning module PackagesDialog (167)
[2017.08.22-04.13.42:800][769]LogModuleManager: Shutting down and abandoning module AnimGraph (166)
[2017.08.22-04.13.42:800][769]LogModuleManager: Shutting down and abandoning module Persona (165)
[2017.08.22-04.13.42:801][769]LogModuleManager: Shutting down and abandoning module Kismet (164)
[2017.08.22-04.13.42:802][769]LogModuleManager: Shutting down and abandoning module GraphEditor (163)
[2017.08.22-04.13.42:802][769]LogModuleManager: Shutting down and abandoning module ClassViewer (162)
[2017.08.22-04.13.42:809][769]LogModuleManager: Shutting down and abandoning module Toolbox (161)
[2017.08.22-04.13.42:810][769]LogModuleManager: Shutting down and abandoning module ModuleUI (160)
[2017.08.22-04.13.42:815][769]LogModuleManager: Shutting down and abandoning module MovieSceneTools (159)
[2017.08.22-04.13.42:828][769]LogModuleManager: Shutting down and abandoning module OutputLog (158)
[2017.08.22-04.13.42:843][769]LogModuleManager: Shutting down and abandoning module GammaUI (157)
[2017.08.22-04.13.42:844][769]LogModuleManager: Shutting down and abandoning module Documentation (156)
[2017.08.22-04.13.42:844][769]LogModuleManager: Shutting down and abandoning module Niagara (155)
[2017.08.22-04.13.42:844][769]LogModuleManager: Shutting down and abandoning module StreamingPauseRendering (154)
[2017.08.22-04.13.42:844][769]LogModuleManager: Shutting down and abandoning module AnalyticsET (153)
[2017.08.22-04.13.42:844][769]LogModuleManager: Shutting down and abandoning module PortalServices (152)
[2017.08.22-04.13.42:844][769]LogModuleManager: Shutting down and abandoning module PortalRpc (151)
[2017.08.22-04.13.42:844][769]LogModuleManager: Shutting down and abandoning module MessagingRpc (150)
[2017.08.22-04.13.42:844][769]LogModuleManager: Shutting down and abandoning module GameplayDebugger (149)
[2017.08.22-04.13.42:851][769]LogModuleManager: Shutting down and abandoning module AITestSuite (148)
[2017.08.22-04.13.42:851][769]LogModuleManager: Shutting down and abandoning module AIModule (147)
[2017.08.22-04.13.42:851][769]LogModuleManager: Shutting down and abandoning module ProfilerService (146)
[2017.08.22-04.13.43:065][769]LogModuleManager: Shutting down and abandoning module TaskGraph (145)
[2017.08.22-04.13.43:092][769]LogModuleManager: Shutting down and abandoning module SlateRemote (144)
[2017.08.22-04.13.43:092][769]LogModuleManager: Shutting down and abandoning module SteamVRController (143)
[2017.08.22-04.13.43:092][769]LogModuleManager: Shutting down and abandoning module SteamVR (142)
[2017.08.22-04.13.43:092][769]LogModuleManager: Shutting down and abandoning module ProceduralMeshComponentEditor (141)
[2017.08.22-04.13.43:093][769]LogModuleManager: Shutting down and abandoning module ProceduralMeshComponent (140)
[2017.08.22-04.13.43:094][769]LogModuleManager: Shutting down and abandoning module OculusLibrary (139)
[2017.08.22-04.13.43:094][769]LogModuleManager: Shutting down and abandoning module OculusInput (138)
[2017.08.22-04.13.43:094][769]LogModuleManager: Shutting down and abandoning module MobilePatchingUtils (137)
[2017.08.22-04.13.43:094][769]LogModuleManager: Shutting down and abandoning module CustomMeshComponent (136)
[2017.08.22-04.13.43:094][769]LogModuleManager: Shutting down and abandoning module CableComponent (135)
[2017.08.22-04.13.43:094][769]LogModuleManager: Shutting down and abandoning module ArchVisCharacter (134)
[2017.08.22-04.13.43:094][769]LogModuleManager: Shutting down and abandoning module MediaPlayerEditor (132)
[2017.08.22-04.13.43:122][769]LogModuleManager: Shutting down and abandoning module HTML5Networking (131)
[2017.08.22-04.13.43:122][769]LogModuleManager: Shutting down and abandoning module GeometryCacheEd (130)
[2017.08.22-04.13.43:122][769]LogModuleManager: Shutting down and abandoning module GeometryCache (129)
[2017.08.22-04.13.43:122][769]LogModuleManager: Shutting down and abandoning module AlembicLibrary (128)
[2017.08.22-04.13.43:131][769]LogModuleManager: Shutting down and abandoning module AlembicImporter (127)
[2017.08.22-04.13.43:136][769]LogModuleManager: Shutting down and abandoning module SuperSearch (126)
[2017.08.22-04.13.43:136][769]LogModuleManager: Shutting down and abandoning module SuperSearchEditor (125)
[2017.08.22-04.13.43:136][769]LogModuleManager: Shutting down and abandoning module SpeedTreeImporter (124)
[2017.08.22-04.13.43:136][769]LogModuleManager: Shutting down and abandoning module PluginBrowser (123)
[2017.08.22-04.13.43:147][769]LogModuleManager: Shutting down and abandoning module MobileLauncherProfileWizard (122)
[2017.08.22-04.13.43:157][769]LogModuleManager: Shutting down and abandoning module EpicSurvey (121)
[2017.08.22-04.13.43:158][769]LogModuleManager: Shutting down and abandoning module DesktopPlatform (120)
[2017.08.22-04.13.43:158][769]LogModuleManager: Shutting down and abandoning module VisualStudioSourceCodeAccess (119)
[2017.08.22-04.13.43:159][769]LogModuleManager: Shutting down and abandoning module UObjectPlugin (118)
[2017.08.22-04.13.43:159][769]LogModuleManager: Shutting down and abandoning module SubversionSourceControl (117)
[2017.08.22-04.13.43:162][769]LogModuleManager: Shutting down and abandoning module PerforceSourceControl (116)
[2017.08.22-04.13.43:164][769]LogModuleManager: Shutting down and abandoning module SourceControl (115)
[2017.08.22-04.13.43:172][769]LogModuleManager: Shutting down and abandoning module GitSourceControl (114)
[2017.08.22-04.13.43:179][769]LogModuleManager: Shutting down and abandoning module LightPropagationVolumeEditor (113)
[2017.08.22-04.13.43:179][769]LogModuleManager: Shutting down and abandoning module PaperTiledImporter (112)
[2017.08.22-04.13.43:179][769]LogModuleManager: Shutting down and abandoning module PaperSpriteSheetImporter (111)
[2017.08.22-04.13.43:179][769]LogModuleManager: Shutting down and abandoning module MeshPaint (110)
[2017.08.22-04.13.43:179][769]LogModuleManager: Shutting down and abandoning module PixelInspectorModule (109)
[2017.08.22-04.13.43:180][769]LogModuleManager: Shutting down and abandoning module HotReload (108)
[2017.08.22-04.13.43:180][769]LogModuleManager: Shutting down and abandoning module MainFrame (107)
[2017.08.22-04.13.43:180][769]LogModuleManager: Shutting down and abandoning module LevelEditor (106)
[2017.08.22-04.13.43:182][769]LogModuleManager: Shutting down and abandoning module ContentBrowser (105)
[2017.08.22-04.13.43:183][769]LogModuleManager: Shutting down and abandoning module Paper2DEditor (104)
[2017.08.22-04.13.43:194][769]LogModuleManager: Shutting down and abandoning module UdpMessaging (103)
[2017.08.22-04.13.43:294][769]LogModuleManager: Shutting down and abandoning module TcpMessaging (102)
[2017.08.22-04.13.43:394][769]LogModuleManager: Shutting down and abandoning module LightPropagationVolumeRuntime (101)
[2017.08.22-04.13.43:394][769]LogModuleManager: Shutting down and abandoning module Paper2D (100)
[2017.08.22-04.13.43:406][769]LogModuleManager: Shutting down and abandoning module WindowsMoviePlayer (99)
[2017.08.22-04.13.43:406][769]LogModuleManager: Shutting down and abandoning module WmfMedia (98)
[2017.08.22-04.13.43:414][769]LogModuleManager: Shutting down and abandoning module MediaAssets (97)
[2017.08.22-04.13.43:414][769]LogModuleManager: Shutting down and abandoning module GameLiveStreaming (96)
[2017.08.22-04.13.43:415][769]LogModuleManager: Shutting down and abandoning module GameplayTagsEditor (95)
[2017.08.22-04.13.43:415][769]LogModuleManager: Shutting down and abandoning module VREditor (94)
[2017.08.22-04.13.43:415][769]LogModuleManager: Shutting down and abandoning module GameplayTasksEditor (93)
[2017.08.22-04.13.43:415][769]LogModuleManager: Shutting down and abandoning module BehaviorTreeEditor (92)
[2017.08.22-04.13.43:434][769]LogModuleManager: Shutting down and abandoning module FunctionalTesting (91)
[2017.08.22-04.13.43:435][769]LogModuleManager: Shutting down and abandoning module CollisionAnalyzer (90)
[2017.08.22-04.13.43:443][769]LogModuleManager: Shutting down and abandoning module Sequencer (89)
[2017.08.22-04.13.43:451][769]LogModuleManager: Shutting down and abandoning module WorkspaceMenuStructure (88)
[2017.08.22-04.13.43:451][769]LogModuleManager: Shutting down and abandoning module MessageLog (87)
[2017.08.22-04.13.43:451][769]LogModuleManager: Shutting down and abandoning module AssetTools (86)
[2017.08.22-04.13.43:462][769]LogModuleManager: Shutting down and abandoning module UMGEditor (85)
[2017.08.22-04.13.43:470][769]LogModuleManager: Shutting down and abandoning module UMG (84)
[2017.08.22-04.13.43:504][769]LogModuleManager: Shutting down and abandoning module SlateReflector (83)
[2017.08.22-04.13.43:520][769]LogModuleManager: Shutting down and abandoning module Slate (82)
[2017.08.22-04.13.43:520][769]LogModuleManager: Shutting down and abandoning module EditorStyle (81)
[2017.08.22-04.13.43:523][769]LogModuleManager: Shutting down and abandoning module SourceCodeAccess (80)
[2017.08.22-04.13.43:523][769]LogModuleManager: Shutting down and abandoning module HeadMountedDisplay (79)
[2017.08.22-04.13.43:523][769]LogModuleManager: Shutting down and abandoning module XAudio2 (78)
[2017.08.22-04.13.43:523][769]LogModuleManager: Shutting down and abandoning module Networking (76)
[2017.08.22-04.13.43:523][769]LogModuleManager: Shutting down and abandoning module Core (75)
[2017.08.22-04.13.43:523][769]LogModuleManager: Shutting down and abandoning module DirectoryWatcher (74)
[2017.08.22-04.13.43:523][769]LogDirectoryWatcher: A directory notification for '../../../Engine/Content/' was aborted.
[2017.08.22-04.13.43:523][769]LogDirectoryWatcher: A directory notification for 'D:/Users/gregory.jon6888/Desktop/Prototype 3/TOA-TIME/KoopySandwich/Content/' was aborted.
[2017.08.22-04.13.43:523][769]LogDirectoryWatcher: A directory notification for '../../../Engine/Plugins/2D/Paper2D/Content/' was aborted.
[2017.08.22-04.13.43:524][769]LogModuleManager: Shutting down and abandoning module AssetRegistry (73)
[2017.08.22-04.13.43:642][769]LogModuleManager: Shutting down and abandoning module KismetCompiler (72)
[2017.08.22-04.13.43:642][769]LogModuleManager: Shutting down and abandoning module PhysXFormats (71)
[2017.08.22-04.13.43:642][769]LogModuleManager: Shutting down and abandoning module SimplygonSwarm (70)
[2017.08.22-04.13.43:649][769]LogModuleManager: Shutting down and abandoning module SimplygonMeshReduction (69)
[2017.08.22-04.13.43:650][769]LogModuleManager: Shutting down and abandoning module QuadricMeshReduction (68)
[2017.08.22-04.13.43:651][769]LogModuleManager: Shutting down and abandoning module PropertyEditor (67)
[2017.08.22-04.13.43:651][769]LogModuleManager: Shutting down and abandoning module MeshUtilities (66)
[2017.08.22-04.13.43:656][769]LogModuleManager: Shutting down and abandoning module DerivedDataCache (65)
[2017.08.22-04.13.43:691][769]LogDerivedDataCache: Shutdown
[2017.08.22-04.13.43:691][769]LogModuleManager: Shutting down and abandoning module VulkanShaderFormat (64)
[2017.08.22-04.13.43:692][769]LogModuleManager: Shutting down and abandoning module ShaderFormatOpenGL (63)
[2017.08.22-04.13.43:704][769]LogModuleManager: Shutting down and abandoning module ShaderFormatD3D (62)
[2017.08.22-04.13.43:705][769]LogModuleManager: Shutting down and abandoning module MetalShaderFormat (61)
[2017.08.22-04.13.43:709][769]LogModuleManager: Shutting down and abandoning module TextureFormatUncompressed (60)
[2017.08.22-04.13.43:709][769]LogModuleManager: Shutting down and abandoning module TextureFormatPVR (59)
[2017.08.22-04.13.43:709][769]LogModuleManager: Shutting down and abandoning module TextureFormatDXT (58)
[2017.08.22-04.13.43:709][769]LogModuleManager: Shutting down and abandoning module TextureFormatIntelISPCTexComp (57)
[2017.08.22-04.13.43:715][769]LogModuleManager: Shutting down and abandoning module ImageWrapper (56)
[2017.08.22-04.13.43:715][769]LogModuleManager: Shutting down and abandoning module TextureFormatASTC (55)
[2017.08.22-04.13.43:715][769]LogModuleManager: Shutting down and abandoning module TextureFormatAndroid (54)
[2017.08.22-04.13.43:715][769]LogModuleManager: Shutting down and abandoning module AudioFormatOpus (53)
[2017.08.22-04.13.43:725][769]LogModuleManager: Shutting down and abandoning module AudioFormatOgg (52)
[2017.08.22-04.13.43:725][769]LogModuleManager: Shutting down and abandoning module AudioFormatADPCM (51)
[2017.08.22-04.13.43:725][769]LogModuleManager: Shutting down and abandoning module LinuxTargetPlatform (50)
[2017.08.22-04.13.43:725][769]LogModuleManager: Shutting down and abandoning module LinuxServerTargetPlatform (49)
[2017.08.22-04.13.43:726][769]LogModuleManager: Shutting down and abandoning module LinuxNoEditorTargetPlatform (48)
[2017.08.22-04.13.43:735][769]LogModuleManager: Shutting down and abandoning module LinuxClientTargetPlatform (47)
[2017.08.22-04.13.43:735][769]LogModuleManager: Shutting down and abandoning module TVOSTargetPlatform (46)
[2017.08.22-04.13.43:735][769]LogModuleManager: Shutting down and abandoning module Messaging (45)
[2017.08.22-04.13.43:735][769]LogModuleManager: Shutting down and abandoning module IOSTargetPlatform (44)
[2017.08.22-04.13.43:735][769]LogModuleManager: Shutting down and abandoning module HTML5TargetPlatform (43)
[2017.08.22-04.13.43:735][769]LogModuleManager: Shutting down and abandoning module Android_PVRTCTargetPlatform (42)
[2017.08.22-04.13.43:735][769]LogModuleManager: Shutting down and abandoning module Android_MultiTargetPlatform (41)
[2017.08.22-04.13.43:735][769]LogModuleManager: Shutting down and abandoning module Android_ETC2TargetPlatform (40)
[2017.08.22-04.13.43:735][769]LogModuleManager: Shutting down and abandoning module Android_ETC1TargetPlatform (39)
[2017.08.22-04.13.43:735][769]LogModuleManager: Shutting down and abandoning module Android_DXTTargetPlatform (38)
[2017.08.22-04.13.43:735][769]LogModuleManager: Shutting down and abandoning module Android_ATCTargetPlatform (37)
[2017.08.22-04.13.43:735][769]LogModuleManager: Shutting down and abandoning module Android_ASTCTargetPlatform (36)
[2017.08.22-04.13.43:735][769]LogModuleManager: Shutting down and abandoning module AndroidTargetPlatform (35)
[2017.08.22-04.13.43:735][769]LogModuleManager: Shutting down and abandoning module WindowsTargetPlatform (34)
[2017.08.22-04.13.43:735][769]LogModuleManager: Shutting down and abandoning module WindowsServerTargetPlatform (33)
[2017.08.22-04.13.43:740][769]LogModuleManager: Shutting down and abandoning module WindowsNoEditorTargetPlatform (32)
[2017.08.22-04.13.43:741][769]LogModuleManager: Shutting down and abandoning module WindowsClientTargetPlatform (31)
[2017.08.22-04.13.43:741][769]LogModuleManager: Shutting down and abandoning module MacTargetPlatform (30)
[2017.08.22-04.13.43:741][769]LogModuleManager: Shutting down and abandoning module MacServerTargetPlatform (29)
[2017.08.22-04.13.43:741][769]LogModuleManager: Shutting down and abandoning module MacNoEditorTargetPlatform (28)
[2017.08.22-04.13.43:741][769]LogModuleManager: Shutting down and abandoning module MacClientTargetPlatform (27)
[2017.08.22-04.13.43:741][769]LogModuleManager: Shutting down and abandoning module AllDesktopTargetPlatform (26)
[2017.08.22-04.13.43:741][769]LogModuleManager: Shutting down and abandoning module TargetPlatform (25)
[2017.08.22-04.13.43:741][769]LogModuleManager: Shutting down and abandoning module InputCore (24)
[2017.08.22-04.13.43:741][769]LogModuleManager: Shutting down and abandoning module Settings (23)
[2017.08.22-04.13.43:741][769]LogModuleManager: Shutting down and abandoning module OculusRift (22)
[2017.08.22-04.13.43:742][769]LogModuleManager: Shutting down and abandoning module ExampleDeviceProfileSelector (21)
[2017.08.22-04.13.43:742][769]LogModuleManager: Shutting down and abandoning module OnlineBlueprintSupport (20)
[2017.08.22-04.13.43:742][769]LogModuleManager: Shutting down and abandoning module OnlineSubsystem (18)
[2017.08.22-04.13.43:742][769]LogOnline:Display: Unloading online subsystem: NULL
[2017.08.22-04.13.43:747][769]LogModuleManager: Shutting down and abandoning module SSL (17)
[2017.08.22-04.13.43:749][769]LogModuleManager: Shutting down and abandoning module HTTP (16)
[2017.08.22-04.13.43:749][769]LogModuleManager: Shutting down and abandoning module XMPP (15)
[2017.08.22-04.13.43:764][769]LogModuleManager: Shutting down and abandoning module TextureCompressor (14)
[2017.08.22-04.13.43:764][769]LogModuleManager: Shutting down and abandoning module ShaderCore (13)
[2017.08.22-04.13.43:764][769]LogModuleManager: Shutting down and abandoning module Landscape (12)
[2017.08.22-04.13.43:764][769]LogModuleManager: Shutting down and abandoning module SlateRHIRenderer (11)
[2017.08.22-04.13.43:772][769]LogModuleManager: Shutting down and abandoning module OpenGLDrv (10)
[2017.08.22-04.13.43:783][769]LogModuleManager: Shutting down and abandoning module D3D11RHI (9)
[2017.08.22-04.13.43:783][769]LogModuleManager: Shutting down and abandoning module AnimGraphRuntime (8)
[2017.08.22-04.13.43:783][769]LogModuleManager: Shutting down and abandoning module Renderer (7)
[2017.08.22-04.13.43:783][769]LogModuleManager: Shutting down and abandoning module Engine (6)
[2017.08.22-04.13.43:783][769]LogModuleManager: Shutting down and abandoning module CoreUObject (5)
[2017.08.22-04.13.43:783][769]LogModuleManager: Shutting down and abandoning module NetworkFile (4)
[2017.08.22-04.13.43:784][769]LogModuleManager: Shutting down and abandoning module StreamingFile (3)
[2017.08.22-04.13.43:784][769]LogModuleManager: Shutting down and abandoning module SandboxFile (2)
[2017.08.22-04.13.43:784][769]LogModuleManager: Shutting down and abandoning module PakFile (1)
[2017.08.22-04.13.43:787][769]LogExit: Exiting.
[2017.08.22-04.13.43:796][769]Log file closed, 08/22/17 16:13:43
